                                      1 ;--------------------------------------------------------
                                      2 ; File Created by SDCC : free open source ANSI-C Compiler
                                      3 ; Version 4.1.6 #12539 (Linux)
                                      4 ;--------------------------------------------------------
                                      5 	.module aero
                                      6 	.optsdcc -mgbz80
                                      7 	
                                      8 ;--------------------------------------------------------
                                      9 ; Public variables in this module
                                     10 ;--------------------------------------------------------
                                     11 	.globl _aero
                                     12 ;--------------------------------------------------------
                                     13 ; special function registers
                                     14 ;--------------------------------------------------------
                                     15 ;--------------------------------------------------------
                                     16 ; ram data
                                     17 ;--------------------------------------------------------
                                     18 	.area _DATA
                                     19 ;--------------------------------------------------------
                                     20 ; ram data
                                     21 ;--------------------------------------------------------
                                     22 	.area _INITIALIZED
                                     23 ;--------------------------------------------------------
                                     24 ; absolute external ram data
                                     25 ;--------------------------------------------------------
                                     26 	.area _DABS (ABS)
                                     27 ;--------------------------------------------------------
                                     28 ; global & static initialisations
                                     29 ;--------------------------------------------------------
                                     30 	.area _HOME
                                     31 	.area _GSINIT
                                     32 	.area _GSFINAL
                                     33 	.area _GSINIT
                                     34 ;--------------------------------------------------------
                                     35 ; Home
                                     36 ;--------------------------------------------------------
                                     37 	.area _HOME
                                     38 	.area _HOME
                                     39 ;--------------------------------------------------------
                                     40 ; code
                                     41 ;--------------------------------------------------------
                                     42 	.area _CODE_2
                                     43 	.area _CODE_2
      000000                         44 _aero:
      000000 FF                      45 	.db #0xff	; 255
      000001 FF                      46 	.db #0xff	; 255
      000002 FF                      47 	.db #0xff	; 255
      000003 FF                      48 	.db #0xff	; 255
      000004 FF                      49 	.db #0xff	; 255
      000005 F3                      50 	.db #0xf3	; 243
      000006 FF                      51 	.db #0xff	; 255
      000007 F1                      52 	.db #0xf1	; 241
      000008 FF                      53 	.db #0xff	; 255
      000009 F7                      54 	.db #0xf7	; 247
      00000A FF                      55 	.db #0xff	; 255
      00000B F7                      56 	.db #0xf7	; 247
      00000C FF                      57 	.db #0xff	; 255
      00000D C7                      58 	.db #0xc7	; 199
      00000E FF                      59 	.db #0xff	; 255
      00000F C7                      60 	.db #0xc7	; 199
      000010 FF                      61 	.db #0xff	; 255
      000011 FF                      62 	.db #0xff	; 255
      000012 FF                      63 	.db #0xff	; 255
      000013 FF                      64 	.db #0xff	; 255
      000014 FF                      65 	.db #0xff	; 255
      000015 F7                      66 	.db #0xf7	; 247
      000016 FF                      67 	.db #0xff	; 255
      000017 F3                      68 	.db #0xf3	; 243
      000018 FF                      69 	.db #0xff	; 255
      000019 F1                      70 	.db #0xf1	; 241
      00001A FF                      71 	.db #0xff	; 255
      00001B F3                      72 	.db #0xf3	; 243
      00001C FF                      73 	.db #0xff	; 255
      00001D F7                      74 	.db #0xf7	; 247
      00001E FF                      75 	.db #0xff	; 255
      00001F FF                      76 	.db #0xff	; 255
      000020 FF                      77 	.db #0xff	; 255
      000021 FF                      78 	.db #0xff	; 255
      000022 FF                      79 	.db #0xff	; 255
      000023 FF                      80 	.db #0xff	; 255
      000024 FF                      81 	.db #0xff	; 255
      000025 FF                      82 	.db #0xff	; 255
      000026 FF                      83 	.db #0xff	; 255
      000027 FF                      84 	.db #0xff	; 255
      000028 FF                      85 	.db #0xff	; 255
      000029 FF                      86 	.db #0xff	; 255
      00002A FF                      87 	.db #0xff	; 255
      00002B FF                      88 	.db #0xff	; 255
      00002C FF                      89 	.db #0xff	; 255
      00002D FF                      90 	.db #0xff	; 255
      00002E FF                      91 	.db #0xff	; 255
      00002F FF                      92 	.db #0xff	; 255
      000030 FF                      93 	.db #0xff	; 255
      000031 FF                      94 	.db #0xff	; 255
      000032 FF                      95 	.db #0xff	; 255
      000033 C1                      96 	.db #0xc1	; 193
      000034 FF                      97 	.db #0xff	; 255
      000035 80                      98 	.db #0x80	; 128
      000036 FF                      99 	.db #0xff	; 255
      000037 9C                     100 	.db #0x9c	; 156
      000038 FF                     101 	.db #0xff	; 255
      000039 9C                     102 	.db #0x9c	; 156
      00003A FF                     103 	.db #0xff	; 255
      00003B 9C                     104 	.db #0x9c	; 156
      00003C FF                     105 	.db #0xff	; 255
      00003D 80                     106 	.db #0x80	; 128
      00003E FF                     107 	.db #0xff	; 255
      00003F C1                     108 	.db #0xc1	; 193
      000040 FF                     109 	.db #0xff	; 255
      000041 FF                     110 	.db #0xff	; 255
      000042 FF                     111 	.db #0xff	; 255
      000043 E3                     112 	.db #0xe3	; 227
      000044 FF                     113 	.db #0xff	; 255
      000045 83                     114 	.db #0x83	; 131
      000046 FF                     115 	.db #0xff	; 255
      000047 83                     116 	.db #0x83	; 131
      000048 FF                     117 	.db #0xff	; 255
      000049 E3                     118 	.db #0xe3	; 227
      00004A FF                     119 	.db #0xff	; 255
      00004B E3                     120 	.db #0xe3	; 227
      00004C FF                     121 	.db #0xff	; 255
      00004D E3                     122 	.db #0xe3	; 227
      00004E FF                     123 	.db #0xff	; 255
      00004F E3                     124 	.db #0xe3	; 227
      000050 FF                     125 	.db #0xff	; 255
      000051 FF                     126 	.db #0xff	; 255
      000052 FF                     127 	.db #0xff	; 255
      000053 81                     128 	.db #0x81	; 129
      000054 FF                     129 	.db #0xff	; 255
      000055 80                     130 	.db #0x80	; 128
      000056 FF                     131 	.db #0xff	; 255
      000057 FC                     132 	.db #0xfc	; 252
      000058 FF                     133 	.db #0xff	; 255
      000059 C0                     134 	.db #0xc0	; 192
      00005A FF                     135 	.db #0xff	; 255
      00005B 8F                     136 	.db #0x8f	; 143
      00005C FF                     137 	.db #0xff	; 255
      00005D 80                     138 	.db #0x80	; 128
      00005E FF                     139 	.db #0xff	; 255
      00005F 80                     140 	.db #0x80	; 128
      000060 FF                     141 	.db #0xff	; 255
      000061 FF                     142 	.db #0xff	; 255
      000062 FF                     143 	.db #0xff	; 255
      000063 81                     144 	.db #0x81	; 129
      000064 FF                     145 	.db #0xff	; 255
      000065 80                     146 	.db #0x80	; 128
      000066 FF                     147 	.db #0xff	; 255
      000067 F8                     148 	.db #0xf8	; 248
      000068 FF                     149 	.db #0xff	; 255
      000069 C1                     150 	.db #0xc1	; 193
      00006A FF                     151 	.db #0xff	; 255
      00006B F8                     152 	.db #0xf8	; 248
      00006C FF                     153 	.db #0xff	; 255
      00006D 80                     154 	.db #0x80	; 128
      00006E FF                     155 	.db #0xff	; 255
      00006F 81                     156 	.db #0x81	; 129
      000070 FF                     157 	.db #0xff	; 255
      000071 FF                     158 	.db #0xff	; 255
      000072 FF                     159 	.db #0xff	; 255
      000073 F1                     160 	.db #0xf1	; 241
      000074 FF                     161 	.db #0xff	; 255
      000075 E1                     162 	.db #0xe1	; 225
      000076 FF                     163 	.db #0xff	; 255
      000077 C9                     164 	.db #0xc9	; 201
      000078 FF                     165 	.db #0xff	; 255
      000079 99                     166 	.db #0x99	; 153
      00007A FF                     167 	.db #0xff	; 255
      00007B 80                     168 	.db #0x80	; 128
      00007C FF                     169 	.db #0xff	; 255
      00007D 80                     170 	.db #0x80	; 128
      00007E FF                     171 	.db #0xff	; 255
      00007F F1                     172 	.db #0xf1	; 241
      000080 FF                     173 	.db #0xff	; 255
      000081 FF                     174 	.db #0xff	; 255
      000082 FF                     175 	.db #0xff	; 255
      000083 80                     176 	.db #0x80	; 128
      000084 FF                     177 	.db #0xff	; 255
      000085 80                     178 	.db #0x80	; 128
      000086 FF                     179 	.db #0xff	; 255
      000087 8F                     180 	.db #0x8f	; 143
      000088 FF                     181 	.db #0xff	; 255
      000089 81                     182 	.db #0x81	; 129
      00008A FF                     183 	.db #0xff	; 255
      00008B F8                     184 	.db #0xf8	; 248
      00008C FF                     185 	.db #0xff	; 255
      00008D 80                     186 	.db #0x80	; 128
      00008E FF                     187 	.db #0xff	; 255
      00008F 81                     188 	.db #0x81	; 129
      000090 FF                     189 	.db #0xff	; 255
      000091 FF                     190 	.db #0xff	; 255
      000092 FF                     191 	.db #0xff	; 255
      000093 E0                     192 	.db #0xe0	; 224
      000094 FF                     193 	.db #0xff	; 255
      000095 C0                     194 	.db #0xc0	; 192
      000096 FF                     195 	.db #0xff	; 255
      000097 8F                     196 	.db #0x8f	; 143
      000098 FF                     197 	.db #0xff	; 255
      000099 81                     198 	.db #0x81	; 129
      00009A FF                     199 	.db #0xff	; 255
      00009B 9C                     200 	.db #0x9c	; 156
      00009C FF                     201 	.db #0xff	; 255
      00009D 80                     202 	.db #0x80	; 128
      00009E FF                     203 	.db #0xff	; 255
      00009F C1                     204 	.db #0xc1	; 193
      0000A0 FF                     205 	.db #0xff	; 255
      0000A1 FF                     206 	.db #0xff	; 255
      0000A2 FF                     207 	.db #0xff	; 255
      0000A3 80                     208 	.db #0x80	; 128
      0000A4 FF                     209 	.db #0xff	; 255
      0000A5 80                     210 	.db #0x80	; 128
      0000A6 FF                     211 	.db #0xff	; 255
      0000A7 F8                     212 	.db #0xf8	; 248
      0000A8 FF                     213 	.db #0xff	; 255
      0000A9 F1                     214 	.db #0xf1	; 241
      0000AA FF                     215 	.db #0xff	; 255
      0000AB E3                     216 	.db #0xe3	; 227
      0000AC FF                     217 	.db #0xff	; 255
      0000AD E3                     218 	.db #0xe3	; 227
      0000AE FF                     219 	.db #0xff	; 255
      0000AF E3                     220 	.db #0xe3	; 227
      0000B0 FF                     221 	.db #0xff	; 255
      0000B1 FF                     222 	.db #0xff	; 255
      0000B2 FF                     223 	.db #0xff	; 255
      0000B3 C1                     224 	.db #0xc1	; 193
      0000B4 FF                     225 	.db #0xff	; 255
      0000B5 80                     226 	.db #0x80	; 128
      0000B6 FF                     227 	.db #0xff	; 255
      0000B7 9C                     228 	.db #0x9c	; 156
      0000B8 FF                     229 	.db #0xff	; 255
      0000B9 C1                     230 	.db #0xc1	; 193
      0000BA FF                     231 	.db #0xff	; 255
      0000BB 9C                     232 	.db #0x9c	; 156
      0000BC FF                     233 	.db #0xff	; 255
      0000BD 80                     234 	.db #0x80	; 128
      0000BE FF                     235 	.db #0xff	; 255
      0000BF C1                     236 	.db #0xc1	; 193
      0000C0 FF                     237 	.db #0xff	; 255
      0000C1 FF                     238 	.db #0xff	; 255
      0000C2 FF                     239 	.db #0xff	; 255
      0000C3 C1                     240 	.db #0xc1	; 193
      0000C4 FF                     241 	.db #0xff	; 255
      0000C5 80                     242 	.db #0x80	; 128
      0000C6 FF                     243 	.db #0xff	; 255
      0000C7 9C                     244 	.db #0x9c	; 156
      0000C8 FF                     245 	.db #0xff	; 255
      0000C9 C0                     246 	.db #0xc0	; 192
      0000CA FF                     247 	.db #0xff	; 255
      0000CB F8                     248 	.db #0xf8	; 248
      0000CC FF                     249 	.db #0xff	; 255
      0000CD C0                     250 	.db #0xc0	; 192
      0000CE FF                     251 	.db #0xff	; 255
      0000CF C1                     252 	.db #0xc1	; 193
      0000D0 FF                     253 	.db #0xff	; 255
      0000D1 FF                     254 	.db #0xff	; 255
      0000D2 FF                     255 	.db #0xff	; 255
      0000D3 E1                     256 	.db #0xe1	; 225
      0000D4 FF                     257 	.db #0xff	; 255
      0000D5 C0                     258 	.db #0xc0	; 192
      0000D6 FF                     259 	.db #0xff	; 255
      0000D7 9C                     260 	.db #0x9c	; 156
      0000D8 FF                     261 	.db #0xff	; 255
      0000D9 80                     262 	.db #0x80	; 128
      0000DA FF                     263 	.db #0xff	; 255
      0000DB 80                     264 	.db #0x80	; 128
      0000DC FF                     265 	.db #0xff	; 255
      0000DD 9C                     266 	.db #0x9c	; 156
      0000DE FF                     267 	.db #0xff	; 255
      0000DF 9C                     268 	.db #0x9c	; 156
      0000E0 FF                     269 	.db #0xff	; 255
      0000E1 FF                     270 	.db #0xff	; 255
      0000E2 FF                     271 	.db #0xff	; 255
      0000E3 81                     272 	.db #0x81	; 129
      0000E4 FF                     273 	.db #0xff	; 255
      0000E5 80                     274 	.db #0x80	; 128
      0000E6 FF                     275 	.db #0xff	; 255
      0000E7 9C                     276 	.db #0x9c	; 156
      0000E8 FF                     277 	.db #0xff	; 255
      0000E9 81                     278 	.db #0x81	; 129
      0000EA FF                     279 	.db #0xff	; 255
      0000EB 9C                     280 	.db #0x9c	; 156
      0000EC FF                     281 	.db #0xff	; 255
      0000ED 80                     282 	.db #0x80	; 128
      0000EE FF                     283 	.db #0xff	; 255
      0000EF 81                     284 	.db #0x81	; 129
      0000F0 FF                     285 	.db #0xff	; 255
      0000F1 FF                     286 	.db #0xff	; 255
      0000F2 FF                     287 	.db #0xff	; 255
      0000F3 E0                     288 	.db #0xe0	; 224
      0000F4 FF                     289 	.db #0xff	; 255
      0000F5 C0                     290 	.db #0xc0	; 192
      0000F6 FF                     291 	.db #0xff	; 255
      0000F7 9F                     292 	.db #0x9f	; 159
      0000F8 FF                     293 	.db #0xff	; 255
      0000F9 9F                     294 	.db #0x9f	; 159
      0000FA FF                     295 	.db #0xff	; 255
      0000FB 9F                     296 	.db #0x9f	; 159
      0000FC FF                     297 	.db #0xff	; 255
      0000FD 80                     298 	.db #0x80	; 128
      0000FE FF                     299 	.db #0xff	; 255
      0000FF C0                     300 	.db #0xc0	; 192
      000100 FF                     301 	.db #0xff	; 255
      000101 FF                     302 	.db #0xff	; 255
      000102 FF                     303 	.db #0xff	; 255
      000103 83                     304 	.db #0x83	; 131
      000104 FF                     305 	.db #0xff	; 255
      000105 81                     306 	.db #0x81	; 129
      000106 FF                     307 	.db #0xff	; 255
      000107 9C                     308 	.db #0x9c	; 156
      000108 FF                     309 	.db #0xff	; 255
      000109 9C                     310 	.db #0x9c	; 156
      00010A FF                     311 	.db #0xff	; 255
      00010B 9C                     312 	.db #0x9c	; 156
      00010C FF                     313 	.db #0xff	; 255
      00010D 80                     314 	.db #0x80	; 128
      00010E FF                     315 	.db #0xff	; 255
      00010F 81                     316 	.db #0x81	; 129
      000110 FF                     317 	.db #0xff	; 255
      000111 FF                     318 	.db #0xff	; 255
      000112 FF                     319 	.db #0xff	; 255
      000113 C0                     320 	.db #0xc0	; 192
      000114 FF                     321 	.db #0xff	; 255
      000115 80                     322 	.db #0x80	; 128
      000116 FF                     323 	.db #0xff	; 255
      000117 9F                     324 	.db #0x9f	; 159
      000118 FF                     325 	.db #0xff	; 255
      000119 81                     326 	.db #0x81	; 129
      00011A FF                     327 	.db #0xff	; 255
      00011B 9F                     328 	.db #0x9f	; 159
      00011C FF                     329 	.db #0xff	; 255
      00011D 80                     330 	.db #0x80	; 128
      00011E FF                     331 	.db #0xff	; 255
      00011F C0                     332 	.db #0xc0	; 192
      000120 FF                     333 	.db #0xff	; 255
      000121 FF                     334 	.db #0xff	; 255
      000122 FF                     335 	.db #0xff	; 255
      000123 C0                     336 	.db #0xc0	; 192
      000124 FF                     337 	.db #0xff	; 255
      000125 80                     338 	.db #0x80	; 128
      000126 FF                     339 	.db #0xff	; 255
      000127 9F                     340 	.db #0x9f	; 159
      000128 FF                     341 	.db #0xff	; 255
      000129 81                     342 	.db #0x81	; 129
      00012A FF                     343 	.db #0xff	; 255
      00012B 81                     344 	.db #0x81	; 129
      00012C FF                     345 	.db #0xff	; 255
      00012D 9F                     346 	.db #0x9f	; 159
      00012E FF                     347 	.db #0xff	; 255
      00012F 9F                     348 	.db #0x9f	; 159
      000130 FF                     349 	.db #0xff	; 255
      000131 FF                     350 	.db #0xff	; 255
      000132 FF                     351 	.db #0xff	; 255
      000133 C0                     352 	.db #0xc0	; 192
      000134 FF                     353 	.db #0xff	; 255
      000135 80                     354 	.db #0x80	; 128
      000136 FF                     355 	.db #0xff	; 255
      000137 9F                     356 	.db #0x9f	; 159
      000138 FF                     357 	.db #0xff	; 255
      000139 90                     358 	.db #0x90	; 144
      00013A FF                     359 	.db #0xff	; 255
      00013B 9C                     360 	.db #0x9c	; 156
      00013C FF                     361 	.db #0xff	; 255
      00013D 80                     362 	.db #0x80	; 128
      00013E FF                     363 	.db #0xff	; 255
      00013F C0                     364 	.db #0xc0	; 192
      000140 FF                     365 	.db #0xff	; 255
      000141 FF                     366 	.db #0xff	; 255
      000142 FF                     367 	.db #0xff	; 255
      000143 9C                     368 	.db #0x9c	; 156
      000144 FF                     369 	.db #0xff	; 255
      000145 9C                     370 	.db #0x9c	; 156
      000146 FF                     371 	.db #0xff	; 255
      000147 80                     372 	.db #0x80	; 128
      000148 FF                     373 	.db #0xff	; 255
      000149 80                     374 	.db #0x80	; 128
      00014A FF                     375 	.db #0xff	; 255
      00014B 9C                     376 	.db #0x9c	; 156
      00014C FF                     377 	.db #0xff	; 255
      00014D 9C                     378 	.db #0x9c	; 156
      00014E FF                     379 	.db #0xff	; 255
      00014F 9C                     380 	.db #0x9c	; 156
      000150 FF                     381 	.db #0xff	; 255
      000151 FF                     382 	.db #0xff	; 255
      000152 FF                     383 	.db #0xff	; 255
      000153 E3                     384 	.db #0xe3	; 227
      000154 FF                     385 	.db #0xff	; 255
      000155 E3                     386 	.db #0xe3	; 227
      000156 FF                     387 	.db #0xff	; 255
      000157 E3                     388 	.db #0xe3	; 227
      000158 FF                     389 	.db #0xff	; 255
      000159 E3                     390 	.db #0xe3	; 227
      00015A FF                     391 	.db #0xff	; 255
      00015B E3                     392 	.db #0xe3	; 227
      00015C FF                     393 	.db #0xff	; 255
      00015D E3                     394 	.db #0xe3	; 227
      00015E FF                     395 	.db #0xff	; 255
      00015F E3                     396 	.db #0xe3	; 227
      000160 FF                     397 	.db #0xff	; 255
      000161 FF                     398 	.db #0xff	; 255
      000162 FF                     399 	.db #0xff	; 255
      000163 FC                     400 	.db #0xfc	; 252
      000164 FF                     401 	.db #0xff	; 255
      000165 FC                     402 	.db #0xfc	; 252
      000166 FF                     403 	.db #0xff	; 255
      000167 FC                     404 	.db #0xfc	; 252
      000168 FF                     405 	.db #0xff	; 255
      000169 9C                     406 	.db #0x9c	; 156
      00016A FF                     407 	.db #0xff	; 255
      00016B 9C                     408 	.db #0x9c	; 156
      00016C FF                     409 	.db #0xff	; 255
      00016D 80                     410 	.db #0x80	; 128
      00016E FF                     411 	.db #0xff	; 255
      00016F C1                     412 	.db #0xc1	; 193
      000170 FF                     413 	.db #0xff	; 255
      000171 FF                     414 	.db #0xff	; 255
      000172 FF                     415 	.db #0xff	; 255
      000173 9C                     416 	.db #0x9c	; 156
      000174 FF                     417 	.db #0xff	; 255
      000175 98                     418 	.db #0x98	; 152
      000176 FF                     419 	.db #0xff	; 255
      000177 91                     420 	.db #0x91	; 145
      000178 FF                     421 	.db #0xff	; 255
      000179 83                     422 	.db #0x83	; 131
      00017A FF                     423 	.db #0xff	; 255
      00017B 91                     424 	.db #0x91	; 145
      00017C FF                     425 	.db #0xff	; 255
      00017D 98                     426 	.db #0x98	; 152
      00017E FF                     427 	.db #0xff	; 255
      00017F 9C                     428 	.db #0x9c	; 156
      000180 FF                     429 	.db #0xff	; 255
      000181 FF                     430 	.db #0xff	; 255
      000182 FF                     431 	.db #0xff	; 255
      000183 9F                     432 	.db #0x9f	; 159
      000184 FF                     433 	.db #0xff	; 255
      000185 9F                     434 	.db #0x9f	; 159
      000186 FF                     435 	.db #0xff	; 255
      000187 9F                     436 	.db #0x9f	; 159
      000188 FF                     437 	.db #0xff	; 255
      000189 9F                     438 	.db #0x9f	; 159
      00018A FF                     439 	.db #0xff	; 255
      00018B 9F                     440 	.db #0x9f	; 159
      00018C FF                     441 	.db #0xff	; 255
      00018D 80                     442 	.db #0x80	; 128
      00018E FF                     443 	.db #0xff	; 255
      00018F 80                     444 	.db #0x80	; 128
      000190 FF                     445 	.db #0xff	; 255
      000191 FF                     446 	.db #0xff	; 255
      000192 FF                     447 	.db #0xff	; 255
      000193 9C                     448 	.db #0x9c	; 156
      000194 FF                     449 	.db #0xff	; 255
      000195 88                     450 	.db #0x88	; 136
      000196 FF                     451 	.db #0xff	; 255
      000197 80                     452 	.db #0x80	; 128
      000198 FF                     453 	.db #0xff	; 255
      000199 80                     454 	.db #0x80	; 128
      00019A FF                     455 	.db #0xff	; 255
      00019B 94                     456 	.db #0x94	; 148
      00019C FF                     457 	.db #0xff	; 255
      00019D 9C                     458 	.db #0x9c	; 156
      00019E FF                     459 	.db #0xff	; 255
      00019F 9C                     460 	.db #0x9c	; 156
      0001A0 FF                     461 	.db #0xff	; 255
      0001A1 FF                     462 	.db #0xff	; 255
      0001A2 FF                     463 	.db #0xff	; 255
      0001A3 8C                     464 	.db #0x8c	; 140
      0001A4 FF                     465 	.db #0xff	; 255
      0001A5 84                     466 	.db #0x84	; 132
      0001A6 FF                     467 	.db #0xff	; 255
      0001A7 80                     468 	.db #0x80	; 128
      0001A8 FF                     469 	.db #0xff	; 255
      0001A9 90                     470 	.db #0x90	; 144
      0001AA FF                     471 	.db #0xff	; 255
      0001AB 98                     472 	.db #0x98	; 152
      0001AC FF                     473 	.db #0xff	; 255
      0001AD 9C                     474 	.db #0x9c	; 156
      0001AE FF                     475 	.db #0xff	; 255
      0001AF 9C                     476 	.db #0x9c	; 156
      0001B0 FF                     477 	.db #0xff	; 255
      0001B1 FF                     478 	.db #0xff	; 255
      0001B2 FF                     479 	.db #0xff	; 255
      0001B3 C1                     480 	.db #0xc1	; 193
      0001B4 FF                     481 	.db #0xff	; 255
      0001B5 80                     482 	.db #0x80	; 128
      0001B6 FF                     483 	.db #0xff	; 255
      0001B7 9C                     484 	.db #0x9c	; 156
      0001B8 FF                     485 	.db #0xff	; 255
      0001B9 9C                     486 	.db #0x9c	; 156
      0001BA FF                     487 	.db #0xff	; 255
      0001BB 9C                     488 	.db #0x9c	; 156
      0001BC FF                     489 	.db #0xff	; 255
      0001BD 80                     490 	.db #0x80	; 128
      0001BE FF                     491 	.db #0xff	; 255
      0001BF C1                     492 	.db #0xc1	; 193
      0001C0 FF                     493 	.db #0xff	; 255
      0001C1 FF                     494 	.db #0xff	; 255
      0001C2 FF                     495 	.db #0xff	; 255
      0001C3 81                     496 	.db #0x81	; 129
      0001C4 FF                     497 	.db #0xff	; 255
      0001C5 80                     498 	.db #0x80	; 128
      0001C6 FF                     499 	.db #0xff	; 255
      0001C7 9C                     500 	.db #0x9c	; 156
      0001C8 FF                     501 	.db #0xff	; 255
      0001C9 80                     502 	.db #0x80	; 128
      0001CA FF                     503 	.db #0xff	; 255
      0001CB 81                     504 	.db #0x81	; 129
      0001CC FF                     505 	.db #0xff	; 255
      0001CD 9F                     506 	.db #0x9f	; 159
      0001CE FF                     507 	.db #0xff	; 255
      0001CF 9F                     508 	.db #0x9f	; 159
      0001D0 FF                     509 	.db #0xff	; 255
      0001D1 FF                     510 	.db #0xff	; 255
      0001D2 FF                     511 	.db #0xff	; 255
      0001D3 C1                     512 	.db #0xc1	; 193
      0001D4 FF                     513 	.db #0xff	; 255
      0001D5 80                     514 	.db #0x80	; 128
      0001D6 FF                     515 	.db #0xff	; 255
      0001D7 9C                     516 	.db #0x9c	; 156
      0001D8 FF                     517 	.db #0xff	; 255
      0001D9 9C                     518 	.db #0x9c	; 156
      0001DA FF                     519 	.db #0xff	; 255
      0001DB 81                     520 	.db #0x81	; 129
      0001DC FF                     521 	.db #0xff	; 255
      0001DD 8C                     522 	.db #0x8c	; 140
      0001DE FF                     523 	.db #0xff	; 255
      0001DF C2                     524 	.db #0xc2	; 194
      0001E0 FF                     525 	.db #0xff	; 255
      0001E1 FF                     526 	.db #0xff	; 255
      0001E2 FF                     527 	.db #0xff	; 255
      0001E3 81                     528 	.db #0x81	; 129
      0001E4 FF                     529 	.db #0xff	; 255
      0001E5 80                     530 	.db #0x80	; 128
      0001E6 FF                     531 	.db #0xff	; 255
      0001E7 9C                     532 	.db #0x9c	; 156
      0001E8 FF                     533 	.db #0xff	; 255
      0001E9 80                     534 	.db #0x80	; 128
      0001EA FF                     535 	.db #0xff	; 255
      0001EB 81                     536 	.db #0x81	; 129
      0001EC FF                     537 	.db #0xff	; 255
      0001ED 98                     538 	.db #0x98	; 152
      0001EE FF                     539 	.db #0xff	; 255
      0001EF 9C                     540 	.db #0x9c	; 156
      0001F0 FF                     541 	.db #0xff	; 255
      0001F1 FF                     542 	.db #0xff	; 255
      0001F2 FF                     543 	.db #0xff	; 255
      0001F3 C1                     544 	.db #0xc1	; 193
      0001F4 FF                     545 	.db #0xff	; 255
      0001F5 81                     546 	.db #0x81	; 129
      0001F6 FF                     547 	.db #0xff	; 255
      0001F7 8F                     548 	.db #0x8f	; 143
      0001F8 FF                     549 	.db #0xff	; 255
      0001F9 C1                     550 	.db #0xc1	; 193
      0001FA FF                     551 	.db #0xff	; 255
      0001FB F8                     552 	.db #0xf8	; 248
      0001FC FF                     553 	.db #0xff	; 255
      0001FD 80                     554 	.db #0x80	; 128
      0001FE FF                     555 	.db #0xff	; 255
      0001FF 81                     556 	.db #0x81	; 129
      000200 FF                     557 	.db #0xff	; 255
      000201 FF                     558 	.db #0xff	; 255
      000202 FF                     559 	.db #0xff	; 255
      000203 80                     560 	.db #0x80	; 128
      000204 FF                     561 	.db #0xff	; 255
      000205 80                     562 	.db #0x80	; 128
      000206 FF                     563 	.db #0xff	; 255
      000207 E3                     564 	.db #0xe3	; 227
      000208 FF                     565 	.db #0xff	; 255
      000209 E3                     566 	.db #0xe3	; 227
      00020A FF                     567 	.db #0xff	; 255
      00020B E3                     568 	.db #0xe3	; 227
      00020C FF                     569 	.db #0xff	; 255
      00020D E3                     570 	.db #0xe3	; 227
      00020E FF                     571 	.db #0xff	; 255
      00020F E3                     572 	.db #0xe3	; 227
      000210 FF                     573 	.db #0xff	; 255
      000211 FF                     574 	.db #0xff	; 255
      000212 FF                     575 	.db #0xff	; 255
      000213 9C                     576 	.db #0x9c	; 156
      000214 FF                     577 	.db #0xff	; 255
      000215 9C                     578 	.db #0x9c	; 156
      000216 FF                     579 	.db #0xff	; 255
      000217 9C                     580 	.db #0x9c	; 156
      000218 FF                     581 	.db #0xff	; 255
      000219 9C                     582 	.db #0x9c	; 156
      00021A FF                     583 	.db #0xff	; 255
      00021B 9C                     584 	.db #0x9c	; 156
      00021C FF                     585 	.db #0xff	; 255
      00021D 80                     586 	.db #0x80	; 128
      00021E FF                     587 	.db #0xff	; 255
      00021F C1                     588 	.db #0xc1	; 193
      000220 FF                     589 	.db #0xff	; 255
      000221 FF                     590 	.db #0xff	; 255
      000222 FF                     591 	.db #0xff	; 255
      000223 9C                     592 	.db #0x9c	; 156
      000224 FF                     593 	.db #0xff	; 255
      000225 9C                     594 	.db #0x9c	; 156
      000226 FF                     595 	.db #0xff	; 255
      000227 9C                     596 	.db #0x9c	; 156
      000228 FF                     597 	.db #0xff	; 255
      000229 88                     598 	.db #0x88	; 136
      00022A FF                     599 	.db #0xff	; 255
      00022B 81                     600 	.db #0x81	; 129
      00022C FF                     601 	.db #0xff	; 255
      00022D C3                     602 	.db #0xc3	; 195
      00022E FF                     603 	.db #0xff	; 255
      00022F E7                     604 	.db #0xe7	; 231
      000230 FF                     605 	.db #0xff	; 255
      000231 FF                     606 	.db #0xff	; 255
      000232 FF                     607 	.db #0xff	; 255
      000233 94                     608 	.db #0x94	; 148
      000234 FF                     609 	.db #0xff	; 255
      000235 94                     610 	.db #0x94	; 148
      000236 FF                     611 	.db #0xff	; 255
      000237 94                     612 	.db #0x94	; 148
      000238 FF                     613 	.db #0xff	; 255
      000239 94                     614 	.db #0x94	; 148
      00023A FF                     615 	.db #0xff	; 255
      00023B 94                     616 	.db #0x94	; 148
      00023C FF                     617 	.db #0xff	; 255
      00023D 80                     618 	.db #0x80	; 128
      00023E FF                     619 	.db #0xff	; 255
      00023F C0                     620 	.db #0xc0	; 192
      000240 FF                     621 	.db #0xff	; 255
      000241 FF                     622 	.db #0xff	; 255
      000242 FF                     623 	.db #0xff	; 255
      000243 9C                     624 	.db #0x9c	; 156
      000244 FF                     625 	.db #0xff	; 255
      000245 88                     626 	.db #0x88	; 136
      000246 FF                     627 	.db #0xff	; 255
      000247 C1                     628 	.db #0xc1	; 193
      000248 FF                     629 	.db #0xff	; 255
      000249 E3                     630 	.db #0xe3	; 227
      00024A FF                     631 	.db #0xff	; 255
      00024B C1                     632 	.db #0xc1	; 193
      00024C FF                     633 	.db #0xff	; 255
      00024D 88                     634 	.db #0x88	; 136
      00024E FF                     635 	.db #0xff	; 255
      00024F 9C                     636 	.db #0x9c	; 156
      000250 FF                     637 	.db #0xff	; 255
      000251 FF                     638 	.db #0xff	; 255
      000252 FF                     639 	.db #0xff	; 255
      000253 9C                     640 	.db #0x9c	; 156
      000254 FF                     641 	.db #0xff	; 255
      000255 9C                     642 	.db #0x9c	; 156
      000256 FF                     643 	.db #0xff	; 255
      000257 88                     644 	.db #0x88	; 136
      000258 FF                     645 	.db #0xff	; 255
      000259 C1                     646 	.db #0xc1	; 193
      00025A FF                     647 	.db #0xff	; 255
      00025B E3                     648 	.db #0xe3	; 227
      00025C FF                     649 	.db #0xff	; 255
      00025D E3                     650 	.db #0xe3	; 227
      00025E FF                     651 	.db #0xff	; 255
      00025F E3                     652 	.db #0xe3	; 227
      000260 FF                     653 	.db #0xff	; 255
      000261 FF                     654 	.db #0xff	; 255
      000262 FF                     655 	.db #0xff	; 255
      000263 80                     656 	.db #0x80	; 128
      000264 FF                     657 	.db #0xff	; 255
      000265 80                     658 	.db #0x80	; 128
      000266 FF                     659 	.db #0xff	; 255
      000267 F1                     660 	.db #0xf1	; 241
      000268 FF                     661 	.db #0xff	; 255
      000269 E3                     662 	.db #0xe3	; 227
      00026A FF                     663 	.db #0xff	; 255
      00026B C7                     664 	.db #0xc7	; 199
      00026C FF                     665 	.db #0xff	; 255
      00026D 80                     666 	.db #0x80	; 128
      00026E FF                     667 	.db #0xff	; 255
      00026F 80                     668 	.db #0x80	; 128
      000270 FF                     669 	.db #0xff	; 255
      000271 FF                     670 	.db #0xff	; 255
      000272 FF                     671 	.db #0xff	; 255
      000273 FF                     672 	.db #0xff	; 255
      000274 FF                     673 	.db #0xff	; 255
      000275 FF                     674 	.db #0xff	; 255
      000276 FF                     675 	.db #0xff	; 255
      000277 FF                     676 	.db #0xff	; 255
      000278 FF                     677 	.db #0xff	; 255
      000279 83                     678 	.db #0x83	; 131
      00027A FF                     679 	.db #0xff	; 255
      00027B 83                     680 	.db #0x83	; 131
      00027C FF                     681 	.db #0xff	; 255
      00027D FF                     682 	.db #0xff	; 255
      00027E FF                     683 	.db #0xff	; 255
      00027F FF                     684 	.db #0xff	; 255
      000280 FF                     685 	.db #0xff	; 255
      000281 FF                     686 	.db #0xff	; 255
      000282 FF                     687 	.db #0xff	; 255
      000283 FF                     688 	.db #0xff	; 255
      000284 FF                     689 	.db #0xff	; 255
      000285 EB                     690 	.db #0xeb	; 235
      000286 FF                     691 	.db #0xff	; 255
      000287 E0                     692 	.db #0xe0	; 224
      000288 FF                     693 	.db #0xff	; 255
      000289 8B                     694 	.db #0x8b	; 139
      00028A FF                     695 	.db #0xff	; 255
      00028B E8                     696 	.db #0xe8	; 232
      00028C FF                     697 	.db #0xff	; 255
      00028D 83                     698 	.db #0x83	; 131
      00028E FF                     699 	.db #0xff	; 255
      00028F EB                     700 	.db #0xeb	; 235
      000290 FF                     701 	.db #0xff	; 255
      000291 FF                     702 	.db #0xff	; 255
      000292 FF                     703 	.db #0xff	; 255
      000293 C1                     704 	.db #0xc1	; 193
      000294 FF                     705 	.db #0xff	; 255
      000295 9C                     706 	.db #0x9c	; 156
      000296 FF                     707 	.db #0xff	; 255
      000297 FC                     708 	.db #0xfc	; 252
      000298 FF                     709 	.db #0xff	; 255
      000299 F9                     710 	.db #0xf9	; 249
      00029A FF                     711 	.db #0xff	; 255
      00029B F3                     712 	.db #0xf3	; 243
      00029C FF                     713 	.db #0xff	; 255
      00029D FF                     714 	.db #0xff	; 255
      00029E FF                     715 	.db #0xff	; 255
      00029F F3                     716 	.db #0xf3	; 243
      0002A0 FF                     717 	.db #0xff	; 255
      0002A1 FF                     718 	.db #0xff	; 255
      0002A2 FF                     719 	.db #0xff	; 255
      0002A3 C7                     720 	.db #0xc7	; 199
      0002A4 FF                     721 	.db #0xff	; 255
      0002A5 C7                     722 	.db #0xc7	; 199
      0002A6 FF                     723 	.db #0xff	; 255
      0002A7 C7                     724 	.db #0xc7	; 199
      0002A8 FF                     725 	.db #0xff	; 255
      0002A9 CF                     726 	.db #0xcf	; 207
      0002AA FF                     727 	.db #0xff	; 255
      0002AB CF                     728 	.db #0xcf	; 207
      0002AC FF                     729 	.db #0xff	; 255
      0002AD FF                     730 	.db #0xff	; 255
      0002AE FF                     731 	.db #0xff	; 255
      0002AF CF                     732 	.db #0xcf	; 207
      0002B0 FF                     733 	.db #0xff	; 255
      0002B1 FF                     734 	.db #0xff	; 255
      0002B2 FF                     735 	.db #0xff	; 255
      0002B3 C1                     736 	.db #0xc1	; 193
      0002B4 FF                     737 	.db #0xff	; 255
      0002B5 BE                     738 	.db #0xbe	; 190
      0002B6 FF                     739 	.db #0xff	; 255
      0002B7 A2                     740 	.db #0xa2	; 162
      0002B8 FF                     741 	.db #0xff	; 255
      0002B9 AE                     742 	.db #0xae	; 174
      0002BA FF                     743 	.db #0xff	; 255
      0002BB A2                     744 	.db #0xa2	; 162
      0002BC FF                     745 	.db #0xff	; 255
      0002BD BE                     746 	.db #0xbe	; 190
      0002BE FF                     747 	.db #0xff	; 255
      0002BF C1                     748 	.db #0xc1	; 193
      0002C0 FF                     749 	.db #0xff	; 255
      0002C1 E3                     750 	.db #0xe3	; 227
      0002C2 FF                     751 	.db #0xff	; 255
      0002C3 E3                     752 	.db #0xe3	; 227
      0002C4 FF                     753 	.db #0xff	; 255
      0002C5 C1                     754 	.db #0xc1	; 193
      0002C6 FF                     755 	.db #0xff	; 255
      0002C7 C1                     756 	.db #0xc1	; 193
      0002C8 FF                     757 	.db #0xff	; 255
      0002C9 80                     758 	.db #0x80	; 128
      0002CA FF                     759 	.db #0xff	; 255
      0002CB 80                     760 	.db #0x80	; 128
      0002CC FF                     761 	.db #0xff	; 255
      0002CD 80                     762 	.db #0x80	; 128
      0002CE FF                     763 	.db #0xff	; 255
      0002CF F7                     764 	.db #0xf7	; 247
      0002D0 FF                     765 	.db #0xff	; 255
      0002D1 FF                     766 	.db #0xff	; 255
      0002D2 FF                     767 	.db #0xff	; 255
      0002D3 FF                     768 	.db #0xff	; 255
      0002D4 FF                     769 	.db #0xff	; 255
      0002D5 FF                     770 	.db #0xff	; 255
      0002D6 FF                     771 	.db #0xff	; 255
      0002D7 FF                     772 	.db #0xff	; 255
      0002D8 FF                     773 	.db #0xff	; 255
      0002D9 FF                     774 	.db #0xff	; 255
      0002DA FF                     775 	.db #0xff	; 255
      0002DB 9F                     776 	.db #0x9f	; 159
      0002DC FF                     777 	.db #0xff	; 255
      0002DD 9F                     778 	.db #0x9f	; 159
      0002DE FF                     779 	.db #0xff	; 255
      0002DF BF                     780 	.db #0xbf	; 191
      0002E0 FF                     781 	.db #0xff	; 255
      0002E1 FF                     782 	.db #0xff	; 255
      0002E2 FF                     783 	.db #0xff	; 255
      0002E3 FF                     784 	.db #0xff	; 255
      0002E4 FF                     785 	.db #0xff	; 255
      0002E5 FF                     786 	.db #0xff	; 255
      0002E6 FF                     787 	.db #0xff	; 255
      0002E7 FF                     788 	.db #0xff	; 255
      0002E8 FF                     789 	.db #0xff	; 255
      0002E9 FF                     790 	.db #0xff	; 255
      0002EA FF                     791 	.db #0xff	; 255
      0002EB 9F                     792 	.db #0x9f	; 159
      0002EC FF                     793 	.db #0xff	; 255
      0002ED 9F                     794 	.db #0x9f	; 159
      0002EE FF                     795 	.db #0xff	; 255
      0002EF FF                     796 	.db #0xff	; 255
      0002F0 FF                     797 	.db #0xff	; 255
      0002F1 FF                     798 	.db #0xff	; 255
      0002F2 FF                     799 	.db #0xff	; 255
      0002F3 FF                     800 	.db #0xff	; 255
      0002F4 FF                     801 	.db #0xff	; 255
      0002F5 E7                     802 	.db #0xe7	; 231
      0002F6 FF                     803 	.db #0xff	; 255
      0002F7 E7                     804 	.db #0xe7	; 231
      0002F8 FF                     805 	.db #0xff	; 255
      0002F9 FF                     806 	.db #0xff	; 255
      0002FA FF                     807 	.db #0xff	; 255
      0002FB E7                     808 	.db #0xe7	; 231
      0002FC FF                     809 	.db #0xff	; 255
      0002FD E7                     810 	.db #0xe7	; 231
      0002FE FF                     811 	.db #0xff	; 255
      0002FF FF                     812 	.db #0xff	; 255
      000300 FF                     813 	.db #0xff	; 255
      000301 FF                     814 	.db #0xff	; 255
      000302 FF                     815 	.db #0xff	; 255
      000303 FF                     816 	.db #0xff	; 255
      000304 FF                     817 	.db #0xff	; 255
      000305 FF                     818 	.db #0xff	; 255
      000306 FF                     819 	.db #0xff	; 255
      000307 C3                     820 	.db #0xc3	; 195
      000308 FF                     821 	.db #0xff	; 255
      000309 FF                     822 	.db #0xff	; 255
      00030A FF                     823 	.db #0xff	; 255
      00030B FF                     824 	.db #0xff	; 255
      00030C FF                     825 	.db #0xff	; 255
      00030D C3                     826 	.db #0xc3	; 195
      00030E FF                     827 	.db #0xff	; 255
      00030F FF                     828 	.db #0xff	; 255
      000310 FF                     829 	.db #0xff	; 255
      000311 FF                     830 	.db #0xff	; 255
      000312 FF                     831 	.db #0xff	; 255
      000313 7E                     832 	.db #0x7e	; 126
      000314 FF                     833 	.db #0xff	; 255
      000315 BE                     834 	.db #0xbe	; 190
      000316 FF                     835 	.db #0xff	; 255
      000317 DE                     836 	.db #0xde	; 222
      000318 FF                     837 	.db #0xff	; 255
      000319 EE                     838 	.db #0xee	; 238
      00031A FF                     839 	.db #0xff	; 255
      00031B F6                     840 	.db #0xf6	; 246
      00031C FF                     841 	.db #0xff	; 255
      00031D FA                     842 	.db #0xfa	; 250
      00031E FF                     843 	.db #0xff	; 255
      00031F FC                     844 	.db #0xfc	; 252
      000320 FF                     845 	.db #0xff	; 255
      000321 FF                     846 	.db #0xff	; 255
      000322 FF                     847 	.db #0xff	; 255
      000323 FC                     848 	.db #0xfc	; 252
      000324 FF                     849 	.db #0xff	; 255
      000325 FA                     850 	.db #0xfa	; 250
      000326 FF                     851 	.db #0xff	; 255
      000327 F6                     852 	.db #0xf6	; 246
      000328 FF                     853 	.db #0xff	; 255
      000329 EE                     854 	.db #0xee	; 238
      00032A FF                     855 	.db #0xff	; 255
      00032B DE                     856 	.db #0xde	; 222
      00032C FF                     857 	.db #0xff	; 255
      00032D BE                     858 	.db #0xbe	; 190
      00032E FF                     859 	.db #0xff	; 255
      00032F 7E                     860 	.db #0x7e	; 126
      000330 FF                     861 	.db #0xff	; 255
      000331 FF                     862 	.db #0xff	; 255
      000332 FF                     863 	.db #0xff	; 255
      000333 9F                     864 	.db #0x9f	; 159
      000334 FF                     865 	.db #0xff	; 255
      000335 9F                     866 	.db #0x9f	; 159
      000336 FF                     867 	.db #0xff	; 255
      000337 9F                     868 	.db #0x9f	; 159
      000338 FF                     869 	.db #0xff	; 255
      000339 9F                     870 	.db #0x9f	; 159
      00033A FF                     871 	.db #0xff	; 255
      00033B 9F                     872 	.db #0x9f	; 159
      00033C FF                     873 	.db #0xff	; 255
      00033D 80                     874 	.db #0x80	; 128
      00033E FF                     875 	.db #0xff	; 255
      00033F 80                     876 	.db #0x80	; 128
      000340 FF                     877 	.db #0xff	; 255
      000341 FF                     878 	.db #0xff	; 255
      000342 FF                     879 	.db #0xff	; 255
      000343 81                     880 	.db #0x81	; 129
      000344 FF                     881 	.db #0xff	; 255
      000345 80                     882 	.db #0x80	; 128
      000346 FF                     883 	.db #0xff	; 255
      000347 9C                     884 	.db #0x9c	; 156
      000348 FF                     885 	.db #0xff	; 255
      000349 80                     886 	.db #0x80	; 128
      00034A FF                     887 	.db #0xff	; 255
      00034B 81                     888 	.db #0x81	; 129
      00034C FF                     889 	.db #0xff	; 255
      00034D 98                     890 	.db #0x98	; 152
      00034E FF                     891 	.db #0xff	; 255
      00034F 9C                     892 	.db #0x9c	; 156
      000350 FF                     893 	.db #0xff	; 255
      000351 FF                     894 	.db #0xff	; 255
      000352 FF                     895 	.db #0xff	; 255
      000353 FF                     896 	.db #0xff	; 255
      000354 FF                     897 	.db #0xff	; 255
      000355 DA                     898 	.db #0xda	; 218
      000356 FF                     899 	.db #0xff	; 255
      000357 AA                     900 	.db #0xaa	; 170
      000358 FF                     901 	.db #0xff	; 255
      000359 A9                     902 	.db #0xa9	; 169
      00035A FF                     903 	.db #0xff	; 255
      00035B AA                     904 	.db #0xaa	; 170
      00035C FF                     905 	.db #0xff	; 255
      00035D DA                     906 	.db #0xda	; 218
      00035E FF                     907 	.db #0xff	; 255
      00035F FF                     908 	.db #0xff	; 255
      000360 FF                     909 	.db #0xff	; 255
      000361 FF                     910 	.db #0xff	; 255
      000362 FF                     911 	.db #0xff	; 255
      000363 FF                     912 	.db #0xff	; 255
      000364 FF                     913 	.db #0xff	; 255
      000365 EF                     914 	.db #0xef	; 239
      000366 FF                     915 	.db #0xff	; 255
      000367 C1                     916 	.db #0xc1	; 193
      000368 FF                     917 	.db #0xff	; 255
      000369 81                     918 	.db #0x81	; 129
      00036A FF                     919 	.db #0xff	; 255
      00036B C1                     920 	.db #0xc1	; 193
      00036C FF                     921 	.db #0xff	; 255
      00036D EF                     922 	.db #0xef	; 239
      00036E FF                     923 	.db #0xff	; 255
      00036F FF                     924 	.db #0xff	; 255
      000370 FF                     925 	.db #0xff	; 255
      000371 FD                     926 	.db #0xfd	; 253
      000372 FF                     927 	.db #0xff	; 255
      000373 FA                     928 	.db #0xfa	; 250
      000374 FF                     929 	.db #0xff	; 255
      000375 FA                     930 	.db #0xfa	; 250
      000376 FF                     931 	.db #0xff	; 255
      000377 77                     932 	.db #0x77	; 119	'w'
      000378 FF                     933 	.db #0xff	; 255
      000379 77                     934 	.db #0x77	; 119	'w'
      00037A FF                     935 	.db #0xff	; 255
      00037B AF                     936 	.db #0xaf	; 175
      00037C FF                     937 	.db #0xff	; 255
      00037D AF                     938 	.db #0xaf	; 175
      00037E FF                     939 	.db #0xff	; 255
      00037F DF                     940 	.db #0xdf	; 223
      000380 FF                     941 	.db #0xff	; 255
      000381 DF                     942 	.db #0xdf	; 223
      000382 FF                     943 	.db #0xff	; 255
      000383 AF                     944 	.db #0xaf	; 175
      000384 FF                     945 	.db #0xff	; 255
      000385 AF                     946 	.db #0xaf	; 175
      000386 FF                     947 	.db #0xff	; 255
      000387 77                     948 	.db #0x77	; 119	'w'
      000388 FF                     949 	.db #0xff	; 255
      000389 77                     950 	.db #0x77	; 119	'w'
      00038A FF                     951 	.db #0xff	; 255
      00038B FA                     952 	.db #0xfa	; 250
      00038C FF                     953 	.db #0xff	; 255
      00038D FA                     954 	.db #0xfa	; 250
      00038E FF                     955 	.db #0xff	; 255
      00038F FD                     956 	.db #0xfd	; 253
      000390 FF                     957 	.db #0xff	; 255
      000391 FF                     958 	.db #0xff	; 255
      000392 FF                     959 	.db #0xff	; 255
      000393 E0                     960 	.db #0xe0	; 224
      000394 FF                     961 	.db #0xff	; 255
      000395 EE                     962 	.db #0xee	; 238
      000396 FF                     963 	.db #0xff	; 255
      000397 EE                     964 	.db #0xee	; 238
      000398 FF                     965 	.db #0xff	; 255
      000399 EE                     966 	.db #0xee	; 238
      00039A FF                     967 	.db #0xff	; 255
      00039B EE                     968 	.db #0xee	; 238
      00039C FF                     969 	.db #0xff	; 255
      00039D EE                     970 	.db #0xee	; 238
      00039E FF                     971 	.db #0xff	; 255
      00039F 0E                     972 	.db #0x0e	; 14
      0003A0 FF                     973 	.db #0xff	; 255
      0003A1 FF                     974 	.db #0xff	; 255
      0003A2 FF                     975 	.db #0xff	; 255
      0003A3 0E                     976 	.db #0x0e	; 14
      0003A4 FF                     977 	.db #0xff	; 255
      0003A5 EE                     978 	.db #0xee	; 238
      0003A6 FF                     979 	.db #0xff	; 255
      0003A7 EE                     980 	.db #0xee	; 238
      0003A8 FF                     981 	.db #0xff	; 255
      0003A9 EE                     982 	.db #0xee	; 238
      0003AA FF                     983 	.db #0xff	; 255
      0003AB EE                     984 	.db #0xee	; 238
      0003AC FF                     985 	.db #0xff	; 255
      0003AD EE                     986 	.db #0xee	; 238
      0003AE FF                     987 	.db #0xff	; 255
      0003AF E0                     988 	.db #0xe0	; 224
      0003B0 FF                     989 	.db #0xff	; 255
      0003B1 FF                     990 	.db #0xff	; 255
      0003B2 FF                     991 	.db #0xff	; 255
      0003B3 FF                     992 	.db #0xff	; 255
      0003B4 FF                     993 	.db #0xff	; 255
      0003B5 EF                     994 	.db #0xef	; 239
      0003B6 FF                     995 	.db #0xff	; 255
      0003B7 EF                     996 	.db #0xef	; 239
      0003B8 FF                     997 	.db #0xff	; 255
      0003B9 83                     998 	.db #0x83	; 131
      0003BA FF                     999 	.db #0xff	; 255
      0003BB EF                    1000 	.db #0xef	; 239
      0003BC FF                    1001 	.db #0xff	; 255
      0003BD EF                    1002 	.db #0xef	; 239
      0003BE FF                    1003 	.db #0xff	; 255
      0003BF FF                    1004 	.db #0xff	; 255
      0003C0 FF                    1005 	.db #0xff	; 255
      0003C1 FF                    1006 	.db #0xff	; 255
      0003C2 FF                    1007 	.db #0xff	; 255
      0003C3 F9                    1008 	.db #0xf9	; 249
      0003C4 FF                    1009 	.db #0xff	; 255
      0003C5 F7                    1010 	.db #0xf7	; 247
      0003C6 FF                    1011 	.db #0xff	; 255
      0003C7 EF                    1012 	.db #0xef	; 239
      0003C8 FF                    1013 	.db #0xff	; 255
      0003C9 EF                    1014 	.db #0xef	; 239
      0003CA FF                    1015 	.db #0xff	; 255
      0003CB EF                    1016 	.db #0xef	; 239
      0003CC FF                    1017 	.db #0xff	; 255
      0003CD F7                    1018 	.db #0xf7	; 247
      0003CE FF                    1019 	.db #0xff	; 255
      0003CF F9                    1020 	.db #0xf9	; 249
      0003D0 FF                    1021 	.db #0xff	; 255
      0003D1 FF                    1022 	.db #0xff	; 255
      0003D2 FF                    1023 	.db #0xff	; 255
      0003D3 1F                    1024 	.db #0x1f	; 31
      0003D4 FF                    1025 	.db #0xff	; 255
      0003D5 5F                    1026 	.db #0x5f	; 95
      0003D6 FF                    1027 	.db #0xff	; 255
      0003D7 5F                    1028 	.db #0x5f	; 95
      0003D8 FF                    1029 	.db #0xff	; 255
      0003D9 5F                    1030 	.db #0x5f	; 95
      0003DA FF                    1031 	.db #0xff	; 255
      0003DB 5F                    1032 	.db #0x5f	; 95
      0003DC FF                    1033 	.db #0xff	; 255
      0003DD 5F                    1034 	.db #0x5f	; 95
      0003DE FF                    1035 	.db #0xff	; 255
      0003DF 40                    1036 	.db #0x40	; 64
      0003E0 FF                    1037 	.db #0xff	; 255
      0003E1 FF                    1038 	.db #0xff	; 255
      0003E2 FF                    1039 	.db #0xff	; 255
      0003E3 07                    1040 	.db #0x07	; 7
      0003E4 FF                    1041 	.db #0xff	; 255
      0003E5 77                    1042 	.db #0x77	; 119	'w'
      0003E6 FF                    1043 	.db #0xff	; 255
      0003E7 77                    1044 	.db #0x77	; 119	'w'
      0003E8 FF                    1045 	.db #0xff	; 255
      0003E9 77                    1046 	.db #0x77	; 119	'w'
      0003EA FF                    1047 	.db #0xff	; 255
      0003EB 77                    1048 	.db #0x77	; 119	'w'
      0003EC FF                    1049 	.db #0xff	; 255
      0003ED 77                    1050 	.db #0x77	; 119	'w'
      0003EE FF                    1051 	.db #0xff	; 255
      0003EF 70                    1052 	.db #0x70	; 112	'p'
      0003F0 FF                    1053 	.db #0xff	; 255
      0003F1 FF                    1054 	.db #0xff	; 255
      0003F2 FF                    1055 	.db #0xff	; 255
      0003F3 00                    1056 	.db #0x00	; 0
      0003F4 FF                    1057 	.db #0xff	; 255
      0003F5 7E                    1058 	.db #0x7e	; 126
      0003F6 FF                    1059 	.db #0xff	; 255
      0003F7 7E                    1060 	.db #0x7e	; 126
      0003F8 FF                    1061 	.db #0xff	; 255
      0003F9 7E                    1062 	.db #0x7e	; 126
      0003FA FF                    1063 	.db #0xff	; 255
      0003FB 7E                    1064 	.db #0x7e	; 126
      0003FC FF                    1065 	.db #0xff	; 255
      0003FD 7E                    1066 	.db #0x7e	; 126
      0003FE FF                    1067 	.db #0xff	; 255
      0003FF 7E                    1068 	.db #0x7e	; 126
      000400 FF                    1069 	.db #0xff	; 255
      000401 FF                    1070 	.db #0xff	; 255
      000402 FF                    1071 	.db #0xff	; 255
      000403 FF                    1072 	.db #0xff	; 255
      000404 FF                    1073 	.db #0xff	; 255
      000405 FF                    1074 	.db #0xff	; 255
      000406 FF                    1075 	.db #0xff	; 255
      000407 FF                    1076 	.db #0xff	; 255
      000408 FF                    1077 	.db #0xff	; 255
      000409 FF                    1078 	.db #0xff	; 255
      00040A FF                    1079 	.db #0xff	; 255
      00040B FF                    1080 	.db #0xff	; 255
      00040C FF                    1081 	.db #0xff	; 255
      00040D FF                    1082 	.db #0xff	; 255
      00040E FF                    1083 	.db #0xff	; 255
      00040F 00                    1084 	.db #0x00	; 0
      000410 FF                    1085 	.db #0xff	; 255
      000411 FF                    1086 	.db #0xff	; 255
      000412 FF                    1087 	.db #0xff	; 255
      000413 00                    1088 	.db #0x00	; 0
      000414 FF                    1089 	.db #0xff	; 255
      000415 7F                    1090 	.db #0x7f	; 127
      000416 FF                    1091 	.db #0xff	; 255
      000417 7F                    1092 	.db #0x7f	; 127
      000418 FF                    1093 	.db #0xff	; 255
      000419 7F                    1094 	.db #0x7f	; 127
      00041A FF                    1095 	.db #0xff	; 255
      00041B 7F                    1096 	.db #0x7f	; 127
      00041C FF                    1097 	.db #0xff	; 255
      00041D 7F                    1098 	.db #0x7f	; 127
      00041E FF                    1099 	.db #0xff	; 255
      00041F 7F                    1100 	.db #0x7f	; 127
      000420 FF                    1101 	.db #0xff	; 255
      000421 FF                    1102 	.db #0xff	; 255
      000422 FF                    1103 	.db #0xff	; 255
      000423 1F                    1104 	.db #0x1f	; 31
      000424 FF                    1105 	.db #0xff	; 255
      000425 DF                    1106 	.db #0xdf	; 223
      000426 FF                    1107 	.db #0xff	; 255
      000427 DF                    1108 	.db #0xdf	; 223
      000428 FF                    1109 	.db #0xff	; 255
      000429 DF                    1110 	.db #0xdf	; 223
      00042A FF                    1111 	.db #0xff	; 255
      00042B DF                    1112 	.db #0xdf	; 223
      00042C FF                    1113 	.db #0xff	; 255
      00042D DF                    1114 	.db #0xdf	; 223
      00042E FF                    1115 	.db #0xff	; 255
      00042F C0                    1116 	.db #0xc0	; 192
      000430 FF                    1117 	.db #0xff	; 255
      000431 FF                    1118 	.db #0xff	; 255
      000432 FF                    1119 	.db #0xff	; 255
      000433 CE                    1120 	.db #0xce	; 206
      000434 FF                    1121 	.db #0xff	; 255
      000435 B5                    1122 	.db #0xb5	; 181
      000436 FF                    1123 	.db #0xff	; 255
      000437 CB                    1124 	.db #0xcb	; 203
      000438 FF                    1125 	.db #0xff	; 255
      000439 F7                    1126 	.db #0xf7	; 247
      00043A FF                    1127 	.db #0xff	; 255
      00043B E9                    1128 	.db #0xe9	; 233
      00043C FF                    1129 	.db #0xff	; 255
      00043D D6                    1130 	.db #0xd6	; 214
      00043E FF                    1131 	.db #0xff	; 255
      00043F B9                    1132 	.db #0xb9	; 185
      000440 FF                    1133 	.db #0xff	; 255
      000441 FF                    1134 	.db #0xff	; 255
      000442 FF                    1135 	.db #0xff	; 255
      000443 9F                    1136 	.db #0x9f	; 159
      000444 FF                    1137 	.db #0xff	; 255
      000445 EF                    1138 	.db #0xef	; 239
      000446 FF                    1139 	.db #0xff	; 255
      000447 F7                    1140 	.db #0xf7	; 247
      000448 FF                    1141 	.db #0xff	; 255
      000449 F7                    1142 	.db #0xf7	; 247
      00044A FF                    1143 	.db #0xff	; 255
      00044B F7                    1144 	.db #0xf7	; 247
      00044C FF                    1145 	.db #0xff	; 255
      00044D EF                    1146 	.db #0xef	; 239
      00044E FF                    1147 	.db #0xff	; 255
      00044F 9F                    1148 	.db #0x9f	; 159
      000450 FF                    1149 	.db #0xff	; 255
      000451 FF                    1150 	.db #0xff	; 255
      000452 FF                    1151 	.db #0xff	; 255
      000453 FF                    1152 	.db #0xff	; 255
      000454 FF                    1153 	.db #0xff	; 255
      000455 F3                    1154 	.db #0xf3	; 243
      000456 FF                    1155 	.db #0xff	; 255
      000457 F3                    1156 	.db #0xf3	; 243
      000458 FF                    1157 	.db #0xff	; 255
      000459 FF                    1158 	.db #0xff	; 255
      00045A FF                    1159 	.db #0xff	; 255
      00045B F3                    1160 	.db #0xf3	; 243
      00045C FF                    1161 	.db #0xff	; 255
      00045D F3                    1162 	.db #0xf3	; 243
      00045E FF                    1163 	.db #0xff	; 255
      00045F F7                    1164 	.db #0xf7	; 247
      000460 FF                    1165 	.db #0xff	; 255
      000461 FF                    1166 	.db #0xff	; 255
      000462 FF                    1167 	.db #0xff	; 255
      000463 FC                    1168 	.db #0xfc	; 252
      000464 FF                    1169 	.db #0xff	; 255
      000465 F8                    1170 	.db #0xf8	; 248
      000466 FF                    1171 	.db #0xff	; 255
      000467 F1                    1172 	.db #0xf1	; 241
      000468 FF                    1173 	.db #0xff	; 255
      000469 E3                    1174 	.db #0xe3	; 227
      00046A FF                    1175 	.db #0xff	; 255
      00046B C7                    1176 	.db #0xc7	; 199
      00046C FF                    1177 	.db #0xff	; 255
      00046D 8F                    1178 	.db #0x8f	; 143
      00046E FF                    1179 	.db #0xff	; 255
      00046F 9F                    1180 	.db #0x9f	; 159
      000470 FF                    1181 	.db #0xff	; 255
      000471 00                    1182 	.db #0x00	; 0
      000472 FF                    1183 	.db #0xff	; 255
      000473 00                    1184 	.db #0x00	; 0
      000474 FF                    1185 	.db #0xff	; 255
      000475 00                    1186 	.db #0x00	; 0
      000476 FF                    1187 	.db #0xff	; 255
      000477 00                    1188 	.db #0x00	; 0
      000478 FF                    1189 	.db #0xff	; 255
      000479 00                    1190 	.db #0x00	; 0
      00047A FF                    1191 	.db #0xff	; 255
      00047B 00                    1192 	.db #0x00	; 0
      00047C FF                    1193 	.db #0xff	; 255
      00047D 00                    1194 	.db #0x00	; 0
      00047E FF                    1195 	.db #0xff	; 255
      00047F 00                    1196 	.db #0x00	; 0
                                   1197 	.area _INITIALIZER
                                   1198 	.area _CABS (ABS)
