                                      1 ;--------------------------------------------------------
                                      2 ; File Created by SDCC : free open source ANSI-C Compiler
                                      3 ; Version 4.1.6 #12539 (Linux)
                                      4 ;--------------------------------------------------------
                                      5 	.module title_map_v2
                                      6 	.optsdcc -mgbz80
                                      7 	
                                      8 ;--------------------------------------------------------
                                      9 ; Public variables in this module
                                     10 ;--------------------------------------------------------
                                     11 	.globl _title_map_v2
                                     12 ;--------------------------------------------------------
                                     13 ; special function registers
                                     14 ;--------------------------------------------------------
                                     15 ;--------------------------------------------------------
                                     16 ; ram data
                                     17 ;--------------------------------------------------------
                                     18 	.area _DATA
                                     19 ;--------------------------------------------------------
                                     20 ; ram data
                                     21 ;--------------------------------------------------------
                                     22 	.area _INITIALIZED
                                     23 ;--------------------------------------------------------
                                     24 ; absolute external ram data
                                     25 ;--------------------------------------------------------
                                     26 	.area _DABS (ABS)
                                     27 ;--------------------------------------------------------
                                     28 ; global & static initialisations
                                     29 ;--------------------------------------------------------
                                     30 	.area _HOME
                                     31 	.area _GSINIT
                                     32 	.area _GSFINAL
                                     33 	.area _GSINIT
                                     34 ;--------------------------------------------------------
                                     35 ; Home
                                     36 ;--------------------------------------------------------
                                     37 	.area _HOME
                                     38 	.area _HOME
                                     39 ;--------------------------------------------------------
                                     40 ; code
                                     41 ;--------------------------------------------------------
                                     42 	.area _CODE_2
                                     43 	.area _CODE_2
      000000                         44 _title_map_v2:
      000000 00                      45 	.db #0x00	; 0
      000001 00                      46 	.db #0x00	; 0
      000002 00                      47 	.db #0x00	; 0
      000003 00                      48 	.db #0x00	; 0
      000004 00                      49 	.db #0x00	; 0
      000005 00                      50 	.db #0x00	; 0
      000006 00                      51 	.db #0x00	; 0
      000007 00                      52 	.db #0x00	; 0
      000008 00                      53 	.db #0x00	; 0
      000009 00                      54 	.db #0x00	; 0
      00000A 00                      55 	.db #0x00	; 0
      00000B 00                      56 	.db #0x00	; 0
      00000C 00                      57 	.db #0x00	; 0
      00000D 00                      58 	.db #0x00	; 0
      00000E 00                      59 	.db #0x00	; 0
      00000F 00                      60 	.db #0x00	; 0
      000010 00                      61 	.db #0x00	; 0
      000011 00                      62 	.db #0x00	; 0
      000012 00                      63 	.db #0x00	; 0
      000013 00                      64 	.db #0x00	; 0
      000014 00                      65 	.db #0x00	; 0
      000015 00                      66 	.db #0x00	; 0
      000016 00                      67 	.db #0x00	; 0
      000017 00                      68 	.db #0x00	; 0
      000018 00                      69 	.db #0x00	; 0
      000019 00                      70 	.db #0x00	; 0
      00001A 00                      71 	.db #0x00	; 0
      00001B 00                      72 	.db #0x00	; 0
      00001C 00                      73 	.db #0x00	; 0
      00001D 00                      74 	.db #0x00	; 0
      00001E 00                      75 	.db #0x00	; 0
      00001F 00                      76 	.db #0x00	; 0
      000020 00                      77 	.db #0x00	; 0
      000021 00                      78 	.db #0x00	; 0
      000022 00                      79 	.db #0x00	; 0
      000023 00                      80 	.db #0x00	; 0
      000024 00                      81 	.db #0x00	; 0
      000025 00                      82 	.db #0x00	; 0
      000026 00                      83 	.db #0x00	; 0
      000027 00                      84 	.db #0x00	; 0
      000028 00                      85 	.db #0x00	; 0
      000029 00                      86 	.db #0x00	; 0
      00002A 00                      87 	.db #0x00	; 0
      00002B 00                      88 	.db #0x00	; 0
      00002C 00                      89 	.db #0x00	; 0
      00002D 00                      90 	.db #0x00	; 0
      00002E 00                      91 	.db #0x00	; 0
      00002F 00                      92 	.db #0x00	; 0
      000030 00                      93 	.db #0x00	; 0
      000031 00                      94 	.db #0x00	; 0
      000032 00                      95 	.db #0x00	; 0
      000033 00                      96 	.db #0x00	; 0
      000034 00                      97 	.db #0x00	; 0
      000035 00                      98 	.db #0x00	; 0
      000036 00                      99 	.db #0x00	; 0
      000037 00                     100 	.db #0x00	; 0
      000038 00                     101 	.db #0x00	; 0
      000039 00                     102 	.db #0x00	; 0
      00003A 00                     103 	.db #0x00	; 0
      00003B 00                     104 	.db #0x00	; 0
      00003C 00                     105 	.db #0x00	; 0
      00003D 00                     106 	.db #0x00	; 0
      00003E 00                     107 	.db #0x00	; 0
      00003F 00                     108 	.db #0x00	; 0
      000040 00                     109 	.db #0x00	; 0
      000041 00                     110 	.db #0x00	; 0
      000042 00                     111 	.db #0x00	; 0
      000043 00                     112 	.db #0x00	; 0
      000044 00                     113 	.db #0x00	; 0
      000045 00                     114 	.db #0x00	; 0
      000046 00                     115 	.db #0x00	; 0
      000047 00                     116 	.db #0x00	; 0
      000048 00                     117 	.db #0x00	; 0
      000049 00                     118 	.db #0x00	; 0
      00004A 00                     119 	.db #0x00	; 0
      00004B 00                     120 	.db #0x00	; 0
      00004C 00                     121 	.db #0x00	; 0
      00004D 00                     122 	.db #0x00	; 0
      00004E 00                     123 	.db #0x00	; 0
      00004F 00                     124 	.db #0x00	; 0
      000050 00                     125 	.db #0x00	; 0
      000051 00                     126 	.db #0x00	; 0
      000052 00                     127 	.db #0x00	; 0
      000053 00                     128 	.db #0x00	; 0
      000054 00                     129 	.db #0x00	; 0
      000055 00                     130 	.db #0x00	; 0
      000056 00                     131 	.db #0x00	; 0
      000057 00                     132 	.db #0x00	; 0
      000058 00                     133 	.db #0x00	; 0
      000059 00                     134 	.db #0x00	; 0
      00005A 00                     135 	.db #0x00	; 0
      00005B 00                     136 	.db #0x00	; 0
      00005C 00                     137 	.db #0x00	; 0
      00005D 00                     138 	.db #0x00	; 0
      00005E 00                     139 	.db #0x00	; 0
      00005F 00                     140 	.db #0x00	; 0
      000060 00                     141 	.db #0x00	; 0
      000061 00                     142 	.db #0x00	; 0
      000062 00                     143 	.db #0x00	; 0
      000063 00                     144 	.db #0x00	; 0
      000064 00                     145 	.db #0x00	; 0
      000065 00                     146 	.db #0x00	; 0
      000066 00                     147 	.db #0x00	; 0
      000067 00                     148 	.db #0x00	; 0
      000068 00                     149 	.db #0x00	; 0
      000069 00                     150 	.db #0x00	; 0
      00006A 00                     151 	.db #0x00	; 0
      00006B 00                     152 	.db #0x00	; 0
      00006C 00                     153 	.db #0x00	; 0
      00006D 00                     154 	.db #0x00	; 0
      00006E 00                     155 	.db #0x00	; 0
      00006F 00                     156 	.db #0x00	; 0
      000070 00                     157 	.db #0x00	; 0
      000071 00                     158 	.db #0x00	; 0
      000072 00                     159 	.db #0x00	; 0
      000073 00                     160 	.db #0x00	; 0
      000074 00                     161 	.db #0x00	; 0
      000075 00                     162 	.db #0x00	; 0
      000076 00                     163 	.db #0x00	; 0
      000077 00                     164 	.db #0x00	; 0
      000078 00                     165 	.db #0x00	; 0
      000079 00                     166 	.db #0x00	; 0
      00007A 00                     167 	.db #0x00	; 0
      00007B 00                     168 	.db #0x00	; 0
      00007C 00                     169 	.db #0x00	; 0
      00007D 00                     170 	.db #0x00	; 0
      00007E 00                     171 	.db #0x00	; 0
      00007F 00                     172 	.db #0x00	; 0
      000080 00                     173 	.db #0x00	; 0
      000081 00                     174 	.db #0x00	; 0
      000082 00                     175 	.db #0x00	; 0
      000083 00                     176 	.db #0x00	; 0
      000084 00                     177 	.db #0x00	; 0
      000085 00                     178 	.db #0x00	; 0
      000086 00                     179 	.db #0x00	; 0
      000087 00                     180 	.db #0x00	; 0
      000088 00                     181 	.db #0x00	; 0
      000089 00                     182 	.db #0x00	; 0
      00008A 00                     183 	.db #0x00	; 0
      00008B 00                     184 	.db #0x00	; 0
      00008C 00                     185 	.db #0x00	; 0
      00008D 00                     186 	.db #0x00	; 0
      00008E 00                     187 	.db #0x00	; 0
      00008F 00                     188 	.db #0x00	; 0
      000090 00                     189 	.db #0x00	; 0
      000091 00                     190 	.db #0x00	; 0
      000092 00                     191 	.db #0x00	; 0
      000093 00                     192 	.db #0x00	; 0
      000094 00                     193 	.db #0x00	; 0
      000095 00                     194 	.db #0x00	; 0
      000096 00                     195 	.db #0x00	; 0
      000097 00                     196 	.db #0x00	; 0
      000098 00                     197 	.db #0x00	; 0
      000099 00                     198 	.db #0x00	; 0
      00009A 00                     199 	.db #0x00	; 0
      00009B 00                     200 	.db #0x00	; 0
      00009C 00                     201 	.db #0x00	; 0
      00009D 00                     202 	.db #0x00	; 0
      00009E 00                     203 	.db #0x00	; 0
      00009F 00                     204 	.db #0x00	; 0
      0000A0 00                     205 	.db #0x00	; 0
      0000A1 00                     206 	.db #0x00	; 0
      0000A2 00                     207 	.db #0x00	; 0
      0000A3 00                     208 	.db #0x00	; 0
      0000A4 00                     209 	.db #0x00	; 0
      0000A5 00                     210 	.db #0x00	; 0
      0000A6 00                     211 	.db #0x00	; 0
      0000A7 00                     212 	.db #0x00	; 0
      0000A8 00                     213 	.db #0x00	; 0
      0000A9 00                     214 	.db #0x00	; 0
      0000AA 00                     215 	.db #0x00	; 0
      0000AB 00                     216 	.db #0x00	; 0
      0000AC 00                     217 	.db #0x00	; 0
      0000AD 00                     218 	.db #0x00	; 0
      0000AE 00                     219 	.db #0x00	; 0
      0000AF 00                     220 	.db #0x00	; 0
      0000B0 00                     221 	.db #0x00	; 0
      0000B1 00                     222 	.db #0x00	; 0
      0000B2 00                     223 	.db #0x00	; 0
      0000B3 00                     224 	.db #0x00	; 0
      0000B4 00                     225 	.db #0x00	; 0
      0000B5 00                     226 	.db #0x00	; 0
      0000B6 00                     227 	.db #0x00	; 0
      0000B7 00                     228 	.db #0x00	; 0
      0000B8 00                     229 	.db #0x00	; 0
      0000B9 00                     230 	.db #0x00	; 0
      0000BA 00                     231 	.db #0x00	; 0
      0000BB 00                     232 	.db #0x00	; 0
      0000BC 00                     233 	.db #0x00	; 0
      0000BD 00                     234 	.db #0x00	; 0
      0000BE 00                     235 	.db #0x00	; 0
      0000BF 00                     236 	.db #0x00	; 0
      0000C0 00                     237 	.db #0x00	; 0
      0000C1 00                     238 	.db #0x00	; 0
      0000C2 00                     239 	.db #0x00	; 0
      0000C3 00                     240 	.db #0x00	; 0
      0000C4 00                     241 	.db #0x00	; 0
      0000C5 00                     242 	.db #0x00	; 0
      0000C6 00                     243 	.db #0x00	; 0
      0000C7 00                     244 	.db #0x00	; 0
      0000C8 00                     245 	.db #0x00	; 0
      0000C9 00                     246 	.db #0x00	; 0
      0000CA 00                     247 	.db #0x00	; 0
      0000CB 00                     248 	.db #0x00	; 0
      0000CC 00                     249 	.db #0x00	; 0
      0000CD 00                     250 	.db #0x00	; 0
      0000CE 00                     251 	.db #0x00	; 0
      0000CF 00                     252 	.db #0x00	; 0
      0000D0 00                     253 	.db #0x00	; 0
      0000D1 00                     254 	.db #0x00	; 0
      0000D2 00                     255 	.db #0x00	; 0
      0000D3 00                     256 	.db #0x00	; 0
      0000D4 00                     257 	.db #0x00	; 0
      0000D5 00                     258 	.db #0x00	; 0
      0000D6 00                     259 	.db #0x00	; 0
      0000D7 00                     260 	.db #0x00	; 0
      0000D8 00                     261 	.db #0x00	; 0
      0000D9 00                     262 	.db #0x00	; 0
      0000DA 00                     263 	.db #0x00	; 0
      0000DB 00                     264 	.db #0x00	; 0
      0000DC 00                     265 	.db #0x00	; 0
      0000DD 00                     266 	.db #0x00	; 0
      0000DE 00                     267 	.db #0x00	; 0
      0000DF 00                     268 	.db #0x00	; 0
      0000E0 00                     269 	.db #0x00	; 0
      0000E1 00                     270 	.db #0x00	; 0
      0000E2 00                     271 	.db #0x00	; 0
      0000E3 00                     272 	.db #0x00	; 0
      0000E4 00                     273 	.db #0x00	; 0
      0000E5 00                     274 	.db #0x00	; 0
      0000E6 00                     275 	.db #0x00	; 0
      0000E7 00                     276 	.db #0x00	; 0
      0000E8 00                     277 	.db #0x00	; 0
      0000E9 00                     278 	.db #0x00	; 0
      0000EA 00                     279 	.db #0x00	; 0
      0000EB 00                     280 	.db #0x00	; 0
      0000EC 00                     281 	.db #0x00	; 0
      0000ED 00                     282 	.db #0x00	; 0
      0000EE 00                     283 	.db #0x00	; 0
      0000EF 00                     284 	.db #0x00	; 0
      0000F0 00                     285 	.db #0x00	; 0
      0000F1 00                     286 	.db #0x00	; 0
      0000F2 00                     287 	.db #0x00	; 0
      0000F3 00                     288 	.db #0x00	; 0
      0000F4 00                     289 	.db #0x00	; 0
      0000F5 00                     290 	.db #0x00	; 0
      0000F6 00                     291 	.db #0x00	; 0
      0000F7 00                     292 	.db #0x00	; 0
      0000F8 00                     293 	.db #0x00	; 0
      0000F9 00                     294 	.db #0x00	; 0
      0000FA 00                     295 	.db #0x00	; 0
      0000FB 00                     296 	.db #0x00	; 0
      0000FC 00                     297 	.db #0x00	; 0
      0000FD 00                     298 	.db #0x00	; 0
      0000FE 00                     299 	.db #0x00	; 0
      0000FF 00                     300 	.db #0x00	; 0
      000100 00                     301 	.db #0x00	; 0
      000101 00                     302 	.db #0x00	; 0
      000102 00                     303 	.db #0x00	; 0
      000103 00                     304 	.db #0x00	; 0
      000104 00                     305 	.db #0x00	; 0
      000105 00                     306 	.db #0x00	; 0
      000106 00                     307 	.db #0x00	; 0
      000107 00                     308 	.db #0x00	; 0
      000108 00                     309 	.db #0x00	; 0
      000109 00                     310 	.db #0x00	; 0
      00010A 00                     311 	.db #0x00	; 0
      00010B 00                     312 	.db #0x00	; 0
      00010C 00                     313 	.db #0x00	; 0
      00010D 00                     314 	.db #0x00	; 0
      00010E 00                     315 	.db #0x00	; 0
      00010F 00                     316 	.db #0x00	; 0
      000110 00                     317 	.db #0x00	; 0
      000111 00                     318 	.db #0x00	; 0
      000112 00                     319 	.db #0x00	; 0
      000113 00                     320 	.db #0x00	; 0
      000114 00                     321 	.db #0x00	; 0
      000115 00                     322 	.db #0x00	; 0
      000116 00                     323 	.db #0x00	; 0
      000117 00                     324 	.db #0x00	; 0
      000118 00                     325 	.db #0x00	; 0
      000119 00                     326 	.db #0x00	; 0
      00011A 00                     327 	.db #0x00	; 0
      00011B 00                     328 	.db #0x00	; 0
      00011C 00                     329 	.db #0x00	; 0
      00011D 00                     330 	.db #0x00	; 0
      00011E 00                     331 	.db #0x00	; 0
      00011F 00                     332 	.db #0x00	; 0
      000120 00                     333 	.db #0x00	; 0
      000121 00                     334 	.db #0x00	; 0
      000122 00                     335 	.db #0x00	; 0
      000123 00                     336 	.db #0x00	; 0
      000124 00                     337 	.db #0x00	; 0
      000125 00                     338 	.db #0x00	; 0
      000126 00                     339 	.db #0x00	; 0
      000127 00                     340 	.db #0x00	; 0
      000128 00                     341 	.db #0x00	; 0
      000129 00                     342 	.db #0x00	; 0
      00012A 00                     343 	.db #0x00	; 0
      00012B 00                     344 	.db #0x00	; 0
      00012C 00                     345 	.db #0x00	; 0
      00012D 00                     346 	.db #0x00	; 0
      00012E 00                     347 	.db #0x00	; 0
      00012F 00                     348 	.db #0x00	; 0
      000130 00                     349 	.db #0x00	; 0
      000131 00                     350 	.db #0x00	; 0
      000132 00                     351 	.db #0x00	; 0
      000133 03                     352 	.db #0x03	; 3
      000134 03                     353 	.db #0x03	; 3
      000135 03                     354 	.db #0x03	; 3
      000136 00                     355 	.db #0x00	; 0
      000137 00                     356 	.db #0x00	; 0
      000138 00                     357 	.db #0x00	; 0
      000139 00                     358 	.db #0x00	; 0
      00013A 00                     359 	.db #0x00	; 0
      00013B 00                     360 	.db #0x00	; 0
      00013C 00                     361 	.db #0x00	; 0
      00013D 03                     362 	.db #0x03	; 3
      00013E 03                     363 	.db #0x03	; 3
      00013F 03                     364 	.db #0x03	; 3
      000140 00                     365 	.db #0x00	; 0
      000141 00                     366 	.db #0x00	; 0
      000142 00                     367 	.db #0x00	; 0
      000143 00                     368 	.db #0x00	; 0
      000144 00                     369 	.db #0x00	; 0
      000145 00                     370 	.db #0x00	; 0
      000146 00                     371 	.db #0x00	; 0
      000147 03                     372 	.db #0x03	; 3
      000148 03                     373 	.db #0x03	; 3
      000149 03                     374 	.db #0x03	; 3
      00014A 00                     375 	.db #0x00	; 0
      00014B 00                     376 	.db #0x00	; 0
      00014C 00                     377 	.db #0x00	; 0
      00014D 00                     378 	.db #0x00	; 0
      00014E 00                     379 	.db #0x00	; 0
      00014F 00                     380 	.db #0x00	; 0
      000150 00                     381 	.db #0x00	; 0
      000151 03                     382 	.db #0x03	; 3
      000152 03                     383 	.db #0x03	; 3
      000153 03                     384 	.db #0x03	; 3
      000154 00                     385 	.db #0x00	; 0
      000155 00                     386 	.db #0x00	; 0
      000156 00                     387 	.db #0x00	; 0
      000157 00                     388 	.db #0x00	; 0
      000158 00                     389 	.db #0x00	; 0
      000159 00                     390 	.db #0x00	; 0
      00015A 00                     391 	.db #0x00	; 0
      00015B 03                     392 	.db #0x03	; 3
      00015C 03                     393 	.db #0x03	; 3
      00015D 03                     394 	.db #0x03	; 3
      00015E 00                     395 	.db #0x00	; 0
      00015F 00                     396 	.db #0x00	; 0
      000160 00                     397 	.db #0x00	; 0
      000161 00                     398 	.db #0x00	; 0
      000162 00                     399 	.db #0x00	; 0
      000163 00                     400 	.db #0x00	; 0
      000164 00                     401 	.db #0x00	; 0
      000165 03                     402 	.db #0x03	; 3
      000166 03                     403 	.db #0x03	; 3
      000167 03                     404 	.db #0x03	; 3
      000168 00                     405 	.db #0x00	; 0
      000169 00                     406 	.db #0x00	; 0
      00016A 03                     407 	.db #0x03	; 3
      00016B 03                     408 	.db #0x03	; 3
      00016C 03                     409 	.db #0x03	; 3
      00016D 00                     410 	.db #0x00	; 0
      00016E 00                     411 	.db #0x00	; 0
      00016F 03                     412 	.db #0x03	; 3
      000170 03                     413 	.db #0x03	; 3
      000171 03                     414 	.db #0x03	; 3
      000172 00                     415 	.db #0x00	; 0
      000173 00                     416 	.db #0x00	; 0
      000174 03                     417 	.db #0x03	; 3
      000175 03                     418 	.db #0x03	; 3
      000176 03                     419 	.db #0x03	; 3
      000177 00                     420 	.db #0x00	; 0
      000178 00                     421 	.db #0x00	; 0
      000179 03                     422 	.db #0x03	; 3
      00017A 03                     423 	.db #0x03	; 3
      00017B 03                     424 	.db #0x03	; 3
      00017C 00                     425 	.db #0x00	; 0
      00017D 00                     426 	.db #0x00	; 0
      00017E 03                     427 	.db #0x03	; 3
      00017F 03                     428 	.db #0x03	; 3
      000180 03                     429 	.db #0x03	; 3
      000181 00                     430 	.db #0x00	; 0
      000182 00                     431 	.db #0x00	; 0
      000183 03                     432 	.db #0x03	; 3
      000184 03                     433 	.db #0x03	; 3
      000185 03                     434 	.db #0x03	; 3
      000186 00                     435 	.db #0x00	; 0
      000187 00                     436 	.db #0x00	; 0
      000188 03                     437 	.db #0x03	; 3
      000189 03                     438 	.db #0x03	; 3
      00018A 03                     439 	.db #0x03	; 3
      00018B 00                     440 	.db #0x00	; 0
      00018C 00                     441 	.db #0x00	; 0
      00018D 03                     442 	.db #0x03	; 3
      00018E 03                     443 	.db #0x03	; 3
      00018F 03                     444 	.db #0x03	; 3
      000190 00                     445 	.db #0x00	; 0
      000191 00                     446 	.db #0x00	; 0
      000192 03                     447 	.db #0x03	; 3
      000193 03                     448 	.db #0x03	; 3
      000194 03                     449 	.db #0x03	; 3
      000195 00                     450 	.db #0x00	; 0
      000196 00                     451 	.db #0x00	; 0
      000197 03                     452 	.db #0x03	; 3
      000198 03                     453 	.db #0x03	; 3
      000199 03                     454 	.db #0x03	; 3
      00019A 00                     455 	.db #0x00	; 0
      00019B 00                     456 	.db #0x00	; 0
      00019C 03                     457 	.db #0x03	; 3
      00019D 03                     458 	.db #0x03	; 3
      00019E 03                     459 	.db #0x03	; 3
      00019F 00                     460 	.db #0x00	; 0
      0001A0 00                     461 	.db #0x00	; 0
      0001A1 03                     462 	.db #0x03	; 3
      0001A2 03                     463 	.db #0x03	; 3
      0001A3 03                     464 	.db #0x03	; 3
      0001A4 00                     465 	.db #0x00	; 0
      0001A5 00                     466 	.db #0x00	; 0
      0001A6 03                     467 	.db #0x03	; 3
      0001A7 03                     468 	.db #0x03	; 3
      0001A8 03                     469 	.db #0x03	; 3
      0001A9 00                     470 	.db #0x00	; 0
      0001AA 00                     471 	.db #0x00	; 0
      0001AB 03                     472 	.db #0x03	; 3
      0001AC 03                     473 	.db #0x03	; 3
      0001AD 03                     474 	.db #0x03	; 3
      0001AE 00                     475 	.db #0x00	; 0
      0001AF 00                     476 	.db #0x00	; 0
      0001B0 03                     477 	.db #0x03	; 3
      0001B1 03                     478 	.db #0x03	; 3
      0001B2 03                     479 	.db #0x03	; 3
      0001B3 00                     480 	.db #0x00	; 0
      0001B4 00                     481 	.db #0x00	; 0
      0001B5 03                     482 	.db #0x03	; 3
      0001B6 03                     483 	.db #0x03	; 3
      0001B7 03                     484 	.db #0x03	; 3
      0001B8 00                     485 	.db #0x00	; 0
      0001B9 00                     486 	.db #0x00	; 0
      0001BA 03                     487 	.db #0x03	; 3
      0001BB 03                     488 	.db #0x03	; 3
      0001BC 03                     489 	.db #0x03	; 3
      0001BD 00                     490 	.db #0x00	; 0
      0001BE 00                     491 	.db #0x00	; 0
      0001BF 03                     492 	.db #0x03	; 3
      0001C0 03                     493 	.db #0x03	; 3
      0001C1 03                     494 	.db #0x03	; 3
      0001C2 00                     495 	.db #0x00	; 0
      0001C3 00                     496 	.db #0x00	; 0
      0001C4 03                     497 	.db #0x03	; 3
      0001C5 03                     498 	.db #0x03	; 3
      0001C6 03                     499 	.db #0x03	; 3
      0001C7 00                     500 	.db #0x00	; 0
      0001C8 00                     501 	.db #0x00	; 0
      0001C9 03                     502 	.db #0x03	; 3
      0001CA 03                     503 	.db #0x03	; 3
      0001CB 03                     504 	.db #0x03	; 3
      0001CC 00                     505 	.db #0x00	; 0
      0001CD 00                     506 	.db #0x00	; 0
      0001CE 03                     507 	.db #0x03	; 3
      0001CF 03                     508 	.db #0x03	; 3
      0001D0 03                     509 	.db #0x03	; 3
      0001D1 00                     510 	.db #0x00	; 0
      0001D2 00                     511 	.db #0x00	; 0
      0001D3 03                     512 	.db #0x03	; 3
      0001D4 03                     513 	.db #0x03	; 3
      0001D5 03                     514 	.db #0x03	; 3
      0001D6 00                     515 	.db #0x00	; 0
      0001D7 00                     516 	.db #0x00	; 0
      0001D8 03                     517 	.db #0x03	; 3
      0001D9 03                     518 	.db #0x03	; 3
      0001DA 03                     519 	.db #0x03	; 3
      0001DB 00                     520 	.db #0x00	; 0
      0001DC 00                     521 	.db #0x00	; 0
      0001DD 03                     522 	.db #0x03	; 3
      0001DE 03                     523 	.db #0x03	; 3
      0001DF 03                     524 	.db #0x03	; 3
      0001E0 03                     525 	.db #0x03	; 3
      0001E1 03                     526 	.db #0x03	; 3
      0001E2 03                     527 	.db #0x03	; 3
      0001E3 03                     528 	.db #0x03	; 3
      0001E4 03                     529 	.db #0x03	; 3
      0001E5 03                     530 	.db #0x03	; 3
      0001E6 03                     531 	.db #0x03	; 3
      0001E7 03                     532 	.db #0x03	; 3
      0001E8 03                     533 	.db #0x03	; 3
      0001E9 03                     534 	.db #0x03	; 3
      0001EA 03                     535 	.db #0x03	; 3
      0001EB 03                     536 	.db #0x03	; 3
      0001EC 03                     537 	.db #0x03	; 3
      0001ED 03                     538 	.db #0x03	; 3
      0001EE 03                     539 	.db #0x03	; 3
      0001EF 03                     540 	.db #0x03	; 3
      0001F0 03                     541 	.db #0x03	; 3
      0001F1 03                     542 	.db #0x03	; 3
      0001F2 03                     543 	.db #0x03	; 3
      0001F3 03                     544 	.db #0x03	; 3
      0001F4 03                     545 	.db #0x03	; 3
      0001F5 03                     546 	.db #0x03	; 3
      0001F6 03                     547 	.db #0x03	; 3
      0001F7 03                     548 	.db #0x03	; 3
      0001F8 03                     549 	.db #0x03	; 3
      0001F9 03                     550 	.db #0x03	; 3
      0001FA 03                     551 	.db #0x03	; 3
      0001FB 03                     552 	.db #0x03	; 3
      0001FC 03                     553 	.db #0x03	; 3
      0001FD 03                     554 	.db #0x03	; 3
      0001FE 03                     555 	.db #0x03	; 3
      0001FF 03                     556 	.db #0x03	; 3
      000200 03                     557 	.db #0x03	; 3
      000201 03                     558 	.db #0x03	; 3
      000202 03                     559 	.db #0x03	; 3
      000203 03                     560 	.db #0x03	; 3
      000204 03                     561 	.db #0x03	; 3
      000205 03                     562 	.db #0x03	; 3
      000206 03                     563 	.db #0x03	; 3
      000207 03                     564 	.db #0x03	; 3
      000208 03                     565 	.db #0x03	; 3
      000209 03                     566 	.db #0x03	; 3
      00020A 03                     567 	.db #0x03	; 3
      00020B 03                     568 	.db #0x03	; 3
      00020C 03                     569 	.db #0x03	; 3
      00020D 03                     570 	.db #0x03	; 3
      00020E 03                     571 	.db #0x03	; 3
      00020F 03                     572 	.db #0x03	; 3
      000210 03                     573 	.db #0x03	; 3
      000211 03                     574 	.db #0x03	; 3
      000212 03                     575 	.db #0x03	; 3
      000213 03                     576 	.db #0x03	; 3
      000214 03                     577 	.db #0x03	; 3
      000215 03                     578 	.db #0x03	; 3
      000216 03                     579 	.db #0x03	; 3
      000217 03                     580 	.db #0x03	; 3
      000218 03                     581 	.db #0x03	; 3
      000219 03                     582 	.db #0x03	; 3
      00021A 03                     583 	.db #0x03	; 3
      00021B 03                     584 	.db #0x03	; 3
      00021C 03                     585 	.db #0x03	; 3
      00021D 03                     586 	.db #0x03	; 3
      00021E 03                     587 	.db #0x03	; 3
      00021F 03                     588 	.db #0x03	; 3
      000220 03                     589 	.db #0x03	; 3
      000221 03                     590 	.db #0x03	; 3
      000222 03                     591 	.db #0x03	; 3
      000223 03                     592 	.db #0x03	; 3
      000224 03                     593 	.db #0x03	; 3
      000225 03                     594 	.db #0x03	; 3
      000226 03                     595 	.db #0x03	; 3
      000227 03                     596 	.db #0x03	; 3
      000228 03                     597 	.db #0x03	; 3
      000229 03                     598 	.db #0x03	; 3
      00022A 03                     599 	.db #0x03	; 3
      00022B 03                     600 	.db #0x03	; 3
      00022C 03                     601 	.db #0x03	; 3
      00022D 03                     602 	.db #0x03	; 3
      00022E 03                     603 	.db #0x03	; 3
      00022F 03                     604 	.db #0x03	; 3
      000230 03                     605 	.db #0x03	; 3
      000231 03                     606 	.db #0x03	; 3
      000232 03                     607 	.db #0x03	; 3
      000233 03                     608 	.db #0x03	; 3
      000234 03                     609 	.db #0x03	; 3
      000235 03                     610 	.db #0x03	; 3
      000236 03                     611 	.db #0x03	; 3
      000237 03                     612 	.db #0x03	; 3
      000238 03                     613 	.db #0x03	; 3
      000239 03                     614 	.db #0x03	; 3
      00023A 03                     615 	.db #0x03	; 3
      00023B 03                     616 	.db #0x03	; 3
      00023C 03                     617 	.db #0x03	; 3
      00023D 03                     618 	.db #0x03	; 3
      00023E 03                     619 	.db #0x03	; 3
      00023F 03                     620 	.db #0x03	; 3
      000240 03                     621 	.db #0x03	; 3
      000241 03                     622 	.db #0x03	; 3
      000242 03                     623 	.db #0x03	; 3
      000243 03                     624 	.db #0x03	; 3
      000244 03                     625 	.db #0x03	; 3
      000245 03                     626 	.db #0x03	; 3
      000246 03                     627 	.db #0x03	; 3
      000247 03                     628 	.db #0x03	; 3
      000248 03                     629 	.db #0x03	; 3
      000249 03                     630 	.db #0x03	; 3
      00024A 03                     631 	.db #0x03	; 3
      00024B 03                     632 	.db #0x03	; 3
      00024C 03                     633 	.db #0x03	; 3
      00024D 03                     634 	.db #0x03	; 3
      00024E 03                     635 	.db #0x03	; 3
      00024F 03                     636 	.db #0x03	; 3
      000250 03                     637 	.db #0x03	; 3
      000251 03                     638 	.db #0x03	; 3
      000252 03                     639 	.db #0x03	; 3
      000253 03                     640 	.db #0x03	; 3
      000254 03                     641 	.db #0x03	; 3
      000255 03                     642 	.db #0x03	; 3
      000256 03                     643 	.db #0x03	; 3
      000257 03                     644 	.db #0x03	; 3
      000258 03                     645 	.db #0x03	; 3
      000259 03                     646 	.db #0x03	; 3
      00025A 03                     647 	.db #0x03	; 3
      00025B 03                     648 	.db #0x03	; 3
      00025C 03                     649 	.db #0x03	; 3
      00025D 03                     650 	.db #0x03	; 3
      00025E 03                     651 	.db #0x03	; 3
      00025F 03                     652 	.db #0x03	; 3
      000260 03                     653 	.db #0x03	; 3
      000261 03                     654 	.db #0x03	; 3
      000262 03                     655 	.db #0x03	; 3
      000263 03                     656 	.db #0x03	; 3
      000264 03                     657 	.db #0x03	; 3
      000265 03                     658 	.db #0x03	; 3
      000266 03                     659 	.db #0x03	; 3
      000267 03                     660 	.db #0x03	; 3
      000268 03                     661 	.db #0x03	; 3
      000269 03                     662 	.db #0x03	; 3
      00026A 03                     663 	.db #0x03	; 3
      00026B 03                     664 	.db #0x03	; 3
      00026C 03                     665 	.db #0x03	; 3
      00026D 03                     666 	.db #0x03	; 3
      00026E 03                     667 	.db #0x03	; 3
      00026F 03                     668 	.db #0x03	; 3
      000270 03                     669 	.db #0x03	; 3
      000271 03                     670 	.db #0x03	; 3
      000272 03                     671 	.db #0x03	; 3
      000273 03                     672 	.db #0x03	; 3
      000274 03                     673 	.db #0x03	; 3
      000275 03                     674 	.db #0x03	; 3
      000276 03                     675 	.db #0x03	; 3
      000277 03                     676 	.db #0x03	; 3
      000278 03                     677 	.db #0x03	; 3
      000279 03                     678 	.db #0x03	; 3
      00027A 03                     679 	.db #0x03	; 3
      00027B 03                     680 	.db #0x03	; 3
      00027C 03                     681 	.db #0x03	; 3
      00027D 03                     682 	.db #0x03	; 3
      00027E 03                     683 	.db #0x03	; 3
      00027F 03                     684 	.db #0x03	; 3
      000280 03                     685 	.db #0x03	; 3
      000281 03                     686 	.db #0x03	; 3
      000282 03                     687 	.db #0x03	; 3
      000283 03                     688 	.db #0x03	; 3
      000284 03                     689 	.db #0x03	; 3
      000285 03                     690 	.db #0x03	; 3
      000286 03                     691 	.db #0x03	; 3
      000287 03                     692 	.db #0x03	; 3
      000288 03                     693 	.db #0x03	; 3
      000289 03                     694 	.db #0x03	; 3
      00028A 03                     695 	.db #0x03	; 3
      00028B 03                     696 	.db #0x03	; 3
      00028C 03                     697 	.db #0x03	; 3
      00028D 03                     698 	.db #0x03	; 3
      00028E 03                     699 	.db #0x03	; 3
      00028F 03                     700 	.db #0x03	; 3
      000290 03                     701 	.db #0x03	; 3
      000291 03                     702 	.db #0x03	; 3
      000292 03                     703 	.db #0x03	; 3
      000293 03                     704 	.db #0x03	; 3
      000294 03                     705 	.db #0x03	; 3
      000295 03                     706 	.db #0x03	; 3
      000296 03                     707 	.db #0x03	; 3
      000297 03                     708 	.db #0x03	; 3
      000298 03                     709 	.db #0x03	; 3
      000299 03                     710 	.db #0x03	; 3
      00029A 03                     711 	.db #0x03	; 3
      00029B 03                     712 	.db #0x03	; 3
      00029C 03                     713 	.db #0x03	; 3
      00029D 03                     714 	.db #0x03	; 3
      00029E 03                     715 	.db #0x03	; 3
      00029F 03                     716 	.db #0x03	; 3
      0002A0 03                     717 	.db #0x03	; 3
      0002A1 03                     718 	.db #0x03	; 3
      0002A2 03                     719 	.db #0x03	; 3
      0002A3 03                     720 	.db #0x03	; 3
      0002A4 03                     721 	.db #0x03	; 3
      0002A5 03                     722 	.db #0x03	; 3
      0002A6 03                     723 	.db #0x03	; 3
      0002A7 03                     724 	.db #0x03	; 3
      0002A8 03                     725 	.db #0x03	; 3
      0002A9 03                     726 	.db #0x03	; 3
      0002AA 03                     727 	.db #0x03	; 3
      0002AB 03                     728 	.db #0x03	; 3
      0002AC 03                     729 	.db #0x03	; 3
      0002AD 03                     730 	.db #0x03	; 3
      0002AE 03                     731 	.db #0x03	; 3
      0002AF 03                     732 	.db #0x03	; 3
      0002B0 03                     733 	.db #0x03	; 3
      0002B1 03                     734 	.db #0x03	; 3
      0002B2 03                     735 	.db #0x03	; 3
      0002B3 03                     736 	.db #0x03	; 3
      0002B4 03                     737 	.db #0x03	; 3
      0002B5 03                     738 	.db #0x03	; 3
      0002B6 03                     739 	.db #0x03	; 3
      0002B7 03                     740 	.db #0x03	; 3
      0002B8 03                     741 	.db #0x03	; 3
      0002B9 03                     742 	.db #0x03	; 3
      0002BA 03                     743 	.db #0x03	; 3
      0002BB 03                     744 	.db #0x03	; 3
      0002BC 03                     745 	.db #0x03	; 3
      0002BD 03                     746 	.db #0x03	; 3
      0002BE 03                     747 	.db #0x03	; 3
      0002BF 03                     748 	.db #0x03	; 3
      0002C0 03                     749 	.db #0x03	; 3
      0002C1 03                     750 	.db #0x03	; 3
      0002C2 03                     751 	.db #0x03	; 3
      0002C3 03                     752 	.db #0x03	; 3
      0002C4 03                     753 	.db #0x03	; 3
      0002C5 03                     754 	.db #0x03	; 3
      0002C6 03                     755 	.db #0x03	; 3
      0002C7 03                     756 	.db #0x03	; 3
      0002C8 03                     757 	.db #0x03	; 3
      0002C9 03                     758 	.db #0x03	; 3
      0002CA 03                     759 	.db #0x03	; 3
      0002CB 03                     760 	.db #0x03	; 3
      0002CC 03                     761 	.db #0x03	; 3
      0002CD 03                     762 	.db #0x03	; 3
      0002CE 03                     763 	.db #0x03	; 3
      0002CF 03                     764 	.db #0x03	; 3
      0002D0 03                     765 	.db #0x03	; 3
      0002D1 03                     766 	.db #0x03	; 3
      0002D2 03                     767 	.db #0x03	; 3
      0002D3 03                     768 	.db #0x03	; 3
      0002D4 03                     769 	.db #0x03	; 3
      0002D5 03                     770 	.db #0x03	; 3
      0002D6 03                     771 	.db #0x03	; 3
      0002D7 03                     772 	.db #0x03	; 3
      0002D8 03                     773 	.db #0x03	; 3
      0002D9 03                     774 	.db #0x03	; 3
      0002DA 03                     775 	.db #0x03	; 3
      0002DB 03                     776 	.db #0x03	; 3
      0002DC 03                     777 	.db #0x03	; 3
      0002DD 03                     778 	.db #0x03	; 3
      0002DE 03                     779 	.db #0x03	; 3
      0002DF 03                     780 	.db #0x03	; 3
      0002E0 03                     781 	.db #0x03	; 3
      0002E1 03                     782 	.db #0x03	; 3
      0002E2 03                     783 	.db #0x03	; 3
      0002E3 03                     784 	.db #0x03	; 3
      0002E4 03                     785 	.db #0x03	; 3
      0002E5 03                     786 	.db #0x03	; 3
      0002E6 03                     787 	.db #0x03	; 3
      0002E7 03                     788 	.db #0x03	; 3
      0002E8 03                     789 	.db #0x03	; 3
      0002E9 03                     790 	.db #0x03	; 3
      0002EA 03                     791 	.db #0x03	; 3
      0002EB 03                     792 	.db #0x03	; 3
      0002EC 03                     793 	.db #0x03	; 3
      0002ED 03                     794 	.db #0x03	; 3
      0002EE 03                     795 	.db #0x03	; 3
      0002EF 03                     796 	.db #0x03	; 3
      0002F0 03                     797 	.db #0x03	; 3
      0002F1 03                     798 	.db #0x03	; 3
      0002F2 03                     799 	.db #0x03	; 3
      0002F3 03                     800 	.db #0x03	; 3
      0002F4 03                     801 	.db #0x03	; 3
      0002F5 03                     802 	.db #0x03	; 3
      0002F6 03                     803 	.db #0x03	; 3
      0002F7 03                     804 	.db #0x03	; 3
      0002F8 03                     805 	.db #0x03	; 3
      0002F9 03                     806 	.db #0x03	; 3
      0002FA 03                     807 	.db #0x03	; 3
      0002FB 03                     808 	.db #0x03	; 3
      0002FC 03                     809 	.db #0x03	; 3
      0002FD 03                     810 	.db #0x03	; 3
      0002FE 03                     811 	.db #0x03	; 3
      0002FF 03                     812 	.db #0x03	; 3
      000300 03                     813 	.db #0x03	; 3
      000301 03                     814 	.db #0x03	; 3
      000302 03                     815 	.db #0x03	; 3
      000303 03                     816 	.db #0x03	; 3
      000304 03                     817 	.db #0x03	; 3
      000305 03                     818 	.db #0x03	; 3
      000306 03                     819 	.db #0x03	; 3
      000307 03                     820 	.db #0x03	; 3
      000308 03                     821 	.db #0x03	; 3
      000309 03                     822 	.db #0x03	; 3
      00030A 03                     823 	.db #0x03	; 3
      00030B 03                     824 	.db #0x03	; 3
      00030C 03                     825 	.db #0x03	; 3
      00030D 03                     826 	.db #0x03	; 3
      00030E 03                     827 	.db #0x03	; 3
      00030F 03                     828 	.db #0x03	; 3
      000310 03                     829 	.db #0x03	; 3
      000311 03                     830 	.db #0x03	; 3
      000312 03                     831 	.db #0x03	; 3
      000313 03                     832 	.db #0x03	; 3
      000314 03                     833 	.db #0x03	; 3
      000315 03                     834 	.db #0x03	; 3
      000316 03                     835 	.db #0x03	; 3
      000317 03                     836 	.db #0x03	; 3
      000318 03                     837 	.db #0x03	; 3
      000319 03                     838 	.db #0x03	; 3
      00031A 03                     839 	.db #0x03	; 3
      00031B 03                     840 	.db #0x03	; 3
      00031C 03                     841 	.db #0x03	; 3
      00031D 03                     842 	.db #0x03	; 3
      00031E 03                     843 	.db #0x03	; 3
      00031F 03                     844 	.db #0x03	; 3
      000320 03                     845 	.db #0x03	; 3
      000321 03                     846 	.db #0x03	; 3
      000322 03                     847 	.db #0x03	; 3
      000323 03                     848 	.db #0x03	; 3
      000324 03                     849 	.db #0x03	; 3
      000325 03                     850 	.db #0x03	; 3
      000326 03                     851 	.db #0x03	; 3
      000327 03                     852 	.db #0x03	; 3
      000328 03                     853 	.db #0x03	; 3
      000329 03                     854 	.db #0x03	; 3
      00032A 03                     855 	.db #0x03	; 3
      00032B 03                     856 	.db #0x03	; 3
      00032C 03                     857 	.db #0x03	; 3
      00032D 03                     858 	.db #0x03	; 3
      00032E 03                     859 	.db #0x03	; 3
      00032F 03                     860 	.db #0x03	; 3
      000330 03                     861 	.db #0x03	; 3
      000331 03                     862 	.db #0x03	; 3
      000332 03                     863 	.db #0x03	; 3
      000333 03                     864 	.db #0x03	; 3
      000334 03                     865 	.db #0x03	; 3
      000335 03                     866 	.db #0x03	; 3
      000336 03                     867 	.db #0x03	; 3
      000337 03                     868 	.db #0x03	; 3
      000338 03                     869 	.db #0x03	; 3
      000339 03                     870 	.db #0x03	; 3
      00033A 03                     871 	.db #0x03	; 3
      00033B 03                     872 	.db #0x03	; 3
      00033C 03                     873 	.db #0x03	; 3
      00033D 03                     874 	.db #0x03	; 3
      00033E 03                     875 	.db #0x03	; 3
      00033F 03                     876 	.db #0x03	; 3
      000340 03                     877 	.db #0x03	; 3
      000341 03                     878 	.db #0x03	; 3
      000342 03                     879 	.db #0x03	; 3
      000343 03                     880 	.db #0x03	; 3
      000344 03                     881 	.db #0x03	; 3
      000345 03                     882 	.db #0x03	; 3
      000346 03                     883 	.db #0x03	; 3
      000347 03                     884 	.db #0x03	; 3
      000348 03                     885 	.db #0x03	; 3
      000349 03                     886 	.db #0x03	; 3
      00034A 03                     887 	.db #0x03	; 3
      00034B 03                     888 	.db #0x03	; 3
      00034C 03                     889 	.db #0x03	; 3
      00034D 03                     890 	.db #0x03	; 3
      00034E 03                     891 	.db #0x03	; 3
      00034F 03                     892 	.db #0x03	; 3
      000350 03                     893 	.db #0x03	; 3
      000351 03                     894 	.db #0x03	; 3
      000352 03                     895 	.db #0x03	; 3
      000353 03                     896 	.db #0x03	; 3
      000354 03                     897 	.db #0x03	; 3
      000355 03                     898 	.db #0x03	; 3
      000356 03                     899 	.db #0x03	; 3
      000357 03                     900 	.db #0x03	; 3
      000358 03                     901 	.db #0x03	; 3
      000359 03                     902 	.db #0x03	; 3
      00035A 03                     903 	.db #0x03	; 3
      00035B 03                     904 	.db #0x03	; 3
      00035C 03                     905 	.db #0x03	; 3
      00035D 03                     906 	.db #0x03	; 3
      00035E 03                     907 	.db #0x03	; 3
      00035F 03                     908 	.db #0x03	; 3
      000360 03                     909 	.db #0x03	; 3
      000361 03                     910 	.db #0x03	; 3
      000362 03                     911 	.db #0x03	; 3
      000363 03                     912 	.db #0x03	; 3
      000364 03                     913 	.db #0x03	; 3
      000365 03                     914 	.db #0x03	; 3
      000366 03                     915 	.db #0x03	; 3
      000367 03                     916 	.db #0x03	; 3
      000368 03                     917 	.db #0x03	; 3
      000369 03                     918 	.db #0x03	; 3
      00036A 03                     919 	.db #0x03	; 3
      00036B 03                     920 	.db #0x03	; 3
      00036C 03                     921 	.db #0x03	; 3
      00036D 03                     922 	.db #0x03	; 3
      00036E 03                     923 	.db #0x03	; 3
      00036F 03                     924 	.db #0x03	; 3
      000370 03                     925 	.db #0x03	; 3
      000371 03                     926 	.db #0x03	; 3
      000372 03                     927 	.db #0x03	; 3
      000373 03                     928 	.db #0x03	; 3
      000374 03                     929 	.db #0x03	; 3
      000375 03                     930 	.db #0x03	; 3
      000376 03                     931 	.db #0x03	; 3
      000377 03                     932 	.db #0x03	; 3
      000378 03                     933 	.db #0x03	; 3
      000379 03                     934 	.db #0x03	; 3
      00037A 03                     935 	.db #0x03	; 3
      00037B 03                     936 	.db #0x03	; 3
      00037C 03                     937 	.db #0x03	; 3
      00037D 03                     938 	.db #0x03	; 3
      00037E 03                     939 	.db #0x03	; 3
      00037F 03                     940 	.db #0x03	; 3
      000380 03                     941 	.db #0x03	; 3
      000381 03                     942 	.db #0x03	; 3
      000382 03                     943 	.db #0x03	; 3
      000383 03                     944 	.db #0x03	; 3
      000384 03                     945 	.db #0x03	; 3
      000385 03                     946 	.db #0x03	; 3
      000386 03                     947 	.db #0x03	; 3
      000387 03                     948 	.db #0x03	; 3
      000388 03                     949 	.db #0x03	; 3
      000389 03                     950 	.db #0x03	; 3
      00038A 03                     951 	.db #0x03	; 3
      00038B 03                     952 	.db #0x03	; 3
      00038C 03                     953 	.db #0x03	; 3
      00038D 03                     954 	.db #0x03	; 3
      00038E 03                     955 	.db #0x03	; 3
      00038F 03                     956 	.db #0x03	; 3
      000390 03                     957 	.db #0x03	; 3
      000391 03                     958 	.db #0x03	; 3
      000392 03                     959 	.db #0x03	; 3
      000393 03                     960 	.db #0x03	; 3
      000394 03                     961 	.db #0x03	; 3
      000395 03                     962 	.db #0x03	; 3
      000396 03                     963 	.db #0x03	; 3
      000397 03                     964 	.db #0x03	; 3
      000398 03                     965 	.db #0x03	; 3
      000399 03                     966 	.db #0x03	; 3
      00039A 03                     967 	.db #0x03	; 3
      00039B 03                     968 	.db #0x03	; 3
      00039C 03                     969 	.db #0x03	; 3
      00039D 03                     970 	.db #0x03	; 3
      00039E 03                     971 	.db #0x03	; 3
      00039F 03                     972 	.db #0x03	; 3
      0003A0 03                     973 	.db #0x03	; 3
      0003A1 03                     974 	.db #0x03	; 3
      0003A2 03                     975 	.db #0x03	; 3
      0003A3 03                     976 	.db #0x03	; 3
      0003A4 03                     977 	.db #0x03	; 3
      0003A5 03                     978 	.db #0x03	; 3
      0003A6 03                     979 	.db #0x03	; 3
      0003A7 03                     980 	.db #0x03	; 3
      0003A8 03                     981 	.db #0x03	; 3
      0003A9 03                     982 	.db #0x03	; 3
      0003AA 03                     983 	.db #0x03	; 3
      0003AB 03                     984 	.db #0x03	; 3
      0003AC 03                     985 	.db #0x03	; 3
      0003AD 03                     986 	.db #0x03	; 3
      0003AE 03                     987 	.db #0x03	; 3
      0003AF 03                     988 	.db #0x03	; 3
      0003B0 03                     989 	.db #0x03	; 3
      0003B1 03                     990 	.db #0x03	; 3
      0003B2 03                     991 	.db #0x03	; 3
      0003B3 03                     992 	.db #0x03	; 3
      0003B4 03                     993 	.db #0x03	; 3
      0003B5 03                     994 	.db #0x03	; 3
      0003B6 03                     995 	.db #0x03	; 3
      0003B7 03                     996 	.db #0x03	; 3
      0003B8 03                     997 	.db #0x03	; 3
      0003B9 03                     998 	.db #0x03	; 3
      0003BA 03                     999 	.db #0x03	; 3
      0003BB 03                    1000 	.db #0x03	; 3
      0003BC 03                    1001 	.db #0x03	; 3
      0003BD 03                    1002 	.db #0x03	; 3
      0003BE 03                    1003 	.db #0x03	; 3
      0003BF 03                    1004 	.db #0x03	; 3
      0003C0 03                    1005 	.db #0x03	; 3
      0003C1 03                    1006 	.db #0x03	; 3
      0003C2 03                    1007 	.db #0x03	; 3
      0003C3 03                    1008 	.db #0x03	; 3
      0003C4 03                    1009 	.db #0x03	; 3
      0003C5 03                    1010 	.db #0x03	; 3
      0003C6 03                    1011 	.db #0x03	; 3
      0003C7 03                    1012 	.db #0x03	; 3
      0003C8 03                    1013 	.db #0x03	; 3
      0003C9 03                    1014 	.db #0x03	; 3
      0003CA 03                    1015 	.db #0x03	; 3
      0003CB 03                    1016 	.db #0x03	; 3
      0003CC 03                    1017 	.db #0x03	; 3
      0003CD 03                    1018 	.db #0x03	; 3
      0003CE 03                    1019 	.db #0x03	; 3
      0003CF 03                    1020 	.db #0x03	; 3
      0003D0 03                    1021 	.db #0x03	; 3
      0003D1 03                    1022 	.db #0x03	; 3
      0003D2 03                    1023 	.db #0x03	; 3
      0003D3 03                    1024 	.db #0x03	; 3
      0003D4 03                    1025 	.db #0x03	; 3
      0003D5 03                    1026 	.db #0x03	; 3
      0003D6 03                    1027 	.db #0x03	; 3
      0003D7 03                    1028 	.db #0x03	; 3
      0003D8 03                    1029 	.db #0x03	; 3
      0003D9 03                    1030 	.db #0x03	; 3
      0003DA 03                    1031 	.db #0x03	; 3
      0003DB 03                    1032 	.db #0x03	; 3
      0003DC 03                    1033 	.db #0x03	; 3
      0003DD 03                    1034 	.db #0x03	; 3
      0003DE 03                    1035 	.db #0x03	; 3
      0003DF 03                    1036 	.db #0x03	; 3
      0003E0 03                    1037 	.db #0x03	; 3
      0003E1 03                    1038 	.db #0x03	; 3
      0003E2 03                    1039 	.db #0x03	; 3
      0003E3 03                    1040 	.db #0x03	; 3
      0003E4 03                    1041 	.db #0x03	; 3
      0003E5 03                    1042 	.db #0x03	; 3
      0003E6 03                    1043 	.db #0x03	; 3
      0003E7 03                    1044 	.db #0x03	; 3
      0003E8 03                    1045 	.db #0x03	; 3
      0003E9 03                    1046 	.db #0x03	; 3
      0003EA 03                    1047 	.db #0x03	; 3
      0003EB 03                    1048 	.db #0x03	; 3
      0003EC 03                    1049 	.db #0x03	; 3
      0003ED 03                    1050 	.db #0x03	; 3
      0003EE 03                    1051 	.db #0x03	; 3
      0003EF 03                    1052 	.db #0x03	; 3
      0003F0 03                    1053 	.db #0x03	; 3
      0003F1 03                    1054 	.db #0x03	; 3
      0003F2 03                    1055 	.db #0x03	; 3
      0003F3 03                    1056 	.db #0x03	; 3
      0003F4 03                    1057 	.db #0x03	; 3
      0003F5 03                    1058 	.db #0x03	; 3
      0003F6 03                    1059 	.db #0x03	; 3
      0003F7 03                    1060 	.db #0x03	; 3
      0003F8 03                    1061 	.db #0x03	; 3
      0003F9 03                    1062 	.db #0x03	; 3
      0003FA 03                    1063 	.db #0x03	; 3
      0003FB 03                    1064 	.db #0x03	; 3
      0003FC 03                    1065 	.db #0x03	; 3
      0003FD 03                    1066 	.db #0x03	; 3
      0003FE 03                    1067 	.db #0x03	; 3
      0003FF 03                    1068 	.db #0x03	; 3
      000400 03                    1069 	.db #0x03	; 3
      000401 03                    1070 	.db #0x03	; 3
      000402 03                    1071 	.db #0x03	; 3
      000403 03                    1072 	.db #0x03	; 3
      000404 03                    1073 	.db #0x03	; 3
      000405 03                    1074 	.db #0x03	; 3
      000406 03                    1075 	.db #0x03	; 3
      000407 03                    1076 	.db #0x03	; 3
      000408 03                    1077 	.db #0x03	; 3
      000409 03                    1078 	.db #0x03	; 3
      00040A 03                    1079 	.db #0x03	; 3
      00040B 03                    1080 	.db #0x03	; 3
      00040C 03                    1081 	.db #0x03	; 3
      00040D 03                    1082 	.db #0x03	; 3
      00040E 03                    1083 	.db #0x03	; 3
      00040F 03                    1084 	.db #0x03	; 3
      000410 03                    1085 	.db #0x03	; 3
      000411 03                    1086 	.db #0x03	; 3
      000412 03                    1087 	.db #0x03	; 3
      000413 03                    1088 	.db #0x03	; 3
      000414 03                    1089 	.db #0x03	; 3
      000415 03                    1090 	.db #0x03	; 3
      000416 03                    1091 	.db #0x03	; 3
      000417 03                    1092 	.db #0x03	; 3
      000418 03                    1093 	.db #0x03	; 3
      000419 03                    1094 	.db #0x03	; 3
      00041A 03                    1095 	.db #0x03	; 3
      00041B 03                    1096 	.db #0x03	; 3
      00041C 03                    1097 	.db #0x03	; 3
      00041D 03                    1098 	.db #0x03	; 3
      00041E 03                    1099 	.db #0x03	; 3
      00041F 03                    1100 	.db #0x03	; 3
      000420 03                    1101 	.db #0x03	; 3
      000421 03                    1102 	.db #0x03	; 3
      000422 03                    1103 	.db #0x03	; 3
      000423 03                    1104 	.db #0x03	; 3
      000424 03                    1105 	.db #0x03	; 3
      000425 03                    1106 	.db #0x03	; 3
      000426 03                    1107 	.db #0x03	; 3
      000427 03                    1108 	.db #0x03	; 3
      000428 03                    1109 	.db #0x03	; 3
      000429 03                    1110 	.db #0x03	; 3
      00042A 03                    1111 	.db #0x03	; 3
      00042B 03                    1112 	.db #0x03	; 3
      00042C 03                    1113 	.db #0x03	; 3
      00042D 03                    1114 	.db #0x03	; 3
      00042E 03                    1115 	.db #0x03	; 3
      00042F 03                    1116 	.db #0x03	; 3
      000430 03                    1117 	.db #0x03	; 3
      000431 03                    1118 	.db #0x03	; 3
      000432 03                    1119 	.db #0x03	; 3
      000433 03                    1120 	.db #0x03	; 3
      000434 03                    1121 	.db #0x03	; 3
      000435 03                    1122 	.db #0x03	; 3
      000436 03                    1123 	.db #0x03	; 3
      000437 03                    1124 	.db #0x03	; 3
                                   1125 	.area _INITIALIZER
                                   1126 	.area _CABS (ABS)
