                                      1 ;--------------------------------------------------------
                                      2 ; File Created by SDCC : free open source ANSI-C Compiler
                                      3 ; Version 4.1.6 #12539 (Linux)
                                      4 ;--------------------------------------------------------
                                      5 	.module nima
                                      6 	.optsdcc -mgbz80
                                      7 	
                                      8 ;--------------------------------------------------------
                                      9 ; Public variables in this module
                                     10 ;--------------------------------------------------------
                                     11 	.globl _nima
                                     12 	.globl ___bank_nima
                                     13 ;--------------------------------------------------------
                                     14 ; special function registers
                                     15 ;--------------------------------------------------------
                                     16 ;--------------------------------------------------------
                                     17 ; ram data
                                     18 ;--------------------------------------------------------
                                     19 	.area _DATA
                                     20 ;--------------------------------------------------------
                                     21 ; ram data
                                     22 ;--------------------------------------------------------
                                     23 	.area _INITIALIZED
                                     24 ;--------------------------------------------------------
                                     25 ; absolute external ram data
                                     26 ;--------------------------------------------------------
                                     27 	.area _DABS (ABS)
                                     28 ;--------------------------------------------------------
                                     29 ; global & static initialisations
                                     30 ;--------------------------------------------------------
                                     31 	.area _HOME
                                     32 	.area _GSINIT
                                     33 	.area _GSFINAL
                                     34 	.area _GSINIT
                                     35 ;--------------------------------------------------------
                                     36 ; Home
                                     37 ;--------------------------------------------------------
                                     38 	.area _HOME
                                     39 	.area _HOME
                                     40 ;--------------------------------------------------------
                                     41 ; code
                                     42 ;--------------------------------------------------------
                                     43 	.area _CODE_2
                                     44 	.area _CODE_2
                           000002    45 ___bank_nima	=	0x0002
      000000                         46 _nima:
      000000 00                      47 	.db #0x00	; 0
      000001 00                      48 	.db #0x00	; 0
      000002 10                      49 	.db #0x10	; 16
      000003 18                      50 	.db #0x18	; 24
      000004 1C                      51 	.db #0x1c	; 28
      000005 1E                      52 	.db #0x1e	; 30
      000006 16                      53 	.db #0x16	; 22
      000007 1E                      54 	.db #0x1e	; 30
      000008 12                      55 	.db #0x12	; 18
      000009 16                      56 	.db #0x16	; 22
      00000A 32                      57 	.db #0x32	; 50	'2'
      00000B 72                      58 	.db #0x72	; 114	'r'
      00000C 66                      59 	.db #0x66	; 102	'f'
      00000D 7E                      60 	.db #0x7e	; 126
      00000E 0C                      61 	.db #0x0c	; 12
      00000F 0E                      62 	.db #0x0e	; 14
      000010 00                      63 	.db #0x00	; 0
      000011 00                      64 	.db #0x00	; 0
      000012 38                      65 	.db #0x38	; 56	'8'
      000013 38                      66 	.db #0x38	; 56	'8'
      000014 24                      67 	.db #0x24	; 36
      000015 24                      68 	.db #0x24	; 36
      000016 32                      69 	.db #0x32	; 50	'2'
      000017 3A                      70 	.db #0x3a	; 58
      000018 19                      71 	.db #0x19	; 25
      000019 1D                      72 	.db #0x1d	; 29
      00001A 32                      73 	.db #0x32	; 50	'2'
      00001B 3A                      74 	.db #0x3a	; 58
      00001C 24                      75 	.db #0x24	; 36
      00001D 24                      76 	.db #0x24	; 36
      00001E 38                      77 	.db #0x38	; 56	'8'
      00001F 38                      78 	.db #0x38	; 56	'8'
      000020 00                      79 	.db #0x00	; 0
      000021 00                      80 	.db #0x00	; 0
      000022 00                      81 	.db #0x00	; 0
      000023 00                      82 	.db #0x00	; 0
      000024 00                      83 	.db #0x00	; 0
      000025 00                      84 	.db #0x00	; 0
      000026 00                      85 	.db #0x00	; 0
      000027 00                      86 	.db #0x00	; 0
      000028 00                      87 	.db #0x00	; 0
      000029 00                      88 	.db #0x00	; 0
      00002A 00                      89 	.db #0x00	; 0
      00002B 00                      90 	.db #0x00	; 0
      00002C 00                      91 	.db #0x00	; 0
      00002D 00                      92 	.db #0x00	; 0
      00002E 00                      93 	.db #0x00	; 0
      00002F 00                      94 	.db #0x00	; 0
      000030 1C                      95 	.db #0x1c	; 28
      000031 1C                      96 	.db #0x1c	; 28
      000032 62                      97 	.db #0x62	; 98	'b'
      000033 7E                      98 	.db #0x7e	; 126
      000034 C2                      99 	.db #0xc2	; 194
      000035 F3                     100 	.db #0xf3	; 243
      000036 C2                     101 	.db #0xc2	; 194
      000037 E3                     102 	.db #0xe3	; 227
      000038 C6                     103 	.db #0xc6	; 198
      000039 E7                     104 	.db #0xe7	; 231
      00003A FE                     105 	.db #0xfe	; 254
      00003B FF                     106 	.db #0xff	; 255
      00003C 7C                     107 	.db #0x7c	; 124
      00003D 7F                     108 	.db #0x7f	; 127
      00003E 00                     109 	.db #0x00	; 0
      00003F 3E                     110 	.db #0x3e	; 62
      000040 0C                     111 	.db #0x0c	; 12
      000041 0C                     112 	.db #0x0c	; 12
      000042 5E                     113 	.db #0x5e	; 94
      000043 5E                     114 	.db #0x5e	; 94
      000044 6C                     115 	.db #0x6c	; 108	'l'
      000045 6F                     116 	.db #0x6f	; 111	'o'
      000046 0C                     117 	.db #0x0c	; 12
      000047 3E                     118 	.db #0x3e	; 62
      000048 18                     119 	.db #0x18	; 24
      000049 1E                     120 	.db #0x1e	; 30
      00004A 38                     121 	.db #0x38	; 56	'8'
      00004B 3C                     122 	.db #0x3c	; 60
      00004C 38                     123 	.db #0x38	; 56	'8'
      00004D 3C                     124 	.db #0x3c	; 60
      00004E 00                     125 	.db #0x00	; 0
      00004F 1C                     126 	.db #0x1c	; 28
      000050 BC                     127 	.db #0xbc	; 188
      000051 BC                     128 	.db #0xbc	; 188
      000052 E6                     129 	.db #0xe6	; 230
      000053 FE                     130 	.db #0xfe	; 254
      000054 46                     131 	.db #0x46	; 70	'F'
      000055 77                     132 	.db #0x77	; 119	'w'
      000056 0C                     133 	.db #0x0c	; 12
      000057 2F                     134 	.db #0x2f	; 47
      000058 70                     135 	.db #0x70	; 112	'p'
      000059 76                     136 	.db #0x76	; 118	'v'
      00005A CC                     137 	.db #0xcc	; 204
      00005B FC                     138 	.db #0xfc	; 252
      00005C FE                     139 	.db #0xfe	; 254
      00005D FE                     140 	.db #0xfe	; 254
      00005E 00                     141 	.db #0x00	; 0
      00005F 7F                     142 	.db #0x7f	; 127
      000060 BC                     143 	.db #0xbc	; 188
      000061 BC                     144 	.db #0xbc	; 188
      000062 66                     145 	.db #0x66	; 102	'f'
      000063 7E                     146 	.db #0x7e	; 126
      000064 0E                     147 	.db #0x0e	; 14
      000065 3F                     148 	.db #0x3f	; 63
      000066 04                     149 	.db #0x04	; 4
      000067 07                     150 	.db #0x07	; 7
      000068 86                     151 	.db #0x86	; 134
      000069 86                     152 	.db #0x86	; 134
      00006A FE                     153 	.db #0xfe	; 254
      00006B FF                     154 	.db #0xff	; 255
      00006C 7C                     155 	.db #0x7c	; 124
      00006D 7F                     156 	.db #0x7f	; 127
      00006E 00                     157 	.db #0x00	; 0
      00006F 3E                     158 	.db #0x3e	; 62
      000070 30                     159 	.db #0x30	; 48	'0'
      000071 30                     160 	.db #0x30	; 48	'0'
      000072 18                     161 	.db #0x18	; 24
      000073 18                     162 	.db #0x18	; 24
      000074 32                     163 	.db #0x32	; 50	'2'
      000075 3E                     164 	.db #0x3e	; 62
      000076 64                     165 	.db #0x64	; 100	'd'
      000077 7D                     166 	.db #0x7d	; 125
      000078 FE                     167 	.db #0xfe	; 254
      000079 FE                     168 	.db #0xfe	; 254
      00007A 0C                     169 	.db #0x0c	; 12
      00007B 7F                     170 	.db #0x7f	; 127
      00007C 1C                     171 	.db #0x1c	; 28
      00007D 1E                     172 	.db #0x1e	; 30
      00007E 00                     173 	.db #0x00	; 0
      00007F 0E                     174 	.db #0x0e	; 14
      000080 6C                     175 	.db #0x6c	; 108	'l'
      000081 6C                     176 	.db #0x6c	; 108	'l'
      000082 3E                     177 	.db #0x3e	; 62
      000083 3E                     178 	.db #0x3e	; 62
      000084 60                     179 	.db #0x60	; 96
      000085 7F                     180 	.db #0x7f	; 127
      000086 7C                     181 	.db #0x7c	; 124
      000087 7C                     182 	.db #0x7c	; 124
      000088 86                     183 	.db #0x86	; 134
      000089 BE                     184 	.db #0xbe	; 190
      00008A FE                     185 	.db #0xfe	; 254
      00008B FF                     186 	.db #0xff	; 255
      00008C 7C                     187 	.db #0x7c	; 124
      00008D 7F                     188 	.db #0x7f	; 127
      00008E 00                     189 	.db #0x00	; 0
      00008F 3E                     190 	.db #0x3e	; 62
      000090 3C                     191 	.db #0x3c	; 60
      000091 3C                     192 	.db #0x3c	; 60
      000092 72                     193 	.db #0x72	; 114	'r'
      000093 7E                     194 	.db #0x7e	; 126
      000094 E0                     195 	.db #0xe0	; 224
      000095 F9                     196 	.db #0xf9	; 249
      000096 FC                     197 	.db #0xfc	; 252
      000097 FC                     198 	.db #0xfc	; 252
      000098 C6                     199 	.db #0xc6	; 198
      000099 FE                     200 	.db #0xfe	; 254
      00009A FE                     201 	.db #0xfe	; 254
      00009B FF                     202 	.db #0xff	; 255
      00009C 7C                     203 	.db #0x7c	; 124
      00009D 7F                     204 	.db #0x7f	; 127
      00009E 00                     205 	.db #0x00	; 0
      00009F 3E                     206 	.db #0x3e	; 62
      0000A0 7E                     207 	.db #0x7e	; 126
      0000A1 7E                     208 	.db #0x7e	; 126
      0000A2 CE                     209 	.db #0xce	; 206
      0000A3 FF                     210 	.db #0xff	; 255
      0000A4 CC                     211 	.db #0xcc	; 204
      0000A5 EF                     212 	.db #0xef	; 239
      0000A6 18                     213 	.db #0x18	; 24
      0000A7 7E                     214 	.db #0x7e	; 126
      0000A8 38                     215 	.db #0x38	; 56	'8'
      0000A9 3C                     216 	.db #0x3c	; 60
      0000AA 38                     217 	.db #0x38	; 56	'8'
      0000AB 3C                     218 	.db #0x3c	; 60
      0000AC 30                     219 	.db #0x30	; 48	'0'
      0000AD 3C                     220 	.db #0x3c	; 60
      0000AE 00                     221 	.db #0x00	; 0
      0000AF 18                     222 	.db #0x18	; 24
      0000B0 3C                     223 	.db #0x3c	; 60
      0000B1 3C                     224 	.db #0x3c	; 60
      0000B2 66                     225 	.db #0x66	; 102	'f'
      0000B3 7E                     226 	.db #0x7e	; 126
      0000B4 3E                     227 	.db #0x3e	; 62
      0000B5 3F                     228 	.db #0x3f	; 63
      0000B6 7C                     229 	.db #0x7c	; 124
      0000B7 7F                     230 	.db #0x7f	; 127
      0000B8 C6                     231 	.db #0xc6	; 198
      0000B9 FE                     232 	.db #0xfe	; 254
      0000BA FE                     233 	.db #0xfe	; 254
      0000BB FF                     234 	.db #0xff	; 255
      0000BC 7C                     235 	.db #0x7c	; 124
      0000BD 7F                     236 	.db #0x7f	; 127
      0000BE 00                     237 	.db #0x00	; 0
      0000BF 3E                     238 	.db #0x3e	; 62
      0000C0 7C                     239 	.db #0x7c	; 124
      0000C1 7C                     240 	.db #0x7c	; 124
      0000C2 E2                     241 	.db #0xe2	; 226
      0000C3 FE                     242 	.db #0xfe	; 254
      0000C4 E6                     243 	.db #0xe6	; 230
      0000C5 F7                     244 	.db #0xf7	; 247
      0000C6 7C                     245 	.db #0x7c	; 124
      0000C7 7F                     246 	.db #0x7f	; 127
      0000C8 0C                     247 	.db #0x0c	; 12
      0000C9 3E                     248 	.db #0x3e	; 62
      0000CA 1C                     249 	.db #0x1c	; 28
      0000CB 1E                     250 	.db #0x1e	; 30
      0000CC 18                     251 	.db #0x18	; 24
      0000CD 1E                     252 	.db #0x1e	; 30
      0000CE 00                     253 	.db #0x00	; 0
      0000CF 0C                     254 	.db #0x0c	; 12
      0000D0 18                     255 	.db #0x18	; 24
      0000D1 18                     256 	.db #0x18	; 24
      0000D2 08                     257 	.db #0x08	; 8
      0000D3 0C                     258 	.db #0x0c	; 12
      0000D4 2C                     259 	.db #0x2c	; 44
      0000D5 2C                     260 	.db #0x2c	; 44
      0000D6 6C                     261 	.db #0x6c	; 108	'l'
      0000D7 7E                     262 	.db #0x7e	; 126
      0000D8 7E                     263 	.db #0x7e	; 126
      0000D9 7E                     264 	.db #0x7e	; 126
      0000DA CE                     265 	.db #0xce	; 206
      0000DB FF                     266 	.db #0xff	; 255
      0000DC C6                     267 	.db #0xc6	; 198
      0000DD E7                     268 	.db #0xe7	; 231
      0000DE 00                     269 	.db #0x00	; 0
      0000DF 63                     270 	.db #0x63	; 99	'c'
      0000E0 DC                     271 	.db #0xdc	; 220
      0000E1 DC                     272 	.db #0xdc	; 220
      0000E2 66                     273 	.db #0x66	; 102	'f'
      0000E3 7E                     274 	.db #0x7e	; 126
      0000E4 66                     275 	.db #0x66	; 102	'f'
      0000E5 77                     276 	.db #0x77	; 119	'w'
      0000E6 7C                     277 	.db #0x7c	; 124
      0000E7 7F                     278 	.db #0x7f	; 127
      0000E8 E6                     279 	.db #0xe6	; 230
      0000E9 FE                     280 	.db #0xfe	; 254
      0000EA E6                     281 	.db #0xe6	; 230
      0000EB F7                     282 	.db #0xf7	; 247
      0000EC F8                     283 	.db #0xf8	; 248
      0000ED FF                     284 	.db #0xff	; 255
      0000EE 00                     285 	.db #0x00	; 0
      0000EF 7C                     286 	.db #0x7c	; 124
      0000F0 1C                     287 	.db #0x1c	; 28
      0000F1 1C                     288 	.db #0x1c	; 28
      0000F2 66                     289 	.db #0x66	; 102	'f'
      0000F3 7E                     290 	.db #0x7e	; 126
      0000F4 C0                     291 	.db #0xc0	; 192
      0000F5 F3                     292 	.db #0xf3	; 243
      0000F6 C6                     293 	.db #0xc6	; 198
      0000F7 E6                     294 	.db #0xe6	; 230
      0000F8 CE                     295 	.db #0xce	; 206
      0000F9 EF                     296 	.db #0xef	; 239
      0000FA FE                     297 	.db #0xfe	; 254
      0000FB FF                     298 	.db #0xff	; 255
      0000FC 7C                     299 	.db #0x7c	; 124
      0000FD 7F                     300 	.db #0x7f	; 127
      0000FE 00                     301 	.db #0x00	; 0
      0000FF 3E                     302 	.db #0x3e	; 62
      000100 DC                     303 	.db #0xdc	; 220
      000101 DC                     304 	.db #0xdc	; 220
      000102 62                     305 	.db #0x62	; 98	'b'
      000103 7E                     306 	.db #0x7e	; 126
      000104 62                     307 	.db #0x62	; 98	'b'
      000105 73                     308 	.db #0x73	; 115	's'
      000106 66                     309 	.db #0x66	; 102	'f'
      000107 77                     310 	.db #0x77	; 119	'w'
      000108 E6                     311 	.db #0xe6	; 230
      000109 F7                     312 	.db #0xf7	; 247
      00010A EE                     313 	.db #0xee	; 238
      00010B FF                     314 	.db #0xff	; 255
      00010C FC                     315 	.db #0xfc	; 252
      00010D FF                     316 	.db #0xff	; 255
      00010E 00                     317 	.db #0x00	; 0
      00010F 7E                     318 	.db #0x7e	; 126
      000110 FC                     319 	.db #0xfc	; 252
      000111 FC                     320 	.db #0xfc	; 252
      000112 62                     321 	.db #0x62	; 98	'b'
      000113 7E                     322 	.db #0x7e	; 126
      000114 78                     323 	.db #0x78	; 120	'x'
      000115 79                     324 	.db #0x79	; 121	'y'
      000116 60                     325 	.db #0x60	; 96
      000117 7C                     326 	.db #0x7c	; 124
      000118 CE                     327 	.db #0xce	; 206
      000119 FE                     328 	.db #0xfe	; 254
      00011A FE                     329 	.db #0xfe	; 254
      00011B FF                     330 	.db #0xff	; 255
      00011C F2                     331 	.db #0xf2	; 242
      00011D FF                     332 	.db #0xff	; 255
      00011E 00                     333 	.db #0x00	; 0
      00011F 79                     334 	.db #0x79	; 121	'y'
      000120 FC                     335 	.db #0xfc	; 252
      000121 FC                     336 	.db #0xfc	; 252
      000122 62                     337 	.db #0x62	; 98	'b'
      000123 7E                     338 	.db #0x7e	; 126
      000124 60                     339 	.db #0x60	; 96
      000125 71                     340 	.db #0x71	; 113	'q'
      000126 78                     341 	.db #0x78	; 120	'x'
      000127 78                     342 	.db #0x78	; 120	'x'
      000128 E0                     343 	.db #0xe0	; 224
      000129 FC                     344 	.db #0xfc	; 252
      00012A E0                     345 	.db #0xe0	; 224
      00012B F0                     346 	.db #0xf0	; 240
      00012C C0                     347 	.db #0xc0	; 192
      00012D F0                     348 	.db #0xf0	; 240
      00012E 00                     349 	.db #0x00	; 0
      00012F 60                     350 	.db #0x60	; 96
      000130 1C                     351 	.db #0x1c	; 28
      000131 1C                     352 	.db #0x1c	; 28
      000132 66                     353 	.db #0x66	; 102	'f'
      000133 7E                     354 	.db #0x7e	; 126
      000134 C0                     355 	.db #0xc0	; 192
      000135 F3                     356 	.db #0xf3	; 243
      000136 DE                     357 	.db #0xde	; 222
      000137 FE                     358 	.db #0xfe	; 254
      000138 CE                     359 	.db #0xce	; 206
      000139 EF                     360 	.db #0xef	; 239
      00013A FE                     361 	.db #0xfe	; 254
      00013B FF                     362 	.db #0xff	; 255
      00013C 74                     363 	.db #0x74	; 116	't'
      00013D 7F                     364 	.db #0x7f	; 127
      00013E 00                     365 	.db #0x00	; 0
      00013F 3A                     366 	.db #0x3a	; 58
      000140 CC                     367 	.db #0xcc	; 204
      000141 CC                     368 	.db #0xcc	; 204
      000142 66                     369 	.db #0x66	; 102	'f'
      000143 66                     370 	.db #0x66	; 102	'f'
      000144 7E                     371 	.db #0x7e	; 126
      000145 7F                     372 	.db #0x7f	; 127
      000146 66                     373 	.db #0x66	; 102	'f'
      000147 7F                     374 	.db #0x7f	; 127
      000148 6E                     375 	.db #0x6e	; 110	'n'
      000149 7F                     376 	.db #0x7f	; 127
      00014A CE                     377 	.db #0xce	; 206
      00014B FF                     378 	.db #0xff	; 255
      00014C 86                     379 	.db #0x86	; 134
      00014D E7                     380 	.db #0xe7	; 231
      00014E 00                     381 	.db #0x00	; 0
      00014F 43                     382 	.db #0x43	; 67	'C'
      000150 30                     383 	.db #0x30	; 48	'0'
      000151 30                     384 	.db #0x30	; 48	'0'
      000152 18                     385 	.db #0x18	; 24
      000153 18                     386 	.db #0x18	; 24
      000154 18                     387 	.db #0x18	; 24
      000155 1C                     388 	.db #0x1c	; 28
      000156 18                     389 	.db #0x18	; 24
      000157 1C                     390 	.db #0x1c	; 28
      000158 38                     391 	.db #0x38	; 56	'8'
      000159 3C                     392 	.db #0x3c	; 60
      00015A 38                     393 	.db #0x38	; 56	'8'
      00015B 3C                     394 	.db #0x3c	; 60
      00015C 30                     395 	.db #0x30	; 48	'0'
      00015D 3C                     396 	.db #0x3c	; 60
      00015E 00                     397 	.db #0x00	; 0
      00015F 18                     398 	.db #0x18	; 24
      000160 78                     399 	.db #0x78	; 120	'x'
      000161 78                     400 	.db #0x78	; 120	'x'
      000162 3C                     401 	.db #0x3c	; 60
      000163 3C                     402 	.db #0x3c	; 60
      000164 18                     403 	.db #0x18	; 24
      000165 1E                     404 	.db #0x1e	; 30
      000166 18                     405 	.db #0x18	; 24
      000167 1C                     406 	.db #0x1c	; 28
      000168 38                     407 	.db #0x38	; 56	'8'
      000169 3C                     408 	.db #0x3c	; 60
      00016A F8                     409 	.db #0xf8	; 248
      00016B FC                     410 	.db #0xfc	; 252
      00016C 70                     411 	.db #0x70	; 112	'p'
      00016D 7C                     412 	.db #0x7c	; 124
      00016E 00                     413 	.db #0x00	; 0
      00016F 38                     414 	.db #0x38	; 56	'8'
      000170 E6                     415 	.db #0xe6	; 230
      000171 E6                     416 	.db #0xe6	; 230
      000172 6E                     417 	.db #0x6e	; 110	'n'
      000173 7F                     418 	.db #0x7f	; 127
      000174 78                     419 	.db #0x78	; 120	'x'
      000175 7F                     420 	.db #0x7f	; 127
      000176 68                     421 	.db #0x68	; 104	'h'
      000177 7C                     422 	.db #0x7c	; 124
      000178 64                     423 	.db #0x64	; 100	'd'
      000179 74                     424 	.db #0x74	; 116	't'
      00017A C6                     425 	.db #0xc6	; 198
      00017B F6                     426 	.db #0xf6	; 246
      00017C 86                     427 	.db #0x86	; 134
      00017D E7                     428 	.db #0xe7	; 231
      00017E 00                     429 	.db #0x00	; 0
      00017F 43                     430 	.db #0x43	; 67	'C'
      000180 60                     431 	.db #0x60	; 96
      000181 60                     432 	.db #0x60	; 96
      000182 30                     433 	.db #0x30	; 48	'0'
      000183 30                     434 	.db #0x30	; 48	'0'
      000184 30                     435 	.db #0x30	; 48	'0'
      000185 38                     436 	.db #0x38	; 56	'8'
      000186 60                     437 	.db #0x60	; 96
      000187 78                     438 	.db #0x78	; 120	'x'
      000188 60                     439 	.db #0x60	; 96
      000189 70                     440 	.db #0x70	; 112	'p'
      00018A FC                     441 	.db #0xfc	; 252
      00018B FC                     442 	.db #0xfc	; 252
      00018C 8E                     443 	.db #0x8e	; 142
      00018D FE                     444 	.db #0xfe	; 254
      00018E 00                     445 	.db #0x00	; 0
      00018F 47                     446 	.db #0x47	; 71	'G'
      000190 C4                     447 	.db #0xc4	; 196
      000191 C4                     448 	.db #0xc4	; 196
      000192 46                     449 	.db #0x46	; 70	'F'
      000193 66                     450 	.db #0x66	; 102	'f'
      000194 6E                     451 	.db #0x6e	; 110	'n'
      000195 6F                     452 	.db #0x6f	; 111	'o'
      000196 FE                     453 	.db #0xfe	; 254
      000197 FF                     454 	.db #0xff	; 255
      000198 B6                     455 	.db #0xb6	; 182
      000199 FF                     456 	.db #0xff	; 255
      00019A B6                     457 	.db #0xb6	; 182
      00019B FF                     458 	.db #0xff	; 255
      00019C A4                     459 	.db #0xa4	; 164
      00019D FF                     460 	.db #0xff	; 255
      00019E 00                     461 	.db #0x00	; 0
      00019F 52                     462 	.db #0x52	; 82	'R'
      0001A0 CC                     463 	.db #0xcc	; 204
      0001A1 CC                     464 	.db #0xcc	; 204
      0001A2 66                     465 	.db #0x66	; 102	'f'
      0001A3 66                     466 	.db #0x66	; 102	'f'
      0001A4 76                     467 	.db #0x76	; 118	'v'
      0001A5 77                     468 	.db #0x77	; 119	'w'
      0001A6 6E                     469 	.db #0x6e	; 110	'n'
      0001A7 7F                     470 	.db #0x7f	; 127
      0001A8 6E                     471 	.db #0x6e	; 110	'n'
      0001A9 7F                     472 	.db #0x7f	; 127
      0001AA CE                     473 	.db #0xce	; 206
      0001AB FF                     474 	.db #0xff	; 255
      0001AC 86                     475 	.db #0x86	; 134
      0001AD E7                     476 	.db #0xe7	; 231
      0001AE 00                     477 	.db #0x00	; 0
      0001AF 43                     478 	.db #0x43	; 67	'C'
      0001B0 1C                     479 	.db #0x1c	; 28
      0001B1 1C                     480 	.db #0x1c	; 28
      0001B2 66                     481 	.db #0x66	; 102	'f'
      0001B3 7E                     482 	.db #0x7e	; 126
      0001B4 C6                     483 	.db #0xc6	; 198
      0001B5 F7                     484 	.db #0xf7	; 247
      0001B6 C6                     485 	.db #0xc6	; 198
      0001B7 E7                     486 	.db #0xe7	; 231
      0001B8 CE                     487 	.db #0xce	; 206
      0001B9 EF                     488 	.db #0xef	; 239
      0001BA FE                     489 	.db #0xfe	; 254
      0001BB FF                     490 	.db #0xff	; 255
      0001BC 7C                     491 	.db #0x7c	; 124
      0001BD 7F                     492 	.db #0x7f	; 127
      0001BE 00                     493 	.db #0x00	; 0
      0001BF 3E                     494 	.db #0x3e	; 62
      0001C0 DC                     495 	.db #0xdc	; 220
      0001C1 DC                     496 	.db #0xdc	; 220
      0001C2 66                     497 	.db #0x66	; 102	'f'
      0001C3 7E                     498 	.db #0x7e	; 126
      0001C4 66                     499 	.db #0x66	; 102	'f'
      0001C5 77                     500 	.db #0x77	; 119	'w'
      0001C6 7C                     501 	.db #0x7c	; 124
      0001C7 7F                     502 	.db #0x7f	; 127
      0001C8 E0                     503 	.db #0xe0	; 224
      0001C9 FE                     504 	.db #0xfe	; 254
      0001CA E0                     505 	.db #0xe0	; 224
      0001CB F0                     506 	.db #0xf0	; 240
      0001CC C0                     507 	.db #0xc0	; 192
      0001CD F0                     508 	.db #0xf0	; 240
      0001CE 00                     509 	.db #0x00	; 0
      0001CF 60                     510 	.db #0x60	; 96
      0001D0 1C                     511 	.db #0x1c	; 28
      0001D1 1C                     512 	.db #0x1c	; 28
      0001D2 66                     513 	.db #0x66	; 102	'f'
      0001D3 7E                     514 	.db #0x7e	; 126
      0001D4 C6                     515 	.db #0xc6	; 198
      0001D5 F7                     516 	.db #0xf7	; 247
      0001D6 F6                     517 	.db #0xf6	; 246
      0001D7 F7                     518 	.db #0xf7	; 247
      0001D8 CC                     519 	.db #0xcc	; 204
      0001D9 FF                     520 	.db #0xff	; 255
      0001DA FE                     521 	.db #0xfe	; 254
      0001DB FE                     522 	.db #0xfe	; 254
      0001DC 76                     523 	.db #0x76	; 118	'v'
      0001DD 7F                     524 	.db #0x7f	; 127
      0001DE 00                     525 	.db #0x00	; 0
      0001DF 3B                     526 	.db #0x3b	; 59
      0001E0 DC                     527 	.db #0xdc	; 220
      0001E1 DC                     528 	.db #0xdc	; 220
      0001E2 66                     529 	.db #0x66	; 102	'f'
      0001E3 7E                     530 	.db #0x7e	; 126
      0001E4 66                     531 	.db #0x66	; 102	'f'
      0001E5 77                     532 	.db #0x77	; 119	'w'
      0001E6 78                     533 	.db #0x78	; 120	'x'
      0001E7 7F                     534 	.db #0x7f	; 127
      0001E8 EC                     535 	.db #0xec	; 236
      0001E9 FC                     536 	.db #0xfc	; 252
      0001EA EE                     537 	.db #0xee	; 238
      0001EB FE                     538 	.db #0xfe	; 254
      0001EC C6                     539 	.db #0xc6	; 198
      0001ED F7                     540 	.db #0xf7	; 247
      0001EE 00                     541 	.db #0x00	; 0
      0001EF 63                     542 	.db #0x63	; 99	'c'
      0001F0 3C                     543 	.db #0x3c	; 60
      0001F1 3C                     544 	.db #0x3c	; 60
      0001F2 66                     545 	.db #0x66	; 102	'f'
      0001F3 7E                     546 	.db #0x7e	; 126
      0001F4 30                     547 	.db #0x30	; 48	'0'
      0001F5 33                     548 	.db #0x33	; 51	'3'
      0001F6 0C                     549 	.db #0x0c	; 12
      0001F7 1C                     550 	.db #0x1c	; 28
      0001F8 C6                     551 	.db #0xc6	; 198
      0001F9 CE                     552 	.db #0xce	; 206
      0001FA FE                     553 	.db #0xfe	; 254
      0001FB FF                     554 	.db #0xff	; 255
      0001FC 7C                     555 	.db #0x7c	; 124
      0001FD 7F                     556 	.db #0x7f	; 127
      0001FE 00                     557 	.db #0x00	; 0
      0001FF 3E                     558 	.db #0x3e	; 62
      000200 FC                     559 	.db #0xfc	; 252
      000201 FC                     560 	.db #0xfc	; 252
      000202 7E                     561 	.db #0x7e	; 126
      000203 7E                     562 	.db #0x7e	; 126
      000204 10                     563 	.db #0x10	; 16
      000205 3F                     564 	.db #0x3f	; 63
      000206 30                     565 	.db #0x30	; 48	'0'
      000207 38                     566 	.db #0x38	; 56	'8'
      000208 70                     567 	.db #0x70	; 112	'p'
      000209 78                     568 	.db #0x78	; 120	'x'
      00020A 70                     569 	.db #0x70	; 112	'p'
      00020B 78                     570 	.db #0x78	; 120	'x'
      00020C 60                     571 	.db #0x60	; 96
      00020D 78                     572 	.db #0x78	; 120	'x'
      00020E 00                     573 	.db #0x00	; 0
      00020F 30                     574 	.db #0x30	; 48	'0'
      000210 24                     575 	.db #0x24	; 36
      000211 24                     576 	.db #0x24	; 36
      000212 66                     577 	.db #0x66	; 102	'f'
      000213 76                     578 	.db #0x76	; 118	'v'
      000214 4E                     579 	.db #0x4e	; 78	'N'
      000215 7F                     580 	.db #0x7f	; 127
      000216 CE                     581 	.db #0xce	; 206
      000217 EF                     582 	.db #0xef	; 239
      000218 DC                     583 	.db #0xdc	; 220
      000219 FF                     584 	.db #0xff	; 255
      00021A FC                     585 	.db #0xfc	; 252
      00021B FE                     586 	.db #0xfe	; 254
      00021C 78                     587 	.db #0x78	; 120	'x'
      00021D 7E                     588 	.db #0x7e	; 126
      00021E 00                     589 	.db #0x00	; 0
      00021F 3C                     590 	.db #0x3c	; 60
      000220 86                     591 	.db #0x86	; 134
      000221 86                     592 	.db #0x86	; 134
      000222 CE                     593 	.db #0xce	; 206
      000223 CF                     594 	.db #0xcf	; 207
      000224 5C                     595 	.db #0x5c	; 92
      000225 7F                     596 	.db #0x7f	; 127
      000226 78                     597 	.db #0x78	; 120	'x'
      000227 7E                     598 	.db #0x7e	; 126
      000228 78                     599 	.db #0x78	; 120	'x'
      000229 7C                     600 	.db #0x7c	; 124
      00022A 30                     601 	.db #0x30	; 48	'0'
      00022B 3C                     602 	.db #0x3c	; 60
      00022C 20                     603 	.db #0x20	; 32
      00022D 38                     604 	.db #0x38	; 56	'8'
      00022E 00                     605 	.db #0x00	; 0
      00022F 10                     606 	.db #0x10	; 16
      000230 92                     607 	.db #0x92	; 146
      000231 92                     608 	.db #0x92	; 146
      000232 B6                     609 	.db #0xb6	; 182
      000233 FF                     610 	.db #0xff	; 255
      000234 B6                     611 	.db #0xb6	; 182
      000235 FF                     612 	.db #0xff	; 255
      000236 FE                     613 	.db #0xfe	; 254
      000237 FF                     614 	.db #0xff	; 255
      000238 FC                     615 	.db #0xfc	; 252
      000239 FF                     616 	.db #0xff	; 255
      00023A DC                     617 	.db #0xdc	; 220
      00023B FE                     618 	.db #0xfe	; 254
      00023C 98                     619 	.db #0x98	; 152
      00023D FE                     620 	.db #0xfe	; 254
      00023E 00                     621 	.db #0x00	; 0
      00023F 4C                     622 	.db #0x4c	; 76	'L'
      000240 CC                     623 	.db #0xcc	; 204
      000241 CC                     624 	.db #0xcc	; 204
      000242 EE                     625 	.db #0xee	; 238
      000243 EE                     626 	.db #0xee	; 238
      000244 7C                     627 	.db #0x7c	; 124
      000245 7F                     628 	.db #0x7f	; 127
      000246 38                     629 	.db #0x38	; 56	'8'
      000247 3E                     630 	.db #0x3e	; 62
      000248 7C                     631 	.db #0x7c	; 124
      000249 7C                     632 	.db #0x7c	; 124
      00024A 4E                     633 	.db #0x4e	; 78	'N'
      00024B 7E                     634 	.db #0x7e	; 126
      00024C 82                     635 	.db #0x82	; 130
      00024D E7                     636 	.db #0xe7	; 231
      00024E 00                     637 	.db #0x00	; 0
      00024F 41                     638 	.db #0x41	; 65	'A'
      000250 C6                     639 	.db #0xc6	; 198
      000251 C6                     640 	.db #0xc6	; 198
      000252 6E                     641 	.db #0x6e	; 110	'n'
      000253 6F                     642 	.db #0x6f	; 111	'o'
      000254 1C                     643 	.db #0x1c	; 28
      000255 3F                     644 	.db #0x3f	; 63
      000256 18                     645 	.db #0x18	; 24
      000257 1E                     646 	.db #0x1e	; 30
      000258 38                     647 	.db #0x38	; 56	'8'
      000259 3C                     648 	.db #0x3c	; 60
      00025A 30                     649 	.db #0x30	; 48	'0'
      00025B 3C                     650 	.db #0x3c	; 60
      00025C 30                     651 	.db #0x30	; 48	'0'
      00025D 38                     652 	.db #0x38	; 56	'8'
      00025E 00                     653 	.db #0x00	; 0
      00025F 18                     654 	.db #0x18	; 24
      000260 9C                     655 	.db #0x9c	; 156
      000261 9C                     656 	.db #0x9c	; 156
      000262 FE                     657 	.db #0xfe	; 254
      000263 FE                     658 	.db #0xfe	; 254
      000264 4C                     659 	.db #0x4c	; 76	'L'
      000265 7F                     660 	.db #0x7f	; 127
      000266 10                     661 	.db #0x10	; 16
      000267 3E                     662 	.db #0x3e	; 62
      000268 2C                     663 	.db #0x2c	; 44
      000269 3C                     664 	.db #0x3c	; 60
      00026A FE                     665 	.db #0xfe	; 254
      00026B FE                     666 	.db #0xfe	; 254
      00026C 72                     667 	.db #0x72	; 114	'r'
      00026D 7F                     668 	.db #0x7f	; 127
      00026E 00                     669 	.db #0x00	; 0
      00026F 39                     670 	.db #0x39	; 57	'9'
      000270 00                     671 	.db #0x00	; 0
      000271 00                     672 	.db #0x00	; 0
      000272 00                     673 	.db #0x00	; 0
      000273 00                     674 	.db #0x00	; 0
      000274 00                     675 	.db #0x00	; 0
      000275 00                     676 	.db #0x00	; 0
      000276 FC                     677 	.db #0xfc	; 252
      000277 FC                     678 	.db #0xfc	; 252
      000278 7E                     679 	.db #0x7e	; 126
      000279 7E                     680 	.db #0x7e	; 126
      00027A 00                     681 	.db #0x00	; 0
      00027B 3F                     682 	.db #0x3f	; 63
      00027C 00                     683 	.db #0x00	; 0
      00027D 00                     684 	.db #0x00	; 0
      00027E 00                     685 	.db #0x00	; 0
      00027F 00                     686 	.db #0x00	; 0
      000280 08                     687 	.db #0x08	; 8
      000281 08                     688 	.db #0x08	; 8
      000282 2E                     689 	.db #0x2e	; 46
      000283 2E                     690 	.db #0x2e	; 46
      000284 7C                     691 	.db #0x7c	; 124
      000285 7F                     692 	.db #0x7f	; 127
      000286 EE                     693 	.db #0xee	; 238
      000287 FE                     694 	.db #0xfe	; 254
      000288 7C                     695 	.db #0x7c	; 124
      000289 7F                     696 	.db #0x7f	; 127
      00028A EC                     697 	.db #0xec	; 236
      00028B FE                     698 	.db #0xfe	; 254
      00028C 48                     699 	.db #0x48	; 72	'H'
      00028D 7E                     700 	.db #0x7e	; 126
      00028E 00                     701 	.db #0x00	; 0
      00028F 24                     702 	.db #0x24	; 36
      000290 3C                     703 	.db #0x3c	; 60
      000291 3C                     704 	.db #0x3c	; 60
      000292 46                     705 	.db #0x46	; 70	'F'
      000293 5E                     706 	.db #0x5e	; 94
      000294 4E                     707 	.db #0x4e	; 78	'N'
      000295 6F                     708 	.db #0x6f	; 111	'o'
      000296 18                     709 	.db #0x18	; 24
      000297 3F                     710 	.db #0x3f	; 63
      000298 10                     711 	.db #0x10	; 16
      000299 1C                     712 	.db #0x1c	; 28
      00029A 00                     713 	.db #0x00	; 0
      00029B 08                     714 	.db #0x08	; 8
      00029C 30                     715 	.db #0x30	; 48	'0'
      00029D 30                     716 	.db #0x30	; 48	'0'
      00029E 00                     717 	.db #0x00	; 0
      00029F 18                     718 	.db #0x18	; 24
      0002A0 1C                     719 	.db #0x1c	; 28
      0002A1 1C                     720 	.db #0x1c	; 28
      0002A2 3C                     721 	.db #0x3c	; 60
      0002A3 3E                     722 	.db #0x3e	; 62
      0002A4 38                     723 	.db #0x38	; 56	'8'
      0002A5 3E                     724 	.db #0x3e	; 62
      0002A6 30                     725 	.db #0x30	; 48	'0'
      0002A7 3C                     726 	.db #0x3c	; 60
      0002A8 00                     727 	.db #0x00	; 0
      0002A9 18                     728 	.db #0x18	; 24
      0002AA 60                     729 	.db #0x60	; 96
      0002AB 60                     730 	.db #0x60	; 96
      0002AC 60                     731 	.db #0x60	; 96
      0002AD 70                     732 	.db #0x70	; 112	'p'
      0002AE 00                     733 	.db #0x00	; 0
      0002AF 30                     734 	.db #0x30	; 48	'0'
      0002B0 7C                     735 	.db #0x7c	; 124
      0002B1 7C                     736 	.db #0x7c	; 124
      0002B2 C6                     737 	.db #0xc6	; 198
      0002B3 FE                     738 	.db #0xfe	; 254
      0002B4 BA                     739 	.db #0xba	; 186
      0002B5 FF                     740 	.db #0xff	; 255
      0002B6 A2                     741 	.db #0xa2	; 162
      0002B7 FF                     742 	.db #0xff	; 255
      0002B8 BA                     743 	.db #0xba	; 186
      0002B9 FF                     744 	.db #0xff	; 255
      0002BA C6                     745 	.db #0xc6	; 198
      0002BB FF                     746 	.db #0xff	; 255
      0002BC 7C                     747 	.db #0x7c	; 124
      0002BD 7F                     748 	.db #0x7f	; 127
      0002BE 00                     749 	.db #0x00	; 0
      0002BF 3E                     750 	.db #0x3e	; 62
      0002C0 6C                     751 	.db #0x6c	; 108	'l'
      0002C1 6C                     752 	.db #0x6c	; 108	'l'
      0002C2 FE                     753 	.db #0xfe	; 254
      0002C3 FE                     754 	.db #0xfe	; 254
      0002C4 FE                     755 	.db #0xfe	; 254
      0002C5 FF                     756 	.db #0xff	; 255
      0002C6 FC                     757 	.db #0xfc	; 252
      0002C7 FF                     758 	.db #0xff	; 255
      0002C8 78                     759 	.db #0x78	; 120	'x'
      0002C9 7E                     760 	.db #0x7e	; 126
      0002CA 70                     761 	.db #0x70	; 112	'p'
      0002CB 7C                     762 	.db #0x7c	; 124
      0002CC 20                     763 	.db #0x20	; 32
      0002CD 38                     764 	.db #0x38	; 56	'8'
      0002CE 00                     765 	.db #0x00	; 0
      0002CF 10                     766 	.db #0x10	; 16
      0002D0 00                     767 	.db #0x00	; 0
      0002D1 00                     768 	.db #0x00	; 0
      0002D2 00                     769 	.db #0x00	; 0
      0002D3 00                     770 	.db #0x00	; 0
      0002D4 00                     771 	.db #0x00	; 0
      0002D5 00                     772 	.db #0x00	; 0
      0002D6 30                     773 	.db #0x30	; 48	'0'
      0002D7 30                     774 	.db #0x30	; 48	'0'
      0002D8 18                     775 	.db #0x18	; 24
      0002D9 18                     776 	.db #0x18	; 24
      0002DA 18                     777 	.db #0x18	; 24
      0002DB 1C                     778 	.db #0x1c	; 28
      0002DC 10                     779 	.db #0x10	; 16
      0002DD 1C                     780 	.db #0x1c	; 28
      0002DE 00                     781 	.db #0x00	; 0
      0002DF 08                     782 	.db #0x08	; 8
      0002E0 00                     783 	.db #0x00	; 0
      0002E1 00                     784 	.db #0x00	; 0
      0002E2 00                     785 	.db #0x00	; 0
      0002E3 00                     786 	.db #0x00	; 0
      0002E4 00                     787 	.db #0x00	; 0
      0002E5 00                     788 	.db #0x00	; 0
      0002E6 00                     789 	.db #0x00	; 0
      0002E7 00                     790 	.db #0x00	; 0
      0002E8 00                     791 	.db #0x00	; 0
      0002E9 00                     792 	.db #0x00	; 0
      0002EA 30                     793 	.db #0x30	; 48	'0'
      0002EB 30                     794 	.db #0x30	; 48	'0'
      0002EC 30                     795 	.db #0x30	; 48	'0'
      0002ED 38                     796 	.db #0x38	; 56	'8'
      0002EE 00                     797 	.db #0x00	; 0
      0002EF 18                     798 	.db #0x18	; 24
      0002F0 30                     799 	.db #0x30	; 48	'0'
      0002F1 30                     800 	.db #0x30	; 48	'0'
      0002F2 18                     801 	.db #0x18	; 24
      0002F3 18                     802 	.db #0x18	; 24
      0002F4 00                     803 	.db #0x00	; 0
      0002F5 0C                     804 	.db #0x0c	; 12
      0002F6 00                     805 	.db #0x00	; 0
      0002F7 00                     806 	.db #0x00	; 0
      0002F8 30                     807 	.db #0x30	; 48	'0'
      0002F9 30                     808 	.db #0x30	; 48	'0'
      0002FA 18                     809 	.db #0x18	; 24
      0002FB 18                     810 	.db #0x18	; 24
      0002FC 00                     811 	.db #0x00	; 0
      0002FD 0C                     812 	.db #0x0c	; 12
      0002FE 00                     813 	.db #0x00	; 0
      0002FF 00                     814 	.db #0x00	; 0
      000300 00                     815 	.db #0x00	; 0
      000301 00                     816 	.db #0x00	; 0
      000302 FC                     817 	.db #0xfc	; 252
      000303 FC                     818 	.db #0xfc	; 252
      000304 7E                     819 	.db #0x7e	; 126
      000305 7E                     820 	.db #0x7e	; 126
      000306 00                     821 	.db #0x00	; 0
      000307 3F                     822 	.db #0x3f	; 63
      000308 FC                     823 	.db #0xfc	; 252
      000309 FC                     824 	.db #0xfc	; 252
      00030A 7E                     825 	.db #0x7e	; 126
      00030B 7E                     826 	.db #0x7e	; 126
      00030C 00                     827 	.db #0x00	; 0
      00030D 3F                     828 	.db #0x3f	; 63
      00030E 00                     829 	.db #0x00	; 0
      00030F 00                     830 	.db #0x00	; 0
      000310 00                     831 	.db #0x00	; 0
      000311 00                     832 	.db #0x00	; 0
      000312 81                     833 	.db #0x81	; 129
      000313 81                     834 	.db #0x81	; 129
      000314 41                     835 	.db #0x41	; 65	'A'
      000315 41                     836 	.db #0x41	; 65	'A'
      000316 21                     837 	.db #0x21	; 33
      000317 21                     838 	.db #0x21	; 33
      000318 11                     839 	.db #0x11	; 17
      000319 11                     840 	.db #0x11	; 17
      00031A 09                     841 	.db #0x09	; 9
      00031B 09                     842 	.db #0x09	; 9
      00031C 05                     843 	.db #0x05	; 5
      00031D 05                     844 	.db #0x05	; 5
      00031E 03                     845 	.db #0x03	; 3
      00031F 03                     846 	.db #0x03	; 3
      000320 00                     847 	.db #0x00	; 0
      000321 00                     848 	.db #0x00	; 0
      000322 03                     849 	.db #0x03	; 3
      000323 03                     850 	.db #0x03	; 3
      000324 05                     851 	.db #0x05	; 5
      000325 05                     852 	.db #0x05	; 5
      000326 09                     853 	.db #0x09	; 9
      000327 09                     854 	.db #0x09	; 9
      000328 11                     855 	.db #0x11	; 17
      000329 11                     856 	.db #0x11	; 17
      00032A 21                     857 	.db #0x21	; 33
      00032B 21                     858 	.db #0x21	; 33
      00032C 41                     859 	.db #0x41	; 65	'A'
      00032D 41                     860 	.db #0x41	; 65	'A'
      00032E 81                     861 	.db #0x81	; 129
      00032F 81                     862 	.db #0x81	; 129
      000330 00                     863 	.db #0x00	; 0
      000331 60                     864 	.db #0x60	; 96
      000332 00                     865 	.db #0x00	; 0
      000333 30                     866 	.db #0x30	; 48	'0'
      000334 00                     867 	.db #0x00	; 0
      000335 30                     868 	.db #0x30	; 48	'0'
      000336 00                     869 	.db #0x00	; 0
      000337 60                     870 	.db #0x60	; 96
      000338 00                     871 	.db #0x00	; 0
      000339 60                     872 	.db #0x60	; 96
      00033A 00                     873 	.db #0x00	; 0
      00033B FC                     874 	.db #0xfc	; 252
      00033C 00                     875 	.db #0x00	; 0
      00033D 8E                     876 	.db #0x8e	; 142
      00033E 00                     877 	.db #0x00	; 0
      00033F 00                     878 	.db #0x00	; 0
      000340 00                     879 	.db #0x00	; 0
      000341 DC                     880 	.db #0xdc	; 220
      000342 00                     881 	.db #0x00	; 0
      000343 66                     882 	.db #0x66	; 102	'f'
      000344 00                     883 	.db #0x00	; 0
      000345 66                     884 	.db #0x66	; 102	'f'
      000346 00                     885 	.db #0x00	; 0
      000347 78                     886 	.db #0x78	; 120	'x'
      000348 00                     887 	.db #0x00	; 0
      000349 EC                     888 	.db #0xec	; 236
      00034A 00                     889 	.db #0x00	; 0
      00034B EE                     890 	.db #0xee	; 238
      00034C 00                     891 	.db #0x00	; 0
      00034D C6                     892 	.db #0xc6	; 198
      00034E 00                     893 	.db #0x00	; 0
      00034F 00                     894 	.db #0x00	; 0
      000350 00                     895 	.db #0x00	; 0
      000351 00                     896 	.db #0x00	; 0
      000352 00                     897 	.db #0x00	; 0
      000353 00                     898 	.db #0x00	; 0
      000354 25                     899 	.db #0x25	; 37
      000355 25                     900 	.db #0x25	; 37
      000356 55                     901 	.db #0x55	; 85	'U'
      000357 55                     902 	.db #0x55	; 85	'U'
      000358 56                     903 	.db #0x56	; 86	'V'
      000359 56                     904 	.db #0x56	; 86	'V'
      00035A 55                     905 	.db #0x55	; 85	'U'
      00035B 55                     906 	.db #0x55	; 85	'U'
      00035C 25                     907 	.db #0x25	; 37
      00035D 25                     908 	.db #0x25	; 37
      00035E 00                     909 	.db #0x00	; 0
      00035F 00                     910 	.db #0x00	; 0
      000360 00                     911 	.db #0x00	; 0
      000361 00                     912 	.db #0x00	; 0
      000362 00                     913 	.db #0x00	; 0
      000363 00                     914 	.db #0x00	; 0
      000364 10                     915 	.db #0x10	; 16
      000365 10                     916 	.db #0x10	; 16
      000366 3E                     917 	.db #0x3e	; 62
      000367 3E                     918 	.db #0x3e	; 62
      000368 7E                     919 	.db #0x7e	; 126
      000369 7E                     920 	.db #0x7e	; 126
      00036A 3E                     921 	.db #0x3e	; 62
      00036B 3E                     922 	.db #0x3e	; 62
      00036C 10                     923 	.db #0x10	; 16
      00036D 10                     924 	.db #0x10	; 16
      00036E 00                     925 	.db #0x00	; 0
      00036F 00                     926 	.db #0x00	; 0
      000370 02                     927 	.db #0x02	; 2
      000371 02                     928 	.db #0x02	; 2
      000372 05                     929 	.db #0x05	; 5
      000373 07                     930 	.db #0x07	; 7
      000374 05                     931 	.db #0x05	; 5
      000375 8D                     932 	.db #0x8d	; 141
      000376 88                     933 	.db #0x88	; 136
      000377 8D                     934 	.db #0x8d	; 141
      000378 88                     935 	.db #0x88	; 136
      000379 D8                     936 	.db #0xd8	; 216
      00037A 50                     937 	.db #0x50	; 80	'P'
      00037B D8                     938 	.db #0xd8	; 216
      00037C 50                     939 	.db #0x50	; 80	'P'
      00037D 70                     940 	.db #0x70	; 112	'p'
      00037E 20                     941 	.db #0x20	; 32
      00037F 20                     942 	.db #0x20	; 32
      000380 20                     943 	.db #0x20	; 32
      000381 20                     944 	.db #0x20	; 32
      000382 50                     945 	.db #0x50	; 80	'P'
      000383 70                     946 	.db #0x70	; 112	'p'
      000384 50                     947 	.db #0x50	; 80	'P'
      000385 D8                     948 	.db #0xd8	; 216
      000386 88                     949 	.db #0x88	; 136
      000387 D8                     950 	.db #0xd8	; 216
      000388 88                     951 	.db #0x88	; 136
      000389 8D                     952 	.db #0x8d	; 141
      00038A 05                     953 	.db #0x05	; 5
      00038B 0D                     954 	.db #0x0d	; 13
      00038C 05                     955 	.db #0x05	; 5
      00038D 07                     956 	.db #0x07	; 7
      00038E 02                     957 	.db #0x02	; 2
      00038F 02                     958 	.db #0x02	; 2
      000390 00                     959 	.db #0x00	; 0
      000391 00                     960 	.db #0x00	; 0
      000392 1F                     961 	.db #0x1f	; 31
      000393 1F                     962 	.db #0x1f	; 31
      000394 11                     963 	.db #0x11	; 17
      000395 11                     964 	.db #0x11	; 17
      000396 11                     965 	.db #0x11	; 17
      000397 11                     966 	.db #0x11	; 17
      000398 11                     967 	.db #0x11	; 17
      000399 11                     968 	.db #0x11	; 17
      00039A 11                     969 	.db #0x11	; 17
      00039B 11                     970 	.db #0x11	; 17
      00039C 11                     971 	.db #0x11	; 17
      00039D 11                     972 	.db #0x11	; 17
      00039E F1                     973 	.db #0xf1	; 241
      00039F F1                     974 	.db #0xf1	; 241
      0003A0 00                     975 	.db #0x00	; 0
      0003A1 00                     976 	.db #0x00	; 0
      0003A2 F1                     977 	.db #0xf1	; 241
      0003A3 F1                     978 	.db #0xf1	; 241
      0003A4 11                     979 	.db #0x11	; 17
      0003A5 11                     980 	.db #0x11	; 17
      0003A6 11                     981 	.db #0x11	; 17
      0003A7 11                     982 	.db #0x11	; 17
      0003A8 11                     983 	.db #0x11	; 17
      0003A9 11                     984 	.db #0x11	; 17
      0003AA 11                     985 	.db #0x11	; 17
      0003AB 11                     986 	.db #0x11	; 17
      0003AC 11                     987 	.db #0x11	; 17
      0003AD 11                     988 	.db #0x11	; 17
      0003AE 1F                     989 	.db #0x1f	; 31
      0003AF 1F                     990 	.db #0x1f	; 31
      0003B0 20                     991 	.db #0x20	; 32
      0003B1 20                     992 	.db #0x20	; 32
      0003B2 30                     993 	.db #0x30	; 48	'0'
      0003B3 30                     994 	.db #0x30	; 48	'0'
      0003B4 FC                     995 	.db #0xfc	; 252
      0003B5 FC                     996 	.db #0xfc	; 252
      0003B6 7E                     997 	.db #0x7e	; 126
      0003B7 7E                     998 	.db #0x7e	; 126
      0003B8 30                     999 	.db #0x30	; 48	'0'
      0003B9 3F                    1000 	.db #0x3f	; 63
      0003BA 30                    1001 	.db #0x30	; 48	'0'
      0003BB 38                    1002 	.db #0x38	; 56	'8'
      0003BC 20                    1003 	.db #0x20	; 32
      0003BD 38                    1004 	.db #0x38	; 56	'8'
      0003BE 00                    1005 	.db #0x00	; 0
      0003BF 10                    1006 	.db #0x10	; 16
      0003C0 10                    1007 	.db #0x10	; 16
      0003C1 10                    1008 	.db #0x10	; 16
      0003C2 20                    1009 	.db #0x20	; 32
      0003C3 28                    1010 	.db #0x28	; 40
      0003C4 60                    1011 	.db #0x60	; 96
      0003C5 70                    1012 	.db #0x70	; 112	'p'
      0003C6 60                    1013 	.db #0x60	; 96
      0003C7 70                    1014 	.db #0x70	; 112	'p'
      0003C8 60                    1015 	.db #0x60	; 96
      0003C9 70                    1016 	.db #0x70	; 112	'p'
      0003CA 70                    1017 	.db #0x70	; 112	'p'
      0003CB 70                    1018 	.db #0x70	; 112	'p'
      0003CC 38                    1019 	.db #0x38	; 56	'8'
      0003CD 38                    1020 	.db #0x38	; 56	'8'
      0003CE 00                    1021 	.db #0x00	; 0
      0003CF 1C                    1022 	.db #0x1c	; 28
      0003D0 00                    1023 	.db #0x00	; 0
      0003D1 00                    1024 	.db #0x00	; 0
      0003D2 E0                    1025 	.db #0xe0	; 224
      0003D3 E0                    1026 	.db #0xe0	; 224
      0003D4 A0                    1027 	.db #0xa0	; 160
      0003D5 A0                    1028 	.db #0xa0	; 160
      0003D6 A0                    1029 	.db #0xa0	; 160
      0003D7 A0                    1030 	.db #0xa0	; 160
      0003D8 A0                    1031 	.db #0xa0	; 160
      0003D9 A0                    1032 	.db #0xa0	; 160
      0003DA A0                    1033 	.db #0xa0	; 160
      0003DB A0                    1034 	.db #0xa0	; 160
      0003DC A0                    1035 	.db #0xa0	; 160
      0003DD A0                    1036 	.db #0xa0	; 160
      0003DE BF                    1037 	.db #0xbf	; 191
      0003DF BF                    1038 	.db #0xbf	; 191
      0003E0 00                    1039 	.db #0x00	; 0
      0003E1 00                    1040 	.db #0x00	; 0
      0003E2 F8                    1041 	.db #0xf8	; 248
      0003E3 F8                    1042 	.db #0xf8	; 248
      0003E4 88                    1043 	.db #0x88	; 136
      0003E5 88                    1044 	.db #0x88	; 136
      0003E6 88                    1045 	.db #0x88	; 136
      0003E7 88                    1046 	.db #0x88	; 136
      0003E8 88                    1047 	.db #0x88	; 136
      0003E9 88                    1048 	.db #0x88	; 136
      0003EA 88                    1049 	.db #0x88	; 136
      0003EB 88                    1050 	.db #0x88	; 136
      0003EC 88                    1051 	.db #0x88	; 136
      0003ED 88                    1052 	.db #0x88	; 136
      0003EE 8F                    1053 	.db #0x8f	; 143
      0003EF 8F                    1054 	.db #0x8f	; 143
      0003F0 00                    1055 	.db #0x00	; 0
      0003F1 00                    1056 	.db #0x00	; 0
      0003F2 FF                    1057 	.db #0xff	; 255
      0003F3 FF                    1058 	.db #0xff	; 255
      0003F4 81                    1059 	.db #0x81	; 129
      0003F5 81                    1060 	.db #0x81	; 129
      0003F6 81                    1061 	.db #0x81	; 129
      0003F7 81                    1062 	.db #0x81	; 129
      0003F8 81                    1063 	.db #0x81	; 129
      0003F9 81                    1064 	.db #0x81	; 129
      0003FA 81                    1065 	.db #0x81	; 129
      0003FB 81                    1066 	.db #0x81	; 129
      0003FC 81                    1067 	.db #0x81	; 129
      0003FD 81                    1068 	.db #0x81	; 129
      0003FE 81                    1069 	.db #0x81	; 129
      0003FF 81                    1070 	.db #0x81	; 129
      000400 00                    1071 	.db #0x00	; 0
      000401 00                    1072 	.db #0x00	; 0
      000402 00                    1073 	.db #0x00	; 0
      000403 00                    1074 	.db #0x00	; 0
      000404 00                    1075 	.db #0x00	; 0
      000405 00                    1076 	.db #0x00	; 0
      000406 00                    1077 	.db #0x00	; 0
      000407 00                    1078 	.db #0x00	; 0
      000408 00                    1079 	.db #0x00	; 0
      000409 00                    1080 	.db #0x00	; 0
      00040A 00                    1081 	.db #0x00	; 0
      00040B 00                    1082 	.db #0x00	; 0
      00040C 00                    1083 	.db #0x00	; 0
      00040D 00                    1084 	.db #0x00	; 0
      00040E FF                    1085 	.db #0xff	; 255
      00040F FF                    1086 	.db #0xff	; 255
      000410 00                    1087 	.db #0x00	; 0
      000411 00                    1088 	.db #0x00	; 0
      000412 FF                    1089 	.db #0xff	; 255
      000413 FF                    1090 	.db #0xff	; 255
      000414 80                    1091 	.db #0x80	; 128
      000415 80                    1092 	.db #0x80	; 128
      000416 80                    1093 	.db #0x80	; 128
      000417 80                    1094 	.db #0x80	; 128
      000418 80                    1095 	.db #0x80	; 128
      000419 80                    1096 	.db #0x80	; 128
      00041A 80                    1097 	.db #0x80	; 128
      00041B 80                    1098 	.db #0x80	; 128
      00041C 80                    1099 	.db #0x80	; 128
      00041D 80                    1100 	.db #0x80	; 128
      00041E 80                    1101 	.db #0x80	; 128
      00041F 80                    1102 	.db #0x80	; 128
      000420 00                    1103 	.db #0x00	; 0
      000421 00                    1104 	.db #0x00	; 0
      000422 F0                    1105 	.db #0xf0	; 240
      000423 F0                    1106 	.db #0xf0	; 240
      000424 10                    1107 	.db #0x10	; 16
      000425 10                    1108 	.db #0x10	; 16
      000426 10                    1109 	.db #0x10	; 16
      000427 10                    1110 	.db #0x10	; 16
      000428 10                    1111 	.db #0x10	; 16
      000429 10                    1112 	.db #0x10	; 16
      00042A 10                    1113 	.db #0x10	; 16
      00042B 10                    1114 	.db #0x10	; 16
      00042C 10                    1115 	.db #0x10	; 16
      00042D 10                    1116 	.db #0x10	; 16
      00042E 1F                    1117 	.db #0x1f	; 31
      00042F 1F                    1118 	.db #0x1f	; 31
      000430 C2                    1119 	.db #0xc2	; 194
      000431 C2                    1120 	.db #0xc2	; 194
      000432 C4                    1121 	.db #0xc4	; 196
      000433 E5                    1122 	.db #0xe5	; 229
      000434 0C                    1123 	.db #0x0c	; 12
      000435 6E                    1124 	.db #0x6e	; 110	'n'
      000436 38                    1125 	.db #0x38	; 56	'8'
      000437 3E                    1126 	.db #0x3e	; 62
      000438 70                    1127 	.db #0x70	; 112	'p'
      000439 7C                    1128 	.db #0x7c	; 124
      00043A E6                    1129 	.db #0xe6	; 230
      00043B FE                    1130 	.db #0xfe	; 254
      00043C C6                    1131 	.db #0xc6	; 198
      00043D F7                    1132 	.db #0xf7	; 247
      00043E 00                    1133 	.db #0x00	; 0
      00043F 63                    1134 	.db #0x63	; 99	'c'
      000440 38                    1135 	.db #0x38	; 56	'8'
      000441 38                    1136 	.db #0x38	; 56	'8'
      000442 1C                    1137 	.db #0x1c	; 28
      000443 1C                    1138 	.db #0x1c	; 28
      000444 0C                    1139 	.db #0x0c	; 12
      000445 0E                    1140 	.db #0x0e	; 14
      000446 0C                    1141 	.db #0x0c	; 12
      000447 0E                    1142 	.db #0x0e	; 14
      000448 0C                    1143 	.db #0x0c	; 12
      000449 0E                    1144 	.db #0x0e	; 14
      00044A 08                    1145 	.db #0x08	; 8
      00044B 0E                    1146 	.db #0x0e	; 14
      00044C 10                    1147 	.db #0x10	; 16
      00044D 14                    1148 	.db #0x14	; 20
      00044E 00                    1149 	.db #0x00	; 0
      00044F 08                    1150 	.db #0x08	; 8
      000450 30                    1151 	.db #0x30	; 48	'0'
      000451 30                    1152 	.db #0x30	; 48	'0'
      000452 18                    1153 	.db #0x18	; 24
      000453 18                    1154 	.db #0x18	; 24
      000454 00                    1155 	.db #0x00	; 0
      000455 0C                    1156 	.db #0x0c	; 12
      000456 30                    1157 	.db #0x30	; 48	'0'
      000457 30                    1158 	.db #0x30	; 48	'0'
      000458 18                    1159 	.db #0x18	; 24
      000459 18                    1160 	.db #0x18	; 24
      00045A 18                    1161 	.db #0x18	; 24
      00045B 1C                    1162 	.db #0x1c	; 28
      00045C 10                    1163 	.db #0x10	; 16
      00045D 1C                    1164 	.db #0x1c	; 28
      00045E 00                    1165 	.db #0x00	; 0
      00045F 08                    1166 	.db #0x08	; 8
      000460 06                    1167 	.db #0x06	; 6
      000461 06                    1168 	.db #0x06	; 6
      000462 0E                    1169 	.db #0x0e	; 14
      000463 0F                    1170 	.db #0x0f	; 15
      000464 0C                    1171 	.db #0x0c	; 12
      000465 0F                    1172 	.db #0x0f	; 15
      000466 18                    1173 	.db #0x18	; 24
      000467 1E                    1174 	.db #0x1e	; 30
      000468 30                    1175 	.db #0x30	; 48	'0'
      000469 3C                    1176 	.db #0x3c	; 60
      00046A 20                    1177 	.db #0x20	; 32
      00046B 38                    1178 	.db #0x38	; 56	'8'
      00046C 40                    1179 	.db #0x40	; 64
      00046D 50                    1180 	.db #0x50	; 80	'P'
      00046E 00                    1181 	.db #0x00	; 0
      00046F 20                    1182 	.db #0x20	; 32
      000470 00                    1183 	.db #0x00	; 0
      000471 00                    1184 	.db #0x00	; 0
      000472 00                    1185 	.db #0x00	; 0
      000473 00                    1186 	.db #0x00	; 0
      000474 00                    1187 	.db #0x00	; 0
      000475 00                    1188 	.db #0x00	; 0
      000476 00                    1189 	.db #0x00	; 0
      000477 00                    1190 	.db #0x00	; 0
      000478 00                    1191 	.db #0x00	; 0
      000479 00                    1192 	.db #0x00	; 0
      00047A 00                    1193 	.db #0x00	; 0
      00047B 00                    1194 	.db #0x00	; 0
      00047C 00                    1195 	.db #0x00	; 0
      00047D 00                    1196 	.db #0x00	; 0
      00047E 00                    1197 	.db #0x00	; 0
      00047F 00                    1198 	.db #0x00	; 0
                                   1199 	.area _INITIALIZER
                                   1200 	.area _CABS (ABS)
