make all --print-data-base --no-builtin-variables --no-builtin-rules --question
make: *** No rule to make target 'all'.  Stop.

# GNU Make 4.2.1
# Built for x86_64-pc-linux-gnu
# Copyright (C) 1988-2016 Free Software Foundation, Inc.
# License GPLv3+: GNU GPL version 3 or later <http://gnu.org/licenses/gpl.html>
# This is free software: you are free to change and redistribute it.
# There is NO WARRANTY, to the extent permitted by law.

# Make data base, printed on Mon Apr  4 11:09:48 2022

# Variables

# 'override' directive
GNUMAKEFLAGS := 
# automatic
<D = $(patsubst %/,%,$(dir $<))
# makefile (from 'Makefile', line 13)
WINE := wine
# automatic
?F = $(notdir $?)
# environment
DESKTOP_SESSION = ubuntu
# default
.SHELLFLAGS := -c
# environment
XDG_SESSION_CLASS = user
# environment
XDG_SESSION_TYPE = x11
# environment
VSCODE_LOG_NATIVE = false
# automatic
?D = $(patsubst %/,%,$(dir $?))
# environment
IM_CONFIG_PHASE = 1
# automatic
@D = $(patsubst %/,%,$(dir $@))
# environment
XAUTHORITY = /run/user/1001/gdm/Xauthority
# environment
GDMSESSION = ubuntu
# environment
XMODIFIERS = @im=ibus
# makefile
CURDIR := /home/agrobenj/MIE438_Project
# makefile
SHELL = /bin/sh
# environment
VSCODE_NLS_CONFIG = {"locale":"en-gb","availableLanguages":{},"_languagePackSupport":true}
# environment
_ = /usr/share/code/code
# environment
JOURNAL_STREAM = 9:55870
# environment
XDG_CONFIG_DIRS = /etc/xdg/xdg-ubuntu:/etc/xdg
# makefile (from 'Makefile', line 1)
MAKEFILE_LIST :=  Makefile
# automatic
@F = $(notdir $@)
# environment
GIO_LAUNCHED_DESKTOP_FILE = /usr/share/applications/code.desktop
# environment
USERNAME = agrobenj
# environment
XDG_DATA_DIRS = /usr/share/ubuntu:/home/agrobenj/.local/share/flatpak/exports/share:/var/lib/flatpak/exports/share:/usr/local/share/:/usr/share/:/var/lib/snapd/desktop
# environment
DBUS_SESSION_BUS_ADDRESS = unix:path=/run/user/1001/bus
# environment
VSCODE_VERBOSE_LOGGING = true
# environment
INFOPATH = /home/linuxbrew/.linuxbrew/share/info:/home/linuxbrew/.linuxbrew/share/info:
# environment
MANAGERPID = 2422
# environment
LESSOPEN = | /usr/bin/lesspipe %s
# environment
VSCODE_CWD = /home/agrobenj
# default
MAKE_HOST := x86_64-pc-linux-gnu
# environment
PATH = /home/linuxbrew/.linuxbrew/bin:/home/linuxbrew/.linuxbrew/sbin:/home/agrobenj/.local/bin:/home/agrobenj/BlitzTools:/home/agrobenj/miniconda3/bin:/home/agrobenj/miniconda3/condabin:/opt/devkitpro/tools/bin:/home/linuxbrew/.linuxbrew/bin:/home/linuxbrew/.linuxbrew/sbin:/home/agrobenj/.local/bin:/opt/devkitpro/tools/bin:/usr/local/sbin:/usr/local/bin:/usr/sbin:/usr/bin:/sbin:/bin:/usr/games:/usr/local/games:/snap/bin
# environment
GPG_AGENT_INFO = /run/user/1001/gnupg/S.gpg-agent:0:1
# environment
SESSION_MANAGER = local/grogu2:@/tmp/.ICE-unix/2711,unix/grogu2:/tmp/.ICE-unix/2711
# environment
XDG_RUNTIME_DIR = /run/user/1001
# default
.INCLUDE_DIRS = /usr/include /usr/local/include /usr/include
# environment
CONDA_PREFIX = /home/agrobenj/miniconda3
# environment
XDG_MENU_PREFIX = gnome-
# environment
VSCODE_LOG_STACK = false
# environment
DESKTOP_MODE = 1
# environment
ELECTRON_RUN_AS_NODE = 1
# environment
INVOCATION_ID = 985d1fc577804f04a0759a1b62aa3cad
# default
.FEATURES := target-specific order-only second-expansion else-if shortest-stem undefine oneshell archives jobserver output-sync check-symlink load
# environment
LS_COLORS = 
# environment
XDG_SESSION_DESKTOP = ubuntu
# environment
SSH_AUTH_SOCK = /run/user/1001/keyring/ssh
# environment
GIO_LAUNCHED_DESKTOP_FILE_PID = 777420
# automatic
%F = $(notdir $%)
# environment
DISPLAY = :1
# environment
CONDA_EXE = /home/agrobenj/miniconda3/bin/conda
# environment
VSCODE_PIPE_LOGGING = true
# environment
PWD = /home/agrobenj/MIE438_Project
# default
.LOADED := 
# environment
SSH_AGENT_PID = 2674
# environment
ORIGINAL_XDG_CURRENT_DESKTOP = ubuntu:GNOME
# environment
GTK_MODULES = gail:atk-bridge
# environment
MANPATH = /home/linuxbrew/.linuxbrew/share/man:/home/linuxbrew/.linuxbrew/share/man::
# environment
VSCODE_AMD_ENTRYPOINT = vs/workbench/api/node/extensionHostProcess
# environment
HOME = /home/agrobenj
# environment
HOMEBREW_CELLAR = /home/linuxbrew/.linuxbrew/Cellar
# environment
VSCODE_CODE_CACHE_PATH = /home/agrobenj/.config/Code/CachedData/e18005f0f1b33c29e81d732535d8c0e47cafb0b5
# environment
LOGNAME = agrobenj
# environment
APPLICATION_INSIGHTS_NO_DIAGNOSTIC_CHANNEL = 1
# environment
CONDA_PROMPT_MODIFIER = (base) 
# environment
LESSCLOSE = /usr/bin/lesspipe %s %s
# environment
VSCODE_HANDLES_UNCAUGHT_ERRORS = true
# environment
GNOME_DESKTOP_SESSION_ID = this-is-deprecated
# automatic
^D = $(patsubst %/,%,$(dir $^))
# environment
DEVKITPRO = /opt/devkitpro
# environment
MAKELEVEL := 0
# environment
CONDA_DEFAULT_ENV = base
# default
MAKE = $(MAKE_COMMAND)
# default
MAKECMDGOALS := all
# environment
QT_IM_MODULE = ibus
# environment
DEVKITARM = /opt/devkitpro/devkitARM
# environment
SHLVL = 0
# makefile (from 'Makefile', line 1)
CC = ../gbdk/bin/lcc
# environment
GNOME_SHELL_SESSION_MODE = ubuntu
# environment
VSCODE_IPC_HOOK_EXTHOST = /run/user/1001/vscode-ipc-0bfa3fbe-bc86-4bee-9e46-351cf93cef77.sock
# default
MAKE_VERSION := 4.2.1
# environment
USER = agrobenj
# makefile
.DEFAULT_GOAL := make
# environment
XDG_CURRENT_DESKTOP = Unity
# automatic
%D = $(patsubst %/,%,$(dir $%))
# environment
CONDA_SHLVL = 1
# default
MAKE_COMMAND := make
# default
.VARIABLES := 
# automatic
*F = $(notdir $*)
# environment
LANGUAGE = en_CA:en
# environment
VSCODE_IPC_HOOK = /run/user/1001/vscode-45fde29c-1.66.0-main.sock
# makefile
MAKEFLAGS = pqrR
# environment
MFLAGS = -pqrR
# automatic
*D = $(patsubst %/,%,$(dir $*))
# environment
HOMEBREW_PREFIX = /home/linuxbrew/.linuxbrew
# automatic
+D = $(patsubst %/,%,$(dir $+))
# environment
GDK_BACKEND = x11
# automatic
+F = $(notdir $+)
# environment
HOMEBREW_REPOSITORY = /home/linuxbrew/.linuxbrew/Homebrew
# environment
QT_ACCESSIBILITY = 1
# default
MAKEFILES := 
# automatic
<F = $(notdir $<)
# environment
LC_ALL = C
# environment
CONDA_PYTHON_EXE = /home/agrobenj/miniconda3/bin/python
# environment
GJS_DEBUG_TOPICS = JS ERROR;JS LOG
# automatic
^F = $(notdir $^)
# default
SUFFIXES := 
# environment
_CE_M = 
# environment
CHROME_DESKTOP = code-url-handler.desktop
# environment
WINDOWPATH = 2
# environment
DEVKITPPC = /opt/devkitpro/devkitPPC
# environment
GJS_DEBUG_OUTPUT = stderr
# default
.RECIPEPREFIX := 
# environment
LANG = C
# environment
VSCODE_PID = 777420
# environment
_CE_CONDA = 
# variable set hash-table stats:
# Load=117/1024=11%, Rehash=0, Collisions=22/143=15%

# Pattern-specific Variable Values

# No pattern-specific variable values.

# Directories

# . (device 66307, inode 12587739): 19 files, no impossibilities.

# 19 files, no impossibilities in 1 directories.

# Implicit Rules

# No implicit rules.

# Files

# Not a target:
all:
#  Command line target.
#  Implicit rule search has been done.
#  File does not exist.
#  File has not been updated.

# Not a target:
Makefile:
#  Implicit rule search has been done.
#  Last modified 2022-04-04 11:09:44.17847457
#  File has been updated.
#  Successfully updated.

# Not a target:
.DEFAULT:
#  Implicit rule search has not been done.
#  Modification time never checked.
#  File has not been updated.

make:
#  Implicit rule search has not been done.
#  Modification time never checked.
#  File has not been updated.
#  recipe to execute (from 'Makefile', line 16):
	$(WINE) music/mod2gbt music/song_gdash.mod song 2
	$(CC) -Wa-l -Wl-m -Wl-j -Wf-bo2 -c -o build/music_output.o output.c 
	$(CC) -Wa-l -Wf-bo2 -c -o build/tiles.o tiles.c
	$(CC) -Wa-l -Wf-bo3 -c -o build/title_map.o sprites/title_map_v2.c
	$(CC) -Wa-l -Wf-bo3 -c -o build/level1.o sprites/level1_v2.c
	$(CC) -Wa-l -Wf-bo4 -c -o build/level2.o sprites/level2.c
	$(CC) -Wa-l -Wf-bo4 -c -o build/level3.o sprites/level3.c
	$(CC) -Wa-l -Wf-bo0 -c -o build/geometry_boy.o geometry_boy.c
	$(CC) -c -o build/gbt_player.o music/gbt_player.s
	$(CC) -c -o build/gbt_player_bank1.o music/gbt_player_bank1.s
	
	$(CC) -Wl-m -Wl-yt3 -Wl-yo8 -Wl-ya4 -o geometry_boy.gb build/title_map.o build/level1.o build/level2.o build/level3.o build/geometry_boy.o build/music_output.o build/gbt_player.o build/gbt_player_bank1.o build/tiles.o
	rm -f *.sym

clean:
#  Implicit rule search has not been done.
#  Modification time never checked.
#  File has not been updated.
#  recipe to execute (from 'Makefile', line 32):
	rm -f *.o *.lst *.map *.gb *~ *.rel *.cdb *.ihx *.lnk *.sym *.asm *.noi *.sav
	rm -f build/*.o build/*.lst build/*.map build/*.gb build/*~ build/*.rel build/*.cdb build/*.ihx build/*.lnk build/*.sym build/*.asm build/*.noi build/*.sav

# files hash-table stats:
# Load=6/1024=1%, Rehash=0, Collisions=0/16=0%
# VPATH Search Paths

# No 'vpath' search paths.

# No general ('VPATH' variable) search path.

# strcache buffers: 1 (0) / strings = 26 / storage = 236 B / avg = 9 B
# current buf: size = 8162 B / used = 236 B / count = 26 / avg = 9 B

# strcache performance: lookups = 32 / hit rate = 18%
# hash-table stats:
 
# Load=26/8192=0%, Rehash=0, Collisions=1/32=3%
# Finished Make data base on Mon Apr  4 11:09:48 2022

 
